  Using 'git status' to determine working set for adaptive non-unity build (C:\Users\Malik\Documents\GitHub\BulletEncore).
  Creating makefile for BulletEncoreProjectEditor (ini files are newer than makefile)
  Parsing headers for BulletEncoreProjectEditor
    Running UnrealHeaderTool "C:\Users\Malik\Documents\GitHub\BulletEncore\BulletEncoreProject\BulletEncoreProject.uproject" "C:\Users\Malik\Documents\GitHub\BulletEncore\BulletEncoreProject\Intermediate\Build\Win64\BulletEncoreProjectEditor\Development\BulletEncoreProjectEditor.uhtmanifest" -LogCmds="loginit warning, logexit warning, logdatabase error" -Unattended -WarningsAsErrors -installed
  Reflection code generated for BulletEncoreProjectEditor in 6.9035078 seconds
  Using Visual Studio 2017 14.16.27023 toolchain (C:\Program Files (x86)\Microsoft Visual Studio\2017\Community\VC\Tools\MSVC\14.16.27023) and Windows 10.0.16299.0 SDK (C:\Program Files (x86)\Windows Kits\10).
  Distributing 4 actions to XGE
  --------------------Build System Warning---------------------------------------
  License is invalid:
      License information is invalid. Please try reloading your license file using the Coordinator Monitor application on the Coordinator machine, or reinstall IncrediBuild.
      This build will run in standalone mode.
  
  -------------------------------------------------------------------------------
  --------------------Project: Default-------------------------------------------
  PlayerPawn.cpp (0:08.89 at +0:00)
  UE4Editor-BulletEncoreProject-0023.dll (0:02.14 at +0:08)
     Creating library C:\Users\Malik\Documents\GitHub\BulletEncore\BulletEncoreProject\Intermediate\Build\Win64\UE4Editor\Development\BulletEncoreProject\UE4Editor-BulletEncoreProject-0023.suppressed.lib and object C:\Users\Malik\Documents\GitHub\BulletEncore\BulletEncoreProject\Intermediate\Build\Win64\UE4Editor\Development\BulletEncoreProject\UE4Editor-BulletEncoreProject-0023.suppressed.exp
  UE4Editor-BulletEncoreProject-0023.lib (0:00.25 at +0:11)
     Creating library C:\Users\Malik\Documents\GitHub\BulletEncore\BulletEncoreProject\Intermediate\Build\Win64\UE4Editor\Development\BulletEncoreProject\UE4Editor-BulletEncoreProject-0023.lib and object C:\Users\Malik\Documents\GitHub\BulletEncore\BulletEncoreProject\Intermediate\Build\Win64\UE4Editor\Development\BulletEncoreProject\UE4Editor-BulletEncoreProject-0023.exp
  BulletEncoreProjectEditor.target (0:00.18 at +0:11)
  ---------------------- Done ----------------------
  
      Rebuild All: 1 succeeded, 0 failed, 0 skipped
  
  1 build system warning(s):
     - License is invalid
  
  Total time in XGE executor: 12.43 seconds
  Total execution time: 22.21 seconds
