Log file open, 11/03/19 09:43:43
LogWindows: Failed to load 'aqProf.dll' (GetLastError=126)
LogWindows: File 'aqProf.dll' does not exist
LogWindows: Failed to load 'VtuneApi.dll' (GetLastError=126)
LogWindows: File 'VtuneApi.dll' does not exist
LogWindows: Failed to load 'VtuneApi32e.dll' (GetLastError=126)
LogWindows: File 'VtuneApi32e.dll' does not exist
LogConsoleResponse: Display: Failed to find resolution value strings in scalability ini. Falling back to default.
LogInit: Display: Running engine for game: BulletEncoreProject
LogPakFile: Registered encryption key '00000000000000000000000000000000': 0 pak files mounted, 0 remain pending
LogPlatformFile: Not using cached read wrapper
LogTaskGraph: Started task graph with 5 named threads and 35 total threads with 3 sets of task threads.
LogStats: Stats thread started at 5.311552
LogD3D11RHI: Loaded GFSDK_Aftermath_Lib.x64.dll
LogICUInternationalization: ICU TimeZone Detection - Raw Offset: -5:00, Platform Override: ''
LogPluginManager: Mounting plugin Paper2D
LogPluginManager: Mounting plugin AISupport
LogPluginManager: Mounting plugin LightPropagationVolume
LogPluginManager: Mounting plugin ActorLayerUtilities
LogPluginManager: Mounting plugin AnimationSharing
LogPluginManager: Mounting plugin CLionSourceCodeAccess
LogPluginManager: Mounting plugin CodeLiteSourceCodeAccess
LogPluginManager: Mounting plugin GitSourceControl
LogPluginManager: Mounting plugin KDevelopSourceCodeAccess
LogPluginManager: Mounting plugin NullSourceCodeAccess
LogPluginManager: Mounting plugin PerforceSourceControl
LogPluginManager: Mounting plugin SubversionSourceControl
LogPluginManager: Mounting plugin UObjectPlugin
LogPluginManager: Mounting plugin VisualStudioCodeSourceCodeAccess
LogPluginManager: Mounting plugin VisualStudioSourceCodeAccess
LogPluginManager: Mounting plugin XCodeSourceCodeAccess
LogPluginManager: Mounting plugin AssetManagerEditor
LogPluginManager: Mounting plugin CryptoKeys
LogPluginManager: Mounting plugin DataValidation
LogPluginManager: Mounting plugin FacialAnimation
LogPluginManager: Mounting plugin GameplayTagsEditor
LogPluginManager: Mounting plugin MacGraphicsSwitching
LogPluginManager: Mounting plugin MaterialAnalyzer
LogPluginManager: Mounting plugin MobileLauncherProfileWizard
LogPluginManager: Mounting plugin PluginBrowser
LogPluginManager: Mounting plugin SpeedTreeImporter
LogPluginManager: Mounting plugin DatasmithContent
LogPluginManager: Mounting plugin VariantManagerContent
LogPluginManager: Mounting plugin AlembicImporter
LogPluginManager: Mounting plugin AppleImageUtils
LogPluginManager: Mounting plugin AppleVision
LogPluginManager: Mounting plugin BackChannel
LogPluginManager: Mounting plugin CharacterAI
LogPluginManager: Mounting plugin GeometryCache
LogPluginManager: Mounting plugin HTML5Networking
LogPluginManager: Mounting plugin ProxyLODPlugin
LogPluginManager: Mounting plugin SkeletalReduction
LogPluginManager: Mounting plugin MagicLeap
LogPluginManager: Mounting plugin MagicLeapMedia
LogPluginManager: Mounting plugin AndroidMedia
LogPluginManager: Mounting plugin AvfMedia
LogPluginManager: Mounting plugin ImgMedia
LogPluginManager: Mounting plugin LinearTimecode
LogPluginManager: Mounting plugin MediaCompositing
LogPluginManager: Mounting plugin MediaPlayerEditor
LogPluginManager: Mounting plugin WebMMedia
LogPluginManager: Mounting plugin WmfMedia
LogPluginManager: Mounting plugin TcpMessaging
LogPluginManager: Mounting plugin UdpMessaging
LogPluginManager: Mounting plugin ActorSequence
LogPluginManager: Mounting plugin LevelSequenceEditor
LogPluginManager: Mounting plugin MatineeToLevelSequence
LogPluginManager: Mounting plugin NetcodeUnitTest
LogPluginManager: Mounting plugin NUTUnrealEngine4
LogPluginManager: Mounting plugin OnlineSubsystemGooglePlay
LogPluginManager: Mounting plugin OnlineSubsystemIOS
LogPluginManager: Mounting plugin OnlineSubsystem
LogPluginManager: Mounting plugin OnlineSubsystemNull
LogPluginManager: Mounting plugin OnlineSubsystemUtils
LogPluginManager: Mounting plugin LauncherChunkInstaller
LogPluginManager: Mounting plugin AndroidDeviceProfileSelector
LogPluginManager: Mounting plugin AndroidMoviePlayer
LogPluginManager: Mounting plugin AndroidPermission
LogPluginManager: Mounting plugin AppleMoviePlayer
LogPluginManager: Mounting plugin ArchVisCharacter
LogPluginManager: Mounting plugin AudioCapture
LogPluginManager: Mounting plugin CableComponent
LogPluginManager: Mounting plugin CustomMeshComponent
LogPluginManager: Mounting plugin EditableMesh
LogPluginManager: Mounting plugin ExampleDeviceProfileSelector
LogPluginManager: Mounting plugin Firebase
LogPluginManager: Mounting plugin GoogleCloudMessaging
LogPluginManager: Mounting plugin IOSDeviceProfileSelector
LogPluginManager: Mounting plugin LinuxDeviceProfileSelector
LogPluginManager: Mounting plugin LocationServicesBPLibrary
LogPluginManager: Mounting plugin MobilePatchingUtils
LogPluginManager: Mounting plugin OculusVR
LogPluginManager: Mounting plugin PhysXVehicles
LogPluginManager: Mounting plugin ProceduralMeshComponent
LogPluginManager: Mounting plugin RuntimePhysXCooking
LogPluginManager: Mounting plugin SignificanceManager
LogPluginManager: Mounting plugin SteamVR
LogPluginManager: Mounting plugin WebMMoviePlayer
LogPluginManager: Mounting plugin WindowsMoviePlayer
LogInit: Warning: Incompatible or missing module: BulletEncoreProject
Running C:/Program Files/Epic Games/UE_4.22/Engine/Binaries/DotNET/UnrealBuildTool.exe Development Win64 -Project="C:/Users/Malik/Documents/GitHub/BulletEncore/BulletEncoreProject/BulletEncoreProject.uproject" -TargetType=Editor -Progress -NoHotReloadFromIDE
Using 'git status' to determine working set for adaptive non-unity build (C:\Users\Malik\Documents\GitHub\BulletEncore).
Creating makefile for BulletEncoreProjectEditor (game project files are newer)
@progress push 5%
Parsing headers for BulletEncoreProjectEditor
  Running UnrealHeaderTool "C:\Users\Malik\Documents\GitHub\BulletEncore\BulletEncoreProject\BulletEncoreProject.uproject" "C:\Users\Malik\Documents\GitHub\BulletEncore\BulletEncoreProject\Intermediate\Build\Win64\BulletEncoreProjectEditor\Development\BulletEncoreProjectEditor.uhtmanifest" -LogCmds="loginit warning, logexit warning, logdatabase error" -Unattended -WarningsAsErrors -installed
Reflection code generated for BulletEncoreProjectEditor in 10.492631 seconds
@progress pop
Using Visual Studio 2017 14.16.27023 toolchain (C:\Program Files (x86)\Microsoft Visual Studio\2017\Community\VC\Tools\MSVC\14.16.27023) and Windows 10.0.16299.0 SDK (C:\Program Files (x86)\Windows Kits\10).
Distributing 13 actions to XGE
--------------------Build System Warning---------------------------------------
License is invalid:
    License information is invalid. Please try reloading your license file using the Coordinator Monitor application on the Coordinator machine, or reinstall IncrediBuild.
    This build will run in standalone mode.

-------------------------------------------------------------------------------
--------------------Project: Default-------------------------------------------
SharedPCH.Engine.cpp
BulletEncoreProject.cpp
BulletEncoreProjectGameMode.cpp
BulletEncoreProjectPawn.cpp
BulletEncoreProjectProjectile.cpp
BulletEncoreProject.init.gen.cpp
BulletEncoreProjectGameMode.gen.cpp
BulletEncoreProjectPawn.gen.cpp
BulletEncoreProjectProjectile.gen.cpp
Default.rc2 (0:01.06 at +1:15)
UE4Editor-BulletEncoreProject.dll (0:02.82 at +1:16)
   Creating library C:\Users\Malik\Documents\GitHub\BulletEncore\BulletEncoreProject\Intermediate\Build\Win64\UE4Editor\Development\BulletEncoreProject\UE4Editor-BulletEncoreProject.suppressed.lib and object C:\Users\Malik\Documents\GitHub\BulletEncore\BulletEncoreProject\Intermediate\Build\Win64\UE4Editor\Development\BulletEncoreProject\UE4Editor-BulletEncoreProject.suppressed.exp
UE4Editor-BulletEncoreProject.lib (0:00.51 at +1:18)
   Creating library C:\Users\Malik\Documents\GitHub\BulletEncore\BulletEncoreProject\Intermediate\Build\Win64\UE4Editor\Development\BulletEncoreProject\UE4Editor-BulletEncoreProject.lib and object C:\Users\Malik\Documents\GitHub\BulletEncore\BulletEncoreProject\Intermediate\Build\Win64\UE4Editor\Development\BulletEncoreProject\UE4Editor-BulletEncoreProject.exp
BulletEncoreProjectEditor.target (0:00.56 at +1:19)
---------------------- Done ----------------------

    Rebuild All: 1 succeeded, 0 failed, 0 skipped

1 build system warning(s):
   - License is invalid

Total time in XGE executor: 82.73 seconds
Total execution time: 129.16 seconds
LogInit: Using libcurl 7.55.1-DEV
LogInit:  - built for x86_64-pc-win32
LogInit:  - supports SSL with OpenSSL/1.1.1
LogInit:  - supports HTTP deflate (compression) using libz 1.2.8
LogInit:  - other features:
LogInit:      CURL_VERSION_SSL
LogInit:      CURL_VERSION_LIBZ
LogInit:      CURL_VERSION_IPV6
LogInit:      CURL_VERSION_ASYNCHDNS
LogInit:      CURL_VERSION_LARGEFILE
LogInit:      CURL_VERSION_IDN
LogInit:  CurlRequestOptions (configurable via config and command line):
LogInit:  - bVerifyPeer = true  - Libcurl will verify peer certificate
LogInit:  - bUseHttpProxy = false  - Libcurl will NOT use HTTP proxy
LogInit:  - bDontReuseConnections = false  - Libcurl will reuse connections
LogInit:  - MaxHostConnections = 16  - Libcurl will limit the number of connections to a host
LogInit:  - LocalHostAddr = Default
LogInit:  - BufferSize = 65536
LogInit: WinSock: version 1.1 (2.2), MaxSocks=32767, MaxUdp=65467
LogInit: Build: ++UE4+Release-4.22-CL-7053642
LogInit: Engine Version: 4.22.3-7053642+++UE4+Release-4.22
LogInit: Compatible Engine Version: 4.22.0-5660361+++UE4+Release-4.22
LogInit: Net CL: 5660361
LogInit: OS: Windows 10 (Release 1809) (), CPU: Intel(R) Core(TM) i7-8750H CPU @ 2.20GHz, GPU: Intel(R) UHD Graphics 630
LogInit: Compiled (64-bit): Jun 18 2019 03:09:11
LogInit: Compiled with Visual C++: 19.16.27025.01
LogInit: Build Configuration: Development
LogInit: Branch Name: ++UE4+Release-4.22
LogInit: Command Line: 
LogInit: Base Directory: C:/Program Files/Epic Games/UE_4.22/Engine/Binaries/Win64/
LogInit: Installed Engine Build: 1
LogDevObjectVersion: Number of dev versions registered: 23
LogDevObjectVersion:   Dev-Blueprints (B0D832E4-1F89-4F0D-ACCF-7EB736FD4AA2): 10
LogDevObjectVersion:   Dev-Build (E1C64328-A22C-4D53-A36C-8E866417BD8C): 0
LogDevObjectVersion:   Dev-Core (375EC13C-06E4-48FB-B500-84F0262A717E): 3
LogDevObjectVersion:   Dev-Editor (E4B068ED-F494-42E9-A231-DA0B2E46BB41): 30
LogDevObjectVersion:   Dev-Framework (CFFC743F-43B0-4480-9391-14DF171D2073): 35
LogDevObjectVersion:   Dev-Mobile (B02B49B5-BB20-44E9-A304-32B752E40360): 2
LogDevObjectVersion:   Dev-Networking (A4E4105C-59A1-49B5-A7C5-40C4547EDFEE): 0
LogDevObjectVersion:   Dev-Online (39C831C9-5AE6-47DC-9A44-9C173E1C8E7C): 0
LogDevObjectVersion:   Dev-Physics (78F01B33-EBEA-4F98-B9B4-84EACCB95AA2): 0
LogDevObjectVersion:   Dev-Platform (6631380F-2D4D-43E0-8009-CF276956A95A): 0
LogDevObjectVersion:   Dev-Rendering (12F88B9F-8875-4AFC-A67C-D90C383ABD29): 28
LogDevObjectVersion:   Dev-Sequencer (7B5AE74C-D270-4C10-A958-57980B212A5A): 11
LogDevObjectVersion:   Dev-VR (D7296918-1DD6-4BDD-9DE2-64A83CC13884): 2
LogDevObjectVersion:   Dev-LoadTimes (C2A15278-BFE7-4AFE-6C17-90FF531DF755): 1
LogDevObjectVersion:   Private-Geometry (6EACA3D4-40EC-4CC1-B786-8BED09428FC5): 3
LogDevObjectVersion:   Dev-AnimPhys (29E575DD-E0A3-4627-9D10-D276232CDCEA): 17
LogDevObjectVersion:   Dev-Anim (AF43A65D-7FD3-4947-9873-3E8ED9C1BB05): 2
LogDevObjectVersion:   Dev-ReflectionCapture (6B266CEC-1EC7-4B8F-A30B-E4D90942FC07): 1
LogDevObjectVersion:   Dev-Automation (0DF73D61-A23F-47EA-B727-89E90C41499A): 1
LogDevObjectVersion:   FortniteMain (601D1886-AC64-4F84-AA16-D3DE0DEAC7D6): 25
LogDevObjectVersion:   Dev-Enterprise (9DFFBCD6-494F-0158-E221-12823C92A888): 6
LogDevObjectVersion:   Dev-Niagara (F2AED0AC-9AFE-416F-8664-AA7FFA26D6FC): 1
LogDevObjectVersion:   Dev-Destruction (174F1F0B-B4C6-45A5-B13F-2EE8D0FB917D): 2
LogInit: Presizing for max 16777216 objects, including 0 objects not considered by GC, pre-allocating 0 bytes for permanent pool.
LogInit: Object subsystem initialized
LogConfig: Setting CVar [[con.DebugEarlyDefault:1]]
LogConfig: Setting CVar [[r.setres:1280x720]]
[2019.11.03-14.46.55:203][  0]LogConfig: Setting CVar [[r.VSync:0]]
[2019.11.03-14.46.55:203][  0]LogConfig: Setting CVar [[r.RHICmdBypass:0]]
[2019.11.03-14.46.55:204][  0]LogConfig: Applying CVar settings from Section [/Script/Engine.RendererSettings] File [C:/Users/Malik/Documents/GitHub/BulletEncore/BulletEncoreProject/Saved/Config/Windows/Engine.ini]
[2019.11.03-14.46.55:204][  0]LogConfig: Setting CVar [[r.GPUCrashDebugging:0]]
[2019.11.03-14.46.55:204][  0]LogConfig: Applying CVar settings from Section [/Script/Engine.RendererOverrideSettings] File [C:/Users/Malik/Documents/GitHub/BulletEncore/BulletEncoreProject/Saved/Config/Windows/Engine.ini]
[2019.11.03-14.46.55:204][  0]LogConfig: Applying CVar settings from Section [/Script/Engine.StreamingSettings] File [C:/Users/Malik/Documents/GitHub/BulletEncore/BulletEncoreProject/Saved/Config/Windows/Engine.ini]
[2019.11.03-14.46.55:204][  0]LogConfig: Setting CVar [[s.MinBulkDataSizeForAsyncLoading:131072]]
[2019.11.03-14.46.55:204][  0]LogConfig: Setting CVar [[s.AsyncLoadingThreadEnabled:0]]
[2019.11.03-14.46.55:204][  0]LogConfig: Setting CVar [[s.EventDrivenLoaderEnabled:1]]
[2019.11.03-14.46.55:204][  0]LogConfig: Setting CVar [[s.WarnIfTimeLimitExceeded:0]]
[2019.11.03-14.46.55:204][  0]LogConfig: Setting CVar [[s.TimeLimitExceededMultiplier:1.5]]
[2019.11.03-14.46.55:204][  0]LogConfig: Setting CVar [[s.TimeLimitExceededMinTime:0.005]]
[2019.11.03-14.46.55:204][  0]LogConfig: Setting CVar [[s.UseBackgroundLevelStreaming:1]]
[2019.11.03-14.46.55:204][  0]LogConfig: Setting CVar [[s.PriorityAsyncLoadingExtraTime:15.0]]
[2019.11.03-14.46.55:204][  0]LogConfig: Setting CVar [[s.LevelStreamingActorsUpdateTimeLimit:5.0]]
[2019.11.03-14.46.55:204][  0]LogConfig: Setting CVar [[s.PriorityLevelStreamingActorsUpdateExtraTime:5.0]]
[2019.11.03-14.46.55:204][  0]LogConfig: Setting CVar [[s.LevelStreamingComponentsRegistrationGranularity:10]]
[2019.11.03-14.46.55:204][  0]LogConfig: Setting CVar [[s.UnregisterComponentsTimeLimit:1.0]]
[2019.11.03-14.46.55:204][  0]LogConfig: Setting CVar [[s.LevelStreamingComponentsUnregistrationGranularity:5]]
[2019.11.03-14.46.55:205][  0]LogConfig: Applying CVar settings from Section [/Script/Engine.GarbageCollectionSettings] File [C:/Users/Malik/Documents/GitHub/BulletEncore/BulletEncoreProject/Saved/Config/Windows/Engine.ini]
[2019.11.03-14.46.55:205][  0]LogConfig: Setting CVar [[gc.MaxObjectsNotConsideredByGC:1]]
[2019.11.03-14.46.55:205][  0]LogConfig: Setting CVar [[gc.SizeOfPermanentObjectPool:0]]
[2019.11.03-14.46.55:205][  0]LogConfig: Setting CVar [[gc.FlushStreamingOnGC:0]]
[2019.11.03-14.46.55:205][  0]LogConfig: Setting CVar [[gc.NumRetriesBeforeForcingGC:10]]
[2019.11.03-14.46.55:205][  0]LogConfig: Setting CVar [[gc.AllowParallelGC:1]]
[2019.11.03-14.46.55:205][  0]LogConfig: Setting CVar [[gc.TimeBetweenPurgingPendingKillObjects:61.1]]
[2019.11.03-14.46.55:205][  0]LogConfig: Setting CVar [[gc.MaxObjectsInEditor:16777216]]
[2019.11.03-14.46.55:205][  0]LogConfig: Setting CVar [[gc.IncrementalBeginDestroyEnabled:1]]
[2019.11.03-14.46.55:205][  0]LogConfig: Setting CVar [[gc.CreateGCClusters:1]]
[2019.11.03-14.46.55:205][  0]LogConfig: Setting CVar [[gc.MinGCClusterSize:5]]
[2019.11.03-14.46.55:205][  0]LogConfig: Setting CVar [[gc.ActorClusteringEnabled:0]]
[2019.11.03-14.46.55:205][  0]LogConfig: Setting CVar [[gc.BlueprintClusteringEnabled:0]]
[2019.11.03-14.46.55:205][  0]LogConfig: Setting CVar [[gc.UseDisregardForGCOnDedicatedServers:0]]
[2019.11.03-14.46.55:205][  0]LogConfig: Applying CVar settings from Section [/Script/Engine.NetworkSettings] File [C:/Users/Malik/Documents/GitHub/BulletEncore/BulletEncoreProject/Saved/Config/Windows/Engine.ini]
[2019.11.03-14.46.55:205][  0]LogConfig: Applying CVar settings from Section [/Script/UnrealEd.CookerSettings] File [C:/Users/Malik/Documents/GitHub/BulletEncore/BulletEncoreProject/Saved/Config/Windows/Engine.ini]
[2019.11.03-14.46.55:267][  0]LogConfig: Applying CVar settings from Section [ViewDistanceQuality@3] File [C:/Users/Malik/Documents/GitHub/BulletEncore/BulletEncoreProject/Saved/Config/Windows/Scalability.ini]
[2019.11.03-14.46.55:267][  0]LogConfig: Setting CVar [[r.SkeletalMeshLODBias:0]]
[2019.11.03-14.46.55:267][  0]LogConfig: Setting CVar [[r.ViewDistanceScale:1.0]]
[2019.11.03-14.46.55:267][  0]LogConfig: Applying CVar settings from Section [AntiAliasingQuality@3] File [C:/Users/Malik/Documents/GitHub/BulletEncore/BulletEncoreProject/Saved/Config/Windows/Scalability.ini]
[2019.11.03-14.46.55:267][  0]LogConfig: Setting CVar [[r.PostProcessAAQuality:4]]
[2019.11.03-14.46.55:267][  0]LogConfig: Applying CVar settings from Section [ShadowQuality@3] File [C:/Users/Malik/Documents/GitHub/BulletEncore/BulletEncoreProject/Saved/Config/Windows/Scalability.ini]
[2019.11.03-14.46.55:267][  0]LogConfig: Setting CVar [[r.LightFunctionQuality:1]]
[2019.11.03-14.46.55:267][  0]LogConfig: Setting CVar [[r.ShadowQuality:5]]
[2019.11.03-14.46.55:267][  0]LogConfig: Setting CVar [[r.Shadow.CSM.MaxCascades:10]]
[2019.11.03-14.46.55:267][  0]LogConfig: Setting CVar [[r.Shadow.MaxResolution:2048]]
[2019.11.03-14.46.55:267][  0]LogConfig: Setting CVar [[r.Shadow.MaxCSMResolution:2048]]
[2019.11.03-14.46.55:267][  0]LogConfig: Setting CVar [[r.Shadow.RadiusThreshold:0.01]]
[2019.11.03-14.46.55:268][  0]LogConfig: Setting CVar [[r.Shadow.DistanceScale:1.0]]
[2019.11.03-14.46.55:268][  0]LogConfig: Setting CVar [[r.Shadow.CSM.TransitionScale:1.0]]
[2019.11.03-14.46.55:268][  0]LogConfig: Setting CVar [[r.Shadow.PreShadowResolutionFactor:1.0]]
[2019.11.03-14.46.55:268][  0]LogConfig: Setting CVar [[r.DistanceFieldShadowing:1]]
[2019.11.03-14.46.55:268][  0]LogConfig: Setting CVar [[r.DistanceFieldAO:1]]
[2019.11.03-14.46.55:268][  0]LogConfig: Setting CVar [[r.AOQuality:2]]
[2019.11.03-14.46.55:268][  0]LogConfig: Setting CVar [[r.VolumetricFog:1]]
[2019.11.03-14.46.55:268][  0]LogConfig: Setting CVar [[r.VolumetricFog.GridPixelSize:8]]
[2019.11.03-14.46.55:268][  0]LogConfig: Setting CVar [[r.VolumetricFog.GridSizeZ:128]]
[2019.11.03-14.46.55:268][  0]LogConfig: Setting CVar [[r.VolumetricFog.HistoryMissSupersampleCount:4]]
[2019.11.03-14.46.55:268][  0]LogConfig: Setting CVar [[r.LightMaxDrawDistanceScale:1]]
[2019.11.03-14.46.55:268][  0]LogConfig: Setting CVar [[r.CapsuleShadows:1]]
[2019.11.03-14.46.55:268][  0]LogConfig: Applying CVar settings from Section [PostProcessQuality@3] File [C:/Users/Malik/Documents/GitHub/BulletEncore/BulletEncoreProject/Saved/Config/Windows/Scalability.ini]
[2019.11.03-14.46.55:268][  0]LogConfig: Setting CVar [[r.MotionBlurQuality:4]]
[2019.11.03-14.46.55:268][  0]LogConfig: Setting CVar [[r.AmbientOcclusionMipLevelFactor:0.4]]
[2019.11.03-14.46.55:268][  0]LogConfig: Setting CVar [[r.AmbientOcclusionMaxQuality:100]]
[2019.11.03-14.46.55:268][  0]LogConfig: Setting CVar [[r.AmbientOcclusionLevels:-1]]
[2019.11.03-14.46.55:268][  0]LogConfig: Setting CVar [[r.AmbientOcclusionRadiusScale:1.0]]
[2019.11.03-14.46.55:268][  0]LogConfig: Setting CVar [[r.DepthOfFieldQuality:2]]
[2019.11.03-14.46.55:268][  0]LogConfig: Setting CVar [[r.RenderTargetPoolMin:400]]
[2019.11.03-14.46.55:269][  0]LogConfig: Setting CVar [[r.LensFlareQuality:2]]
[2019.11.03-14.46.55:269][  0]LogConfig: Setting CVar [[r.SceneColorFringeQuality:1]]
[2019.11.03-14.46.55:269][  0]LogConfig: Setting CVar [[r.EyeAdaptationQuality:2]]
[2019.11.03-14.46.55:269][  0]LogConfig: Setting CVar [[r.BloomQuality:5]]
[2019.11.03-14.46.55:269][  0]LogConfig: Setting CVar [[r.FastBlurThreshold:100]]
[2019.11.03-14.46.55:269][  0]LogConfig: Setting CVar [[r.Upscale.Quality:3]]
[2019.11.03-14.46.55:269][  0]LogConfig: Setting CVar [[r.Tonemapper.GrainQuantization:1]]
[2019.11.03-14.46.55:269][  0]LogConfig: Setting CVar [[r.LightShaftQuality:1]]
[2019.11.03-14.46.55:269][  0]LogConfig: Setting CVar [[r.Filter.SizeScale:1]]
[2019.11.03-14.46.55:269][  0]LogConfig: Setting CVar [[r.Tonemapper.Quality:5]]
[2019.11.03-14.46.55:269][  0]LogConfig: Setting CVar [[r.DOF.Gather.AccumulatorQuality:1        ; higher gathering accumulator quality]]
[2019.11.03-14.46.55:269][  0]LogConfig: Setting CVar [[r.DOF.Gather.PostfilterMethod:1          ; Median3x3 postfilering method]]
[2019.11.03-14.46.55:269][  0]LogConfig: Setting CVar [[r.DOF.Gather.EnableBokehSettings:0       ; no bokeh simulation when gathering]]
[2019.11.03-14.46.55:269][  0]LogConfig: Setting CVar [[r.DOF.Gather.RingCount:4                 ; medium number of samples when gathering]]
[2019.11.03-14.46.55:269][  0]LogConfig: Setting CVar [[r.DOF.Scatter.ForegroundCompositing:1    ; additive foreground scattering]]
[2019.11.03-14.46.55:269][  0]LogConfig: Setting CVar [[r.DOF.Scatter.BackgroundCompositing:2    ; additive background scattering]]
[2019.11.03-14.46.55:269][  0]LogConfig: Setting CVar [[r.DOF.Scatter.EnableBokehSettings:1      ; bokeh simulation when scattering]]
[2019.11.03-14.46.55:269][  0]LogConfig: Setting CVar [[r.DOF.Scatter.MaxSpriteRatio:0.1         ; only a maximum of 10% of scattered bokeh]]
[2019.11.03-14.46.55:269][  0]LogConfig: Setting CVar [[r.DOF.Recombine.Quality:1                ; cheap slight out of focus]]
[2019.11.03-14.46.55:269][  0]LogConfig: Setting CVar [[r.DOF.Recombine.EnableBokehSettings:0    ; no bokeh simulation on slight out of focus]]
[2019.11.03-14.46.55:270][  0]LogConfig: Setting CVar [[r.DOF.TemporalAAQuality:1                ; more stable temporal accumulation]]
[2019.11.03-14.46.55:270][  0]LogConfig: Setting CVar [[r.DOF.Kernel.MaxForegroundRadius:0.025]]
[2019.11.03-14.46.55:270][  0]LogConfig: Setting CVar [[r.DOF.Kernel.MaxBackgroundRadius:0.025]]
[2019.11.03-14.46.55:270][  0]LogConfig: Applying CVar settings from Section [TextureQuality@3] File [C:/Users/Malik/Documents/GitHub/BulletEncore/BulletEncoreProject/Saved/Config/Windows/Scalability.ini]
[2019.11.03-14.46.55:270][  0]LogConfig: Setting CVar [[r.Streaming.MipBias:0]]
[2019.11.03-14.46.55:270][  0]LogConfig: Setting CVar [[r.Streaming.AmortizeCPUToGPUCopy:0]]
[2019.11.03-14.46.55:270][  0]LogConfig: Setting CVar [[r.Streaming.MaxNumTexturesToStreamPerFrame:0]]
[2019.11.03-14.46.55:270][  0]LogConfig: Setting CVar [[r.Streaming.Boost:1]]
[2019.11.03-14.46.55:270][  0]LogConfig: Setting CVar [[r.MaxAnisotropy:8]]
[2019.11.03-14.46.55:270][  0]LogConfig: Setting CVar [[r.Streaming.LimitPoolSizeToVRAM:0]]
[2019.11.03-14.46.55:270][  0]LogConfig: Setting CVar [[r.Streaming.PoolSize:1000]]
[2019.11.03-14.46.55:270][  0]LogConfig: Setting CVar [[r.Streaming.MaxEffectiveScreenSize:0]]
[2019.11.03-14.46.55:270][  0]LogConfig: Applying CVar settings from Section [EffectsQuality@3] File [C:/Users/Malik/Documents/GitHub/BulletEncore/BulletEncoreProject/Saved/Config/Windows/Scalability.ini]
[2019.11.03-14.46.55:270][  0]LogConfig: Setting CVar [[r.TranslucencyLightingVolumeDim:64]]
[2019.11.03-14.46.55:270][  0]LogConfig: Setting CVar [[r.RefractionQuality:2]]
[2019.11.03-14.46.55:270][  0]LogConfig: Setting CVar [[r.SSR.Quality:3]]
[2019.11.03-14.46.55:270][  0]LogConfig: Setting CVar [[r.SceneColorFormat:4]]
[2019.11.03-14.46.55:270][  0]LogConfig: Setting CVar [[r.DetailMode:2]]
[2019.11.03-14.46.55:270][  0]LogConfig: Setting CVar [[r.TranslucencyVolumeBlur:1]]
[2019.11.03-14.46.55:270][  0]LogConfig: Setting CVar [[r.MaterialQualityLevel:1 ; High quality]]
[2019.11.03-14.46.55:271][  0]LogConfig: Setting CVar [[r.SSS.Scale:1]]
[2019.11.03-14.46.55:271][  0]LogConfig: Setting CVar [[r.SSS.SampleSet:2]]
[2019.11.03-14.46.55:271][  0]LogConfig: Setting CVar [[r.SSS.Quality:1]]
[2019.11.03-14.46.55:271][  0]LogConfig: Setting CVar [[r.SSS.HalfRes:1]]
[2019.11.03-14.46.55:271][  0]LogConfig: Setting CVar [[r.EmitterSpawnRateScale:1.0]]
[2019.11.03-14.46.55:271][  0]LogConfig: Setting CVar [[r.ParticleLightQuality:2]]
[2019.11.03-14.46.55:271][  0]LogConfig: Applying CVar settings from Section [FoliageQuality@3] File [C:/Users/Malik/Documents/GitHub/BulletEncore/BulletEncoreProject/Saved/Config/Windows/Scalability.ini]
[2019.11.03-14.46.55:271][  0]LogConfig: Setting CVar [[foliage.DensityScale:1.0]]
[2019.11.03-14.46.55:271][  0]LogConfig: Setting CVar [[grass.DensityScale:1.0]]
[2019.11.03-14.46.55:291][  0]LogInit: Selected Device Profile: [Windows]
[2019.11.03-14.46.55:292][  0]LogInit: Applying CVar settings loaded from the selected device profile: [Windows]
[2019.11.03-14.46.55:546][  0]LogHAL: Display: Platform has ~ 8 GB [8437579776 / 8589934592 / 8], which maps to Default [LargestMinGB=32, LargerMinGB=12, DefaultMinGB=8, SmallerMinGB=6, SmallestMinGB=0)
[2019.11.03-14.46.55:548][  0]LogConfig: Setting CVar [[r.Vulkan.UseRealUBs:0		; Required until we fix HLR fall-out]]
[2019.11.03-14.46.55:548][  0]LogInit: Going up to parent DeviceProfile []
[2019.11.03-14.46.55:550][  0]LogConfig: Applying CVar settings from Section [ViewDistanceQuality@3] File [C:/Users/Malik/Documents/GitHub/BulletEncore/BulletEncoreProject/Saved/Config/Windows/Scalability.ini]
[2019.11.03-14.46.55:550][  0]LogConfig: Setting CVar [[r.SkeletalMeshLODBias:0]]
[2019.11.03-14.46.55:550][  0]LogConfig: Setting CVar [[r.ViewDistanceScale:1.0]]
[2019.11.03-14.46.55:550][  0]LogConfig: Applying CVar settings from Section [AntiAliasingQuality@3] File [C:/Users/Malik/Documents/GitHub/BulletEncore/BulletEncoreProject/Saved/Config/Windows/Scalability.ini]
[2019.11.03-14.46.55:550][  0]LogConfig: Setting CVar [[r.PostProcessAAQuality:4]]
[2019.11.03-14.46.55:550][  0]LogConfig: Applying CVar settings from Section [ShadowQuality@3] File [C:/Users/Malik/Documents/GitHub/BulletEncore/BulletEncoreProject/Saved/Config/Windows/Scalability.ini]
[2019.11.03-14.46.55:550][  0]LogConfig: Setting CVar [[r.LightFunctionQuality:1]]
[2019.11.03-14.46.55:550][  0]LogConfig: Setting CVar [[r.ShadowQuality:5]]
[2019.11.03-14.46.55:550][  0]LogConfig: Setting CVar [[r.Shadow.CSM.MaxCascades:10]]
[2019.11.03-14.46.55:550][  0]LogConfig: Setting CVar [[r.Shadow.MaxResolution:2048]]
[2019.11.03-14.46.55:550][  0]LogConfig: Setting CVar [[r.Shadow.MaxCSMResolution:2048]]
[2019.11.03-14.46.55:550][  0]LogConfig: Setting CVar [[r.Shadow.RadiusThreshold:0.01]]
[2019.11.03-14.46.55:550][  0]LogConfig: Setting CVar [[r.Shadow.DistanceScale:1.0]]
[2019.11.03-14.46.55:550][  0]LogConfig: Setting CVar [[r.Shadow.CSM.TransitionScale:1.0]]
[2019.11.03-14.46.55:550][  0]LogConfig: Setting CVar [[r.Shadow.PreShadowResolutionFactor:1.0]]
[2019.11.03-14.46.55:550][  0]LogConfig: Setting CVar [[r.DistanceFieldShadowing:1]]
[2019.11.03-14.46.55:551][  0]LogConfig: Setting CVar [[r.DistanceFieldAO:1]]
[2019.11.03-14.46.55:551][  0]LogConfig: Setting CVar [[r.AOQuality:2]]
[2019.11.03-14.46.55:551][  0]LogConfig: Setting CVar [[r.VolumetricFog:1]]
[2019.11.03-14.46.55:551][  0]LogConfig: Setting CVar [[r.VolumetricFog.GridPixelSize:8]]
[2019.11.03-14.46.55:551][  0]LogConfig: Setting CVar [[r.VolumetricFog.GridSizeZ:128]]
[2019.11.03-14.46.55:551][  0]LogConfig: Setting CVar [[r.VolumetricFog.HistoryMissSupersampleCount:4]]
[2019.11.03-14.46.55:551][  0]LogConfig: Setting CVar [[r.LightMaxDrawDistanceScale:1]]
[2019.11.03-14.46.55:551][  0]LogConfig: Setting CVar [[r.CapsuleShadows:1]]
[2019.11.03-14.46.55:551][  0]LogConfig: Applying CVar settings from Section [PostProcessQuality@3] File [C:/Users/Malik/Documents/GitHub/BulletEncore/BulletEncoreProject/Saved/Config/Windows/Scalability.ini]
[2019.11.03-14.46.55:551][  0]LogConfig: Setting CVar [[r.MotionBlurQuality:4]]
[2019.11.03-14.46.55:551][  0]LogConfig: Setting CVar [[r.AmbientOcclusionMipLevelFactor:0.4]]
[2019.11.03-14.46.55:551][  0]LogConfig: Setting CVar [[r.AmbientOcclusionMaxQuality:100]]
[2019.11.03-14.46.55:551][  0]LogConfig: Setting CVar [[r.AmbientOcclusionLevels:-1]]
[2019.11.03-14.46.55:551][  0]LogConfig: Setting CVar [[r.AmbientOcclusionRadiusScale:1.0]]
[2019.11.03-14.46.55:551][  0]LogConfig: Setting CVar [[r.DepthOfFieldQuality:2]]
[2019.11.03-14.46.55:551][  0]LogConfig: Setting CVar [[r.RenderTargetPoolMin:400]]
[2019.11.03-14.46.55:551][  0]LogConfig: Setting CVar [[r.LensFlareQuality:2]]
[2019.11.03-14.46.55:551][  0]LogConfig: Setting CVar [[r.SceneColorFringeQuality:1]]
[2019.11.03-14.46.55:551][  0]LogConfig: Setting CVar [[r.EyeAdaptationQuality:2]]
[2019.11.03-14.46.55:551][  0]LogConfig: Setting CVar [[r.BloomQuality:5]]
[2019.11.03-14.46.55:551][  0]LogConfig: Setting CVar [[r.FastBlurThreshold:100]]
[2019.11.03-14.46.55:552][  0]LogConfig: Setting CVar [[r.Upscale.Quality:3]]
[2019.11.03-14.46.55:552][  0]LogConfig: Setting CVar [[r.Tonemapper.GrainQuantization:1]]
[2019.11.03-14.46.55:552][  0]LogConfig: Setting CVar [[r.LightShaftQuality:1]]
[2019.11.03-14.46.55:552][  0]LogConfig: Setting CVar [[r.Filter.SizeScale:1]]
[2019.11.03-14.46.55:552][  0]LogConfig: Setting CVar [[r.Tonemapper.Quality:5]]
[2019.11.03-14.46.55:552][  0]LogConfig: Setting CVar [[r.DOF.Gather.AccumulatorQuality:1        ; higher gathering accumulator quality]]
[2019.11.03-14.46.55:552][  0]LogConfig: Setting CVar [[r.DOF.Gather.PostfilterMethod:1          ; Median3x3 postfilering method]]
[2019.11.03-14.46.55:552][  0]LogConfig: Setting CVar [[r.DOF.Gather.EnableBokehSettings:0       ; no bokeh simulation when gathering]]
[2019.11.03-14.46.55:552][  0]LogConfig: Setting CVar [[r.DOF.Gather.RingCount:4                 ; medium number of samples when gathering]]
[2019.11.03-14.46.55:552][  0]LogConfig: Setting CVar [[r.DOF.Scatter.ForegroundCompositing:1    ; additive foreground scattering]]
[2019.11.03-14.46.55:552][  0]LogConfig: Setting CVar [[r.DOF.Scatter.BackgroundCompositing:2    ; additive background scattering]]
[2019.11.03-14.46.55:552][  0]LogConfig: Setting CVar [[r.DOF.Scatter.EnableBokehSettings:1      ; bokeh simulation when scattering]]
[2019.11.03-14.46.55:552][  0]LogConfig: Setting CVar [[r.DOF.Scatter.MaxSpriteRatio:0.1         ; only a maximum of 10% of scattered bokeh]]
[2019.11.03-14.46.55:552][  0]LogConfig: Setting CVar [[r.DOF.Recombine.Quality:1                ; cheap slight out of focus]]
[2019.11.03-14.46.55:552][  0]LogConfig: Setting CVar [[r.DOF.Recombine.EnableBokehSettings:0    ; no bokeh simulation on slight out of focus]]
[2019.11.03-14.46.55:552][  0]LogConfig: Setting CVar [[r.DOF.TemporalAAQuality:1                ; more stable temporal accumulation]]
[2019.11.03-14.46.55:552][  0]LogConfig: Setting CVar [[r.DOF.Kernel.MaxForegroundRadius:0.025]]
[2019.11.03-14.46.55:552][  0]LogConfig: Setting CVar [[r.DOF.Kernel.MaxBackgroundRadius:0.025]]
[2019.11.03-14.46.55:552][  0]LogConfig: Applying CVar settings from Section [TextureQuality@3] File [C:/Users/Malik/Documents/GitHub/BulletEncore/BulletEncoreProject/Saved/Config/Windows/Scalability.ini]
[2019.11.03-14.46.55:553][  0]LogConfig: Setting CVar [[r.Streaming.MipBias:0]]
[2019.11.03-14.46.55:553][  0]LogConfig: Setting CVar [[r.Streaming.AmortizeCPUToGPUCopy:0]]
[2019.11.03-14.46.55:553][  0]LogConfig: Setting CVar [[r.Streaming.MaxNumTexturesToStreamPerFrame:0]]
[2019.11.03-14.46.55:553][  0]LogConfig: Setting CVar [[r.Streaming.Boost:1]]
[2019.11.03-14.46.55:553][  0]LogConfig: Setting CVar [[r.MaxAnisotropy:8]]
[2019.11.03-14.46.55:553][  0]LogConfig: Setting CVar [[r.Streaming.LimitPoolSizeToVRAM:0]]
[2019.11.03-14.46.55:553][  0]LogConfig: Setting CVar [[r.Streaming.PoolSize:1000]]
[2019.11.03-14.46.55:553][  0]LogConfig: Setting CVar [[r.Streaming.MaxEffectiveScreenSize:0]]
[2019.11.03-14.46.55:553][  0]LogConfig: Applying CVar settings from Section [EffectsQuality@3] File [C:/Users/Malik/Documents/GitHub/BulletEncore/BulletEncoreProject/Saved/Config/Windows/Scalability.ini]
[2019.11.03-14.46.55:553][  0]LogConfig: Setting CVar [[r.TranslucencyLightingVolumeDim:64]]
[2019.11.03-14.46.55:553][  0]LogConfig: Setting CVar [[r.RefractionQuality:2]]
[2019.11.03-14.46.55:553][  0]LogConfig: Setting CVar [[r.SSR.Quality:3]]
[2019.11.03-14.46.55:553][  0]LogConfig: Setting CVar [[r.SceneColorFormat:4]]
[2019.11.03-14.46.55:553][  0]LogConfig: Setting CVar [[r.DetailMode:2]]
[2019.11.03-14.46.55:553][  0]LogConfig: Setting CVar [[r.TranslucencyVolumeBlur:1]]
[2019.11.03-14.46.55:553][  0]LogConfig: Setting CVar [[r.MaterialQualityLevel:1 ; High quality]]
[2019.11.03-14.46.55:553][  0]LogConfig: Setting CVar [[r.SSS.Scale:1]]
[2019.11.03-14.46.55:553][  0]LogConfig: Setting CVar [[r.SSS.SampleSet:2]]
[2019.11.03-14.46.55:553][  0]LogConfig: Setting CVar [[r.SSS.Quality:1]]
[2019.11.03-14.46.55:553][  0]LogConfig: Setting CVar [[r.SSS.HalfRes:1]]
[2019.11.03-14.46.55:554][  0]LogConfig: Setting CVar [[r.EmitterSpawnRateScale:1.0]]
[2019.11.03-14.46.55:554][  0]LogConfig: Setting CVar [[r.ParticleLightQuality:2]]
[2019.11.03-14.46.55:554][  0]LogConfig: Applying CVar settings from Section [FoliageQuality@3] File [C:/Users/Malik/Documents/GitHub/BulletEncore/BulletEncoreProject/Saved/Config/Windows/Scalability.ini]
[2019.11.03-14.46.55:554][  0]LogConfig: Setting CVar [[foliage.DensityScale:1.0]]
[2019.11.03-14.46.55:554][  0]LogConfig: Setting CVar [[grass.DensityScale:1.0]]
[2019.11.03-14.46.55:554][  0]LogConfig: Applying CVar settings from Section [Startup] File [../../../Engine/Config/ConsoleVariables.ini]
[2019.11.03-14.46.55:555][  0]LogConfig: Setting CVar [[net.UseAdaptiveNetUpdateFrequency:0]]
[2019.11.03-14.46.55:555][  0]LogConfig: Setting CVar [[p.chaos.AllowCreatePhysxBodies:1]]
[2019.11.03-14.46.55:555][  0]LogConfig: Applying CVar settings from Section [ConsoleVariables] File [C:/Users/Malik/Documents/GitHub/BulletEncore/BulletEncoreProject/Saved/Config/Windows/Engine.ini]
[2019.11.03-14.46.55:591][  0]LogInit: Computer: LAPTOP-QRINR8CT
[2019.11.03-14.46.55:591][  0]LogInit: User: Malik
[2019.11.03-14.46.55:591][  0]LogInit: CPU Page size=4096, Cores=6
[2019.11.03-14.46.55:591][  0]LogInit: High frequency timer resolution =10.000000 MHz
[2019.11.03-14.46.55:620][  0]LogMemory: Memory total: Physical=7.9GB (8GB approx)
[2019.11.03-14.46.55:620][  0]LogMemory: Platform Memory Stats for Windows
[2019.11.03-14.46.55:620][  0]LogMemory: Process Physical Memory: 102.91 MB used, 102.91 MB peak
[2019.11.03-14.46.55:620][  0]LogMemory: Process Virtual Memory: 91.17 MB used, 91.17 MB peak
[2019.11.03-14.46.55:620][  0]LogMemory: Physical Memory: 4706.69 MB used,  3340.02 MB free, 8046.70 MB total
[2019.11.03-14.46.55:620][  0]LogMemory: Virtual Memory: 4725.18 MB used,  134213000.00 MB free, 134217728.00 MB total
[2019.11.03-14.46.57:085][  0]LogInit: Using OS detected language (en-US).
[2019.11.03-14.46.57:085][  0]LogInit: Using OS detected locale (en-CA).
[2019.11.03-14.46.57:265][  0]LogTextLocalizationManager: No specific localization for 'en-US' exists, so the 'en' localization will be used.
[2019.11.03-14.46.59:343][  0]LogInit: Setting process to per monitor DPI aware
[2019.11.03-14.47.00:367][  0]LogSlate: New Slate User Created.  User Index 0, Is Virtual User: 0
[2019.11.03-14.47.00:367][  0]LogSlate: Slate User Registered.  User Index 0, Is Virtual User: 0
[2019.11.03-14.47.09:633][  0]LogHMD: Failed to initialize OpenVR with code 110
[2019.11.03-14.47.09:633][  0]LogD3D11RHI: D3D11 adapters:
[2019.11.03-14.47.09:818][  0]LogD3D11RHI:    0. 'NVIDIA GeForce GTX 1050 Ti' (Feature Level 11_0)
[2019.11.03-14.47.09:818][  0]LogD3D11RHI:       4021/0/4023 MB DedicatedVideo/DedicatedSystem/SharedSystem, Outputs:1, VendorId:0x10de
[2019.11.03-14.47.09:859][  0]LogD3D11RHI:    1. 'Intel(R) UHD Graphics 630' (Feature Level 11_0)
[2019.11.03-14.47.09:859][  0]LogD3D11RHI:       128/0/4023 MB DedicatedVideo/DedicatedSystem/SharedSystem, Outputs:0, VendorId:0x8086
[2019.11.03-14.47.09:862][  0]LogD3D11RHI:    2. 'Microsoft Basic Render Driver' (Feature Level 11_0)
[2019.11.03-14.47.09:862][  0]LogD3D11RHI:       0/0/4023 MB DedicatedVideo/DedicatedSystem/SharedSystem, Outputs:0, VendorId:0x1414
[2019.11.03-14.47.09:862][  0]LogD3D11RHI: Chosen D3D11 Adapter: 0
[2019.11.03-14.47.09:925][  0]LogD3D11RHI: Creating new Direct3DDevice
[2019.11.03-14.47.09:925][  0]LogD3D11RHI:     GPU DeviceId: 0x1c8c (for the marketing name, search the web for "GPU Device Id")
[2019.11.03-14.47.09:926][  0]LogWindows: EnumDisplayDevices:
[2019.11.03-14.47.09:926][  0]LogWindows:    0. 'Intel(R) UHD Graphics 630' (P:1 D:1)
[2019.11.03-14.47.09:927][  0]LogWindows:    1. 'Intel(R) UHD Graphics 630' (P:0 D:0)
[2019.11.03-14.47.09:928][  0]LogWindows:    2. 'Intel(R) UHD Graphics 630' (P:0 D:0)
[2019.11.03-14.47.09:928][  0]LogWindows: DebugString: PrimaryIsNotTheChoosenAdapter PrimaryIsNotTheChoosenAdapter PrimaryIsNotTheChoosenAdapter FoundDriverCount:0 
[2019.11.03-14.47.09:928][  0]LogD3D11RHI:     Adapter Name: NVIDIA GeForce GTX 1050 Ti
[2019.11.03-14.47.09:928][  0]LogD3D11RHI:   Driver Version: Unknown (internal:Unknown, unified:Unknown)
[2019.11.03-14.47.09:928][  0]LogD3D11RHI:      Driver Date: Unknown
[2019.11.03-14.47.09:928][  0]LogRHI: Texture pool is 2814 MB (70% of 4021 MB)
[2019.11.03-14.47.10:037][  0]LogD3D11RHI: Async texture creation enabled
[2019.11.03-14.47.10:267][  0]LogRendererCore: FGlobalReadBuffer::InitRHI
[2019.11.03-14.47.10:271][  0]LogRendererCore: FGlobalReadBuffer::InitRHI
[2019.11.03-14.47.10:272][  0]LogRendererCore: FGlobalReadBuffer::InitRHI
[2019.11.03-14.47.10:298][  0]LogD3D11RHI: GPU Timing Frequency: 1000.000000 (Debug: 2 1)
[2019.11.03-14.47.11:080][  0]LogTemp: Display: Module 'AllDesktopTargetPlatform' loaded TargetPlatform 'AllDesktop'
[2019.11.03-14.47.11:146][  0]LogTemp: Display: Module 'MacClientTargetPlatform' loaded TargetPlatform 'MacClient'
[2019.11.03-14.47.11:203][  0]LogTemp: Display: Module 'MacNoEditorTargetPlatform' loaded TargetPlatform 'MacNoEditor'
[2019.11.03-14.47.11:304][  0]LogTemp: Display: Module 'MacServerTargetPlatform' loaded TargetPlatform 'MacServer'
[2019.11.03-14.47.11:423][  0]LogTemp: Display: Module 'MacTargetPlatform' loaded TargetPlatform 'Mac'
[2019.11.03-14.47.11:506][  0]LogTemp: Display: Module 'WindowsClientTargetPlatform' loaded TargetPlatform 'WindowsClient'
[2019.11.03-14.47.11:581][  0]LogTemp: Display: Module 'WindowsNoEditorTargetPlatform' loaded TargetPlatform 'WindowsNoEditor'
[2019.11.03-14.47.11:647][  0]LogTemp: Display: Module 'WindowsServerTargetPlatform' loaded TargetPlatform 'WindowsServer'
[2019.11.03-14.47.11:689][  0]LogTemp: Display: Module 'WindowsTargetPlatform' loaded TargetPlatform 'Windows'
[2019.11.03-14.47.12:021][  0]LogTemp: Display: Module 'AndroidTargetPlatform' loaded TargetPlatform 'Android'
[2019.11.03-14.47.12:021][  0]LogTemp: Display: Module 'AndroidTargetPlatform' loaded TargetPlatform 'Android_ASTC'
[2019.11.03-14.47.12:021][  0]LogTemp: Display: Module 'AndroidTargetPlatform' loaded TargetPlatform 'Android_ATC'
[2019.11.03-14.47.12:021][  0]LogTemp: Display: Module 'AndroidTargetPlatform' loaded TargetPlatform 'Android_DXT'
[2019.11.03-14.47.12:021][  0]LogTemp: Display: Module 'AndroidTargetPlatform' loaded TargetPlatform 'Android_ETC1'
[2019.11.03-14.47.12:021][  0]LogTemp: Display: Module 'AndroidTargetPlatform' loaded TargetPlatform 'Android_ETC1a'
[2019.11.03-14.47.12:021][  0]LogTemp: Display: Module 'AndroidTargetPlatform' loaded TargetPlatform 'Android_ETC2'
[2019.11.03-14.47.12:021][  0]LogTemp: Display: Module 'AndroidTargetPlatform' loaded TargetPlatform 'Android_PVRTC'
[2019.11.03-14.47.12:021][  0]LogTemp: Display: Module 'AndroidTargetPlatform' loaded TargetPlatform 'AndroidClient'
[2019.11.03-14.47.12:021][  0]LogTemp: Display: Module 'AndroidTargetPlatform' loaded TargetPlatform 'Android_ASTCClient'
[2019.11.03-14.47.12:021][  0]LogTemp: Display: Module 'AndroidTargetPlatform' loaded TargetPlatform 'Android_ATCClient'
[2019.11.03-14.47.12:021][  0]LogTemp: Display: Module 'AndroidTargetPlatform' loaded TargetPlatform 'Android_DXTClient'
[2019.11.03-14.47.12:022][  0]LogTemp: Display: Module 'AndroidTargetPlatform' loaded TargetPlatform 'Android_ETC1Client'
[2019.11.03-14.47.12:022][  0]LogTemp: Display: Module 'AndroidTargetPlatform' loaded TargetPlatform 'Android_ETC1aClient'
[2019.11.03-14.47.12:022][  0]LogTemp: Display: Module 'AndroidTargetPlatform' loaded TargetPlatform 'Android_ETC2Client'
[2019.11.03-14.47.12:022][  0]LogTemp: Display: Module 'AndroidTargetPlatform' loaded TargetPlatform 'Android_PVRTCClient'
[2019.11.03-14.47.12:022][  0]LogTemp: Display: Module 'AndroidTargetPlatform' loaded TargetPlatform 'Android_Multi'
[2019.11.03-14.47.12:022][  0]LogTemp: Display: Module 'AndroidTargetPlatform' loaded TargetPlatform 'Android_MultiClient'
[2019.11.03-14.47.12:069][  0]LogTemp: Display: Module 'HTML5TargetPlatform' loaded TargetPlatform 'HTML5'
[2019.11.03-14.47.12:291][  0]LogTemp: Display: Module 'IOSTargetPlatform' loaded TargetPlatform 'IOSClient'
[2019.11.03-14.47.12:291][  0]LogTemp: Display: Module 'IOSTargetPlatform' loaded TargetPlatform 'IOS'
[2019.11.03-14.47.12:389][  0]LogTemp: Display: Module 'TVOSTargetPlatform' loaded TargetPlatform 'TVOSClient'
[2019.11.03-14.47.12:390][  0]LogTemp: Display: Module 'TVOSTargetPlatform' loaded TargetPlatform 'TVOS'
[2019.11.03-14.47.12:439][  0]LogTemp: Display: Module 'LinuxClientTargetPlatform' loaded TargetPlatform 'LinuxClient'
[2019.11.03-14.47.12:483][  0]LogTemp: Display: Module 'LinuxNoEditorTargetPlatform' loaded TargetPlatform 'LinuxNoEditor'
[2019.11.03-14.47.12:540][  0]LogTemp: Display: Module 'LinuxServerTargetPlatform' loaded TargetPlatform 'LinuxServer'
[2019.11.03-14.47.12:632][  0]LogTemp: Display: Module 'LinuxTargetPlatform' loaded TargetPlatform 'Linux'
[2019.11.03-14.47.12:826][  0]LogTemp: Display: Module 'LuminTargetPlatform' loaded TargetPlatform 'Lumin'
[2019.11.03-14.47.12:826][  0]LogTemp: Display: Module 'LuminTargetPlatform' loaded TargetPlatform 'LuminClient'
[2019.11.03-14.47.12:826][  0]LogTargetPlatformManager: Display: Building Assets For Windows
[2019.11.03-14.47.13:122][  0]LogAudioDebug: Display: Lib vorbis DLL was dynamically loaded.
[2019.11.03-14.47.14:004][  0]LogShaderCompilers: Guid format shader working directory is -33 characters bigger than the processId version (../../../../../../Users/Malik/Documents/GitHub/BulletEncore/BulletEncoreProject/Intermediate/Shaders/WorkingDirectory/6072/).
[2019.11.03-14.47.14:005][  0]LogShaderCompilers: Cleaned the shader compiler working directory 'C:/Users/Malik/AppData/Local/Temp/UnrealShaderWorkingDir/FC5FE97B425A7A960AB9BA89AC5C3D2F/'.
[2019.11.03-14.47.14:028][  0]LogXGEController: Cleaning working directory: C:/Users/Malik/AppData/Local/Temp/UnrealXGEWorkingDir/
[2019.11.03-14.47.14:042][  0]LogShaderCompilers: Display: Using XGE Shader Compiler (Interception Interface).
[2019.11.03-14.47.25:238][  0]LogDerivedDataCache: Display: Max Cache Size: 512 MB
[2019.11.03-14.47.26:299][  0]LogDerivedDataCache: Loaded boot cache 1.06s 71MB C:/Users/Malik/AppData/Local/UnrealEngine/4.22/DerivedDataCache/Boot.ddc.
[2019.11.03-14.47.26:299][  0]LogDerivedDataCache: Display: Loaded Boot cache: C:/Users/Malik/AppData/Local/UnrealEngine/4.22/DerivedDataCache/Boot.ddc
[2019.11.03-14.47.26:299][  0]LogDerivedDataCache: FDerivedDataBackendGraph:  Pak pak cache file ../../../../../../Users/Malik/Documents/GitHub/BulletEncore/BulletEncoreProject/DerivedDataCache/DDC.ddp not found, will not use a pak cache.
[2019.11.03-14.47.26:300][  0]LogDerivedDataCache: Unable to find inner node Pak for hierarchical cache Hierarchy.
[2019.11.03-14.47.26:301][  0]LogDerivedDataCache: FDerivedDataBackendGraph:  CompressedPak pak cache file ../../../../../../Users/Malik/Documents/GitHub/BulletEncore/BulletEncoreProject/DerivedDataCache/Compressed.ddp not found, will not use a pak cache.
[2019.11.03-14.47.26:301][  0]LogDerivedDataCache: Unable to find inner node CompressedPak for hierarchical cache Hierarchy.
[2019.11.03-14.47.26:516][  0]LogDerivedDataCache: Display: Pak cache opened for reading ../../../Engine/DerivedDataCache/Compressed.ddp.
[2019.11.03-14.47.26:517][  0]LogDerivedDataCache: FDerivedDataBackendGraph:  EnterprisePak pak cache file ../../../Enterprise/DerivedDataCache/Compressed.ddp not found, will not use a pak cache.
[2019.11.03-14.47.26:517][  0]LogDerivedDataCache: Unable to find inner node EnterprisePak for hierarchical cache Hierarchy.
[2019.11.03-14.47.26:532][  0]LogDerivedDataCache: Using Local data cache path C:/Users/Malik/AppData/Local/UnrealEngine/Common/DerivedDataCache: Writable
[2019.11.03-14.47.26:532][  0]LogDerivedDataCache: Shared data cache path not found in *engine.ini, will not use an Shared cache.
[2019.11.03-14.47.26:532][  0]LogDerivedDataCache: Unable to find inner node Shared for hierarchical cache Hierarchy.
[2019.11.03-14.47.26:688][  0]LogMaterial: Verifying Global Shaders for PCD3D_SM5
[2019.11.03-14.47.26:752][  0]LogSlate: Using FreeType 2.6.0
[2019.11.03-14.47.26:963][  0]LogSlate: SlateFontServices - WITH_FREETYPE: 1, WITH_HARFBUZZ: 1
[2019.11.03-14.47.29:001][  0]LogAssetRegistry: FAssetRegistry took 0.0725 seconds to start up
[2019.11.03-14.47.33:810][  0]LogInit: Selected Device Profile: [Windows]
[2019.11.03-14.47.36:752][  0]LogMeshReduction: Using QuadricMeshReduction for automatic static mesh reduction
[2019.11.03-14.47.36:752][  0]LogMeshReduction: Using SimplygonMeshReduction for automatic skeletal mesh reduction
[2019.11.03-14.47.36:752][  0]LogMeshReduction: Using ProxyLODMeshReduction for automatic mesh merging
[2019.11.03-14.47.36:753][  0]LogMeshReduction: No distributed automatic mesh merging module available
[2019.11.03-14.47.36:753][  0]LogMeshMerging: No distributed automatic mesh merging module available
[2019.11.03-14.47.37:469][  0]LogNetVersion: BulletEncoreProject 1.0.0, NetCL: 5660361, EngineNetVer: 10, GameNetVer: 0 (Checksum: 3294845334)
[2019.11.03-14.47.45:226][  0]LogPackageLocalizationCache: Processed 10 localized package path(s) for 1 prioritized culture(s) in 0.203855 seconds
[2019.11.03-14.47.45:265][  0]LogUObjectArray: 42205 objects as part of root set at end of initial load.
[2019.11.03-14.47.45:265][  0]LogUObjectAllocator: 7325032 out of 0 bytes used by permanent object pool.
[2019.11.03-14.47.45:265][  0]LogUObjectArray: CloseDisregardForGC: 0/0 objects in disregard for GC pool
[2019.11.03-14.48.18:043][  0]LogTcpMessaging: Initializing TcpMessaging bridge
[2019.11.03-14.48.18:082][  0]LogUdpMessaging: Initializing bridge on interface 0.0.0.0:0 to multicast group 230.0.0.1:6666.
[2019.11.03-14.48.19:851][  0]SourceControl: Source control is disabled
[2019.11.03-14.48.19:864][  0]SourceControl: Source control is disabled
[2019.11.03-14.48.20:214][  0]SourceControl: Source control is disabled
[2019.11.03-14.48.20:229][  0]SourceControl: Source control is disabled
[2019.11.03-14.48.22:754][  0]LogAndroidPermission: UAndroidPermissionCallbackProxy::GetInstance
[2019.11.03-14.48.23:681][  0]LogOcInput: OculusInput pre-init called
[2019.11.03-14.48.27:203][  0]LogEngine: Initializing Engine...
[2019.11.03-14.48.27:340][  0]LogHMD: Failed to initialize OpenVR with code 110
[2019.11.03-14.48.27:346][  0]LogStats: UGameplayTagsManager::InitializeManager -  0.002 s
[2019.11.03-14.48.27:922][  0]LogInit: Initializing FReadOnlyCVARCache
[2019.11.03-14.48.28:812][  0]LogAIModule: Creating AISystem for world Untitled
[2019.11.03-14.48.29:038][  0]LogInit: XAudio2 using 'Speakers (Realtek High Definition Audio)' : 6 channels at 48 kHz using 32 bits per sample (channel mask 0x3f)
[2019.11.03-14.48.29:972][  0]LogInit: FAudioDevice initialized.
[2019.11.03-14.48.29:972][  0]LogNetVersion: Set ProjectVersion to 1.0.0.0. Version Checksum will be recalculated on next use.
[2019.11.03-14.48.30:353][  0]LogDerivedDataCache: Saved boot cache 0.38s 71MB C:/Users/Malik/AppData/Local/UnrealEngine/4.22/DerivedDataCache/Boot.ddc.
[2019.11.03-14.48.30:388][  0]LogInit: Texture streaming: Enabled
[2019.11.03-14.48.30:813][  0]LogEngineSessionManager: EngineSessionManager initialized
[2019.11.03-14.48.31:340][  0]LogInit: Transaction tracking system initialized
[2019.11.03-14.48.32:223][  0]BlueprintLog: New page: Editor Load
[2019.11.03-14.48.35:136][  0]LocalizationService: Localization service is disabled
[2019.11.03-14.48.41:384][  0]LogFileCache: Scanning file cache for directory 'C:/Users/Malik/Documents/GitHub/BulletEncore/BulletEncoreProject/Content/' took 0.04s
[2019.11.03-14.48.41:384][  0]LogCook: Display: Max memory allowance for cook 16384mb min free memory 0mb
[2019.11.03-14.48.41:385][  0]LogCook: Display: Mobile HDR setting 1
[2019.11.03-14.48.46:504][  0]SourceControl: Source control is disabled
[2019.11.03-14.48.46:539][  0]Cmd: MAP LOAD FILE="../../../../../../Users/Malik/Documents/GitHub/BulletEncore/BulletEncoreProject/Content/TwinStickCPP/Maps/TwinStickExampleMap.umap" TEMPLATE=0 SHOWPROGRESS=1 FEATURELEVEL=3
[2019.11.03-14.48.46:542][  0]LightingResults: New page: Lighting Build
[2019.11.03-14.48.46:690][  0]MapCheck: New page: Map Check
[2019.11.03-14.48.46:691][  0]LightingResults: New page: Lighting Build
[2019.11.03-14.48.47:046][  0]LogUObjectHash: Compacting FUObjectHashTables data took   5.39ms
[2019.11.03-14.48.47:745][  0]LogLinker: Warning: Can't find file '/Game/TwinStickCPP/Maps/TwinStickExampleMap_BuiltData'
[2019.11.03-14.48.47:747][  0]LogLinker: Warning: Can't find file for asset '/Game/TwinStickCPP/Maps/TwinStickExampleMap_BuiltData' while loading NULL.
[2019.11.03-14.48.47:790][  0]LogLinker: Warning: Can't find file '/Game/TwinStickCPP/Maps/TwinStickExampleMap_BuiltData'
[2019.11.03-14.48.47:791][  0]LogLinker: Warning: Can't find file for asset '/Game/TwinStickCPP/Maps/TwinStickExampleMap_BuiltData' while loading NULL.
[2019.11.03-14.48.47:794][  0]LogLinker: Warning: Can't find file '/Game/TwinStickCPP/Maps/TwinStickExampleMap_BuiltData'
[2019.11.03-14.48.47:794][  0]LogLinker: Warning: Can't find file for asset '/Game/TwinStickCPP/Maps/TwinStickExampleMap_BuiltData' while loading NULL.
[2019.11.03-14.48.47:795][  0]LogLinker: Warning: Can't find file '/Game/TwinStickCPP/Maps/TwinStickExampleMap_BuiltData'
[2019.11.03-14.48.47:795][  0]LogLinker: Warning: Can't find file for asset '/Game/TwinStickCPP/Maps/TwinStickExampleMap_BuiltData' while loading NULL.
[2019.11.03-14.48.47:881][  0]LogLinker: Warning: Can't find file '/Game/TwinStickCPP/Maps/TwinStickExampleMap_BuiltData'
[2019.11.03-14.48.47:881][  0]LoadErrors: Failed to load /Game/TwinStickCPP/Maps/TwinStickExampleMap_BuiltData.TwinStickExampleMap_BuiltData Referenced by PersistentLevel
[2019.11.03-14.48.47:881][  0]LogLinker: Warning: Can't find file for asset '/Game/TwinStickCPP/Maps/TwinStickExampleMap_BuiltData' while loading NULL.
[2019.11.03-14.48.48:335][  0]LogAIModule: Creating AISystem for world TwinStickExampleMap
[2019.11.03-14.48.48:910][  0]LogEditorServer: Finished looking for orphan Actors (0.000 secs)
[2019.11.03-14.48.49:056][  0]LogUObjectHash: Compacting FUObjectHashTables data took   6.34ms
[2019.11.03-14.48.49:057][  0]Cmd: MAP CHECKDEP NOCLEARLOG
[2019.11.03-14.48.49:058][  0]MapCheck: Map check complete: 0 Error(s), 0 Warning(s), took 1.232ms to complete.
[2019.11.03-14.48.49:059][  0]LogFileHelpers: Loading map 'TwinStickExampleMap' took 2.545
[2019.11.03-14.48.50:652][  0]LogSlate: Updating window title bar state: overlay mode, drag disabled, window buttons hidden, title bar hidden
[2019.11.03-14.48.50:679][  0]LogSlate: Updating window title bar state: overlay mode, drag disabled, window buttons hidden, title bar hidden
[2019.11.03-14.48.50:704][  0]LogSlate: Updating window title bar state: overlay mode, drag disabled, window buttons hidden, title bar hidden
[2019.11.03-14.48.50:730][  0]LogSlate: Updating window title bar state: overlay mode, drag disabled, window buttons hidden, title bar hidden
[2019.11.03-14.48.50:915][  0]LogCollectionManager: Loaded 0 collections in 0.006375 seconds
[2019.11.03-14.48.51:121][  0]LogFileCache: Scanning file cache for directory 'C:/Users/Malik/Documents/GitHub/BulletEncore/BulletEncoreProject/Saved/Collections/' took 0.01s
[2019.11.03-14.48.51:121][  0]LogFileCache: Scanning file cache for directory 'C:/Users/Malik/Documents/GitHub/BulletEncore/BulletEncoreProject/Content/Developers/Malik/Collections/' took 0.01s
[2019.11.03-14.48.51:121][  0]LogFileCache: Scanning file cache for directory 'C:/Users/Malik/Documents/GitHub/BulletEncore/BulletEncoreProject/Content/Collections/' took 0.01s
[2019.11.03-14.48.51:121][  0]LogCollectionManager: Rebuilt the GUID cache for 0 collections in 0.000001 seconds
[2019.11.03-14.48.51:177][  0]LogContentBrowser: Native class hierarchy populated in 0.0509 seconds. Added 2735 classes and 661 folders.
[2019.11.03-14.48.51:264][  0]LogContentBrowser: Native class hierarchy updated for 'WidgetCarousel' in 0.0013 seconds. Added 0 classes and 0 folders.
[2019.11.03-14.48.51:514][  0]LogPakFile: Registered encryption key '00000000000000000000000000000000': 0 pak files mounted, 0 remain pending
[2019.11.03-14.48.51:578][  0]LogPakFile: Registered encryption key '00000000000000000000000000000000': 0 pak files mounted, 0 remain pending
[2019.11.03-14.48.51:707][  0]LogPakFile: Registered encryption key '00000000000000000000000000000000': 0 pak files mounted, 0 remain pending
[2019.11.03-14.48.51:744][  0]LogPakFile: Registered encryption key '00000000000000000000000000000000': 0 pak files mounted, 0 remain pending
[2019.11.03-14.48.51:768][  0]LogPakFile: Registered encryption key '00000000000000000000000000000000': 0 pak files mounted, 0 remain pending
[2019.11.03-14.48.51:798][  0]LogPakFile: Registered encryption key '00000000000000000000000000000000': 0 pak files mounted, 0 remain pending
[2019.11.03-14.48.51:827][  0]LogPakFile: Registered encryption key '00000000000000000000000000000000': 0 pak files mounted, 0 remain pending
[2019.11.03-14.48.51:845][  0]LogPakFile: Registered encryption key '00000000000000000000000000000000': 0 pak files mounted, 0 remain pending
[2019.11.03-14.48.51:877][  0]LogPakFile: Registered encryption key '00000000000000000000000000000000': 0 pak files mounted, 0 remain pending
[2019.11.03-14.48.51:931][  0]LogPakFile: Registered encryption key '00000000000000000000000000000000': 0 pak files mounted, 0 remain pending
[2019.11.03-14.48.51:960][  0]LogPakFile: Registered encryption key '00000000000000000000000000000000': 0 pak files mounted, 0 remain pending
[2019.11.03-14.48.51:984][  0]LogPakFile: Registered encryption key '00000000000000000000000000000000': 0 pak files mounted, 0 remain pending
[2019.11.03-14.48.52:014][  0]LogPakFile: Registered encryption key '00000000000000000000000000000000': 0 pak files mounted, 0 remain pending
[2019.11.03-14.48.52:034][  0]LogPakFile: Registered encryption key '00000000000000000000000000000000': 0 pak files mounted, 0 remain pending
[2019.11.03-14.48.52:062][  0]LogPakFile: Registered encryption key '00000000000000000000000000000000': 0 pak files mounted, 0 remain pending
[2019.11.03-14.48.52:080][  0]LogPakFile: Registered encryption key '00000000000000000000000000000000': 0 pak files mounted, 0 remain pending
[2019.11.03-14.48.52:178][  0]LogPakFile: Registered encryption key '00000000000000000000000000000000': 0 pak files mounted, 0 remain pending
[2019.11.03-14.48.52:191][  0]LogPakFile: Registered encryption key '00000000000000000000000000000000': 0 pak files mounted, 0 remain pending
[2019.11.03-14.48.52:202][  0]LogPakFile: Registered encryption key '00000000000000000000000000000000': 0 pak files mounted, 0 remain pending
[2019.11.03-14.48.52:233][  0]LogPakFile: Registered encryption key '00000000000000000000000000000000': 0 pak files mounted, 0 remain pending
[2019.11.03-14.48.52:247][  0]LogPakFile: Registered encryption key '00000000000000000000000000000000': 0 pak files mounted, 0 remain pending
[2019.11.03-14.48.52:268][  0]LogPakFile: Registered encryption key '00000000000000000000000000000000': 0 pak files mounted, 0 remain pending
[2019.11.03-14.48.52:281][  0]LogPakFile: Registered encryption key '00000000000000000000000000000000': 0 pak files mounted, 0 remain pending
[2019.11.03-14.48.52:294][  0]LogPakFile: Registered encryption key '00000000000000000000000000000000': 0 pak files mounted, 0 remain pending
[2019.11.03-14.48.52:308][  0]LogPakFile: Registered encryption key '00000000000000000000000000000000': 0 pak files mounted, 0 remain pending
[2019.11.03-14.48.52:321][  0]LogPakFile: Registered encryption key '00000000000000000000000000000000': 0 pak files mounted, 0 remain pending
[2019.11.03-14.48.53:937][  0]LogContentBrowser: Native class hierarchy updated for 'AddContentDialog' in 0.0014 seconds. Added 0 classes and 0 folders.
[2019.11.03-14.48.54:057][  0]LogContentBrowser: Native class hierarchy updated for 'SceneOutliner' in 0.0015 seconds. Added 1 classes and 2 folders.
[2019.11.03-14.48.56:066][  0]LogSlate: Took 0.018538 seconds to synchronously load lazily loaded font '../../../Engine/Content/Slate/Fonts/Roboto-Regular.ttf' (155K)
[2019.11.03-14.48.56:116][  0]LogSlate: Took 0.046129 seconds to synchronously load lazily loaded font '../../../Engine/Content/Slate/Fonts/Roboto-Bold.ttf' (160K)
[2019.11.03-14.48.56:154][  0]LogSlate: Took 0.021435 seconds to synchronously load lazily loaded font '../../../Engine/Content/Editor/Slate/Fonts/FontAwesome.ttf' (139K)
[2019.11.03-14.48.56:860][  0]LogRenderer: Reallocating scene render targets to support 964x436 Format 10 NumSamples 1 (Frame:1).
[2019.11.03-14.48.57:855][  0]LogContentBrowser: Native class hierarchy updated for 'HierarchicalLODOutliner' in 0.0015 seconds. Added 0 classes and 0 folders.
[2019.11.03-14.48.57:855][  0]LogLoad: (Engine Initialization) Total time: 351.71 seconds
[2019.11.03-14.48.57:855][  0]LogLoad: (Engine Initialization) Total Blueprint compile time: 0.00 seconds
[2019.11.03-14.48.58:331][  0]LogContentStreaming: Texture pool size now 1000 MB
[2019.11.03-14.48.58:422][  0]LogSlate: FSceneViewport::OnFocusLost() reason 2
[2019.11.03-14.48.58:743][  0]LogSlate: Took 0.065497 seconds to synchronously load lazily loaded font '../../../Engine/Content/Slate/Fonts/Roboto-Light.ttf' (167K)
[2019.11.03-14.48.59:755][  3]LogAssetRegistry: Asset discovery search completed in 90.7814 seconds
[2019.11.03-14.48.59:764][  3]LogCollectionManager: Rebuilt the object cache for 0 collections in 0.000001 seconds (found 0 objects)
[2019.11.03-14.48.59:765][  3]LogCollectionManager: Fixed up redirectors for 0 collections in 0.001000 seconds (updated 0 objects)
[2019.11.03-14.49.39:154][422]LogSlate: Window 'Message Log' being destroyed
[2019.11.03-14.49.39:298][422]LogSlate: Window 'Message Log' being destroyed
[2019.11.03-14.49.41:771][457]LogSlate: FSceneViewport::OnFocusLost() reason 0
[2019.11.03-14.49.41:866][458]LogTemp: Repeating last play command: Selected Viewport
[2019.11.03-14.49.41:932][458]LogBlueprintUserMessages: Early PlayInEditor Detection: Level '/Game/TwinStickCPP/Maps/TwinStickExampleMap.TwinStickExampleMap:PersistentLevel' has LevelScriptBlueprint '/Game/TwinStickCPP/Maps/TwinStickExampleMap.TwinStickExampleMap:PersistentLevel.TwinStickExampleMap' with GeneratedClass '/Game/TwinStickCPP/Maps/TwinStickExampleMap.TwinStickExampleMap_C' with ClassGeneratedBy '/Game/TwinStickCPP/Maps/TwinStickExampleMap.TwinStickExampleMap:PersistentLevel.TwinStickExampleMap'
[2019.11.03-14.49.41:951][458]LogPlayLevel: PlayLevel: No blueprints needed recompiling
[2019.11.03-14.49.42:063][458]PIE: New page: PIE session: TwinStickExampleMap (Nov 3, 2019, 4:49:41 AM)
[2019.11.03-14.49.42:253][458]LogPlayLevel: Creating play world package: /Game/TwinStickCPP/Maps/UEDPIE_0_TwinStickExampleMap
[2019.11.03-14.49.42:376][458]LogPlayLevel: PIE: StaticDuplicateObject took: (0.121565s)
[2019.11.03-14.49.42:381][458]LogAIModule: Creating AISystem for world TwinStickExampleMap
[2019.11.03-14.49.42:388][458]LogPlayLevel: PIE: World Init took: (0.011916s)
[2019.11.03-14.49.42:388][458]LogPlayLevel: PIE: Created PIE world by copying editor world from /Game/TwinStickCPP/Maps/TwinStickExampleMap.TwinStickExampleMap to /Game/TwinStickCPP/Maps/UEDPIE_0_TwinStickExampleMap.TwinStickExampleMap (0.134722s)
[2019.11.03-14.49.42:425][458]LogUObjectHash: Compacting FUObjectHashTables data took   1.34ms
[2019.11.03-14.49.42:451][458]LogInit: XAudio2 using 'Speakers (Realtek High Definition Audio)' : 6 channels at 48 kHz using 32 bits per sample (channel mask 0x3f)
[2019.11.03-14.49.42:764][458]LogInit: FAudioDevice initialized.
[2019.11.03-14.49.42:850][458]LogLoad: Game class is 'BulletEncoreProjectGameMode'
[2019.11.03-14.49.43:022][458]LogWorld: Bringing World /Game/TwinStickCPP/Maps/UEDPIE_0_TwinStickExampleMap.TwinStickExampleMap up for play (max tick rate 60) at 2019.11.03-09.49.43
[2019.11.03-14.49.43:055][458]LogWorld: Bringing up level for play took: 0.035972
[2019.11.03-14.49.43:245][458]LogContentBrowser: Native class hierarchy updated for 'MovieSceneCapture' in 0.0110 seconds. Added 20 classes and 0 folders.
[2019.11.03-14.49.43:279][458]PIE: Play in editor start time for /Game/TwinStickCPP/Maps/UEDPIE_0_TwinStickExampleMap 1.685
[2019.11.03-14.49.43:279][458]LogBlueprintUserMessages: Late PlayInEditor Detection: Level '/Game/TwinStickCPP/Maps/TwinStickExampleMap.TwinStickExampleMap:PersistentLevel' has LevelScriptBlueprint '/Game/TwinStickCPP/Maps/TwinStickExampleMap.TwinStickExampleMap:PersistentLevel.TwinStickExampleMap' with GeneratedClass '/Game/TwinStickCPP/Maps/TwinStickExampleMap.TwinStickExampleMap_C' with ClassGeneratedBy '/Game/TwinStickCPP/Maps/TwinStickExampleMap.TwinStickExampleMap:PersistentLevel.TwinStickExampleMap'
[2019.11.03-14.49.57:848][675]LogBlueprintUserMessages: Early EndPlayMap Detection: Level '/Game/TwinStickCPP/Maps/TwinStickExampleMap.TwinStickExampleMap:PersistentLevel' has LevelScriptBlueprint '/Game/TwinStickCPP/Maps/TwinStickExampleMap.TwinStickExampleMap:PersistentLevel.TwinStickExampleMap' with GeneratedClass '/Game/TwinStickCPP/Maps/TwinStickExampleMap.TwinStickExampleMap_C' with ClassGeneratedBy '/Game/TwinStickCPP/Maps/TwinStickExampleMap.TwinStickExampleMap:PersistentLevel.TwinStickExampleMap'
[2019.11.03-14.49.57:850][675]LogSlate: Updating window title bar state: overlay mode, drag disabled, window buttons hidden, title bar hidden
[2019.11.03-14.49.57:955][675]LogPlayLevel: Display: Shutting down PIE online subsystems
[2019.11.03-14.49.57:955][675]LogBlueprintUserMessages: Late EndPlayMap Detection: Level '/Game/TwinStickCPP/Maps/TwinStickExampleMap.TwinStickExampleMap:PersistentLevel' has LevelScriptBlueprint '/Game/TwinStickCPP/Maps/TwinStickExampleMap.TwinStickExampleMap:PersistentLevel.TwinStickExampleMap' with GeneratedClass '/Game/TwinStickCPP/Maps/TwinStickExampleMap.TwinStickExampleMap_C' with ClassGeneratedBy '/Game/TwinStickCPP/Maps/TwinStickExampleMap.TwinStickExampleMap:PersistentLevel.TwinStickExampleMap'
[2019.11.03-14.49.58:143][675]LogSlate: Updating window title bar state: overlay mode, drag disabled, window buttons hidden, title bar hidden
[2019.11.03-14.49.58:209][675]LogUObjectHash: Compacting FUObjectHashTables data took   4.27ms
[2019.11.03-14.49.58:286][676]LogPlayLevel: Display: Destroying online subsystem :Context_1
[2019.11.03-14.50.10:908][754]LogSlate: FSceneViewport::OnFocusLost() reason 0
[2019.11.03-14.50.37:527][230]LogUObjectHash: Compacting FUObjectHashTables data took   0.75ms
[2019.11.03-14.50.37:734][230]LogSlate: Window 'BulletEncoreProject - Unreal Editor' being destroyed
[2019.11.03-14.50.37:753][230]LogWindowsTextInputMethodSystem: Display: IME system now deactivated.
[2019.11.03-14.50.38:310][231]Cmd: QUIT_EDITOR
[2019.11.03-14.50.40:104][231]LogExit: Preparing to exit.
[2019.11.03-14.50.41:655][231]LogExit: Editor shut down
[2019.11.03-14.50.41:657][231]LogExit: Transaction tracking system shut down
[2019.11.03-14.50.43:350][231]LogExit: Object subsystem successfully closed.
[2019.11.03-14.50.43:567][231]LogShaderCompilers: Display: Shaders left to compile 0
[2019.11.03-14.50.43:580][231]LogD3D11RHI: Shutdown
[2019.11.03-14.50.43:580][231]LogD3D11RHI: CleanupD3DDevice
[2019.11.03-14.50.43:589][231]LogRendererCore: FGlobalReadBuffer::ReleaseRHI
[2019.11.03-14.50.43:589][231]LogRendererCore: FGlobalDynamicReadBuffer::Cleanup()
[2019.11.03-14.50.43:590][231]LogRendererCore: FGlobalReadBuffer::ReleaseRHI
[2019.11.03-14.50.43:590][231]LogRendererCore: FGlobalDynamicReadBuffer::Cleanup()
[2019.11.03-14.50.43:590][231]LogRendererCore: FGlobalReadBuffer::ReleaseRHI
[2019.11.03-14.50.43:590][231]LogRendererCore: FGlobalDynamicReadBuffer::Cleanup()
[2019.11.03-14.50.43:696][231]LogD3D11RHI: ~FD3D11DynamicRHI
[2019.11.03-14.50.45:577][231]LogModuleManager: Shutting down and abandoning module MovieSceneCapture (648)
[2019.11.03-14.50.45:577][231]LogModuleManager: Shutting down and abandoning module Voice (646)
[2019.11.03-14.50.45:585][231]LogModuleManager: Shutting down and abandoning module HierarchicalLODOutliner (644)
[2019.11.03-14.50.45:585][231]LogModuleManager: Shutting down and abandoning module SceneOutliner (642)
[2019.11.03-14.50.45:585][231]LogModuleManager: Shutting down and abandoning module AddContentDialog (640)
[2019.11.03-14.50.45:611][231]LogModuleManager: Shutting down and abandoning module WidgetCarousel (639)
[2019.11.03-14.50.45:611][231]LogModuleManager: Shutting down and abandoning module EditorWidgets (636)
[2019.11.03-14.50.45:611][231]LogModuleManager: Shutting down and abandoning module CollectionManager (634)
[2019.11.03-14.50.45:617][231]LogModuleManager: Shutting down and abandoning module StatsViewer (632)
[2019.11.03-14.50.45:629][231]LogModuleManager: Shutting down and abandoning module FoliageEdit (630)
[2019.11.03-14.50.45:630][231]LogModuleManager: Shutting down and abandoning module LandscapeEditor (628)
[2019.11.03-14.50.45:632][231]LogModuleManager: Shutting down and abandoning module MeshPaintMode (626)
[2019.11.03-14.50.45:632][231]LogModuleManager: Shutting down and abandoning module SceneDepthPickerMode (624)
[2019.11.03-14.50.45:632][231]LogModuleManager: Shutting down and abandoning module ActorPickerMode (622)
[2019.11.03-14.50.45:632][231]LogModuleManager: Shutting down and abandoning module GeometryMode (620)
[2019.11.03-14.50.45:632][231]LogModuleManager: Shutting down and abandoning module TextureAlignMode (618)
[2019.11.03-14.50.45:632][231]LogModuleManager: Shutting down and abandoning module BspMode (616)
[2019.11.03-14.50.45:632][231]LogModuleManager: Shutting down and abandoning module PIEPreviewDeviceProfileSelector (614)
[2019.11.03-14.50.45:645][231]LogModuleManager: Shutting down and abandoning module SequenceRecorderSections (612)
[2019.11.03-14.50.45:677][231]LogModuleManager: Shutting down and abandoning module AutomationWorker (610)
[2019.11.03-14.50.45:752][231]LogModuleManager: Shutting down and abandoning module OculusMR (608)
[2019.11.03-14.50.45:753][231]LogModuleManager: Shutting down and abandoning module AudioCaptureEditor (606)
[2019.11.03-14.50.45:753][231]LogModuleManager: Shutting down and abandoning module MatineeToLevelSequence (604)
[2019.11.03-14.50.45:771][231]LogModuleManager: Shutting down and abandoning module LevelSequenceEditor (602)
[2019.11.03-14.50.45:817][231]LogModuleManager: Shutting down and abandoning module PlacementMode (601)
[2019.11.03-14.50.45:817][231]LogModuleManager: Shutting down and abandoning module MaterialEditor (600)
[2019.11.03-14.50.45:841][231]LogModuleManager: Shutting down and abandoning module ActorSequenceEditor (596)
[2019.11.03-14.50.45:860][231]LogModuleManager: Shutting down and abandoning module WmfMediaFactory (594)
[2019.11.03-14.50.45:860][231]LogModuleManager: Shutting down and abandoning module WmfMediaEditor (592)
[2019.11.03-14.50.45:860][231]LogModuleManager: Shutting down and abandoning module WebMMediaFactory (590)
[2019.11.03-14.50.45:860][231]LogModuleManager: Shutting down and abandoning module WebMMediaEditor (588)
[2019.11.03-14.50.45:860][231]LogModuleManager: Shutting down and abandoning module WebMMedia (586)
[2019.11.03-14.50.45:872][231]LogModuleManager: Shutting down and abandoning module MediaPlayerEditor (584)
[2019.11.03-14.50.45:887][231]LogModuleManager: Shutting down and abandoning module MediaCompositingEditor (582)
[2019.11.03-14.50.45:896][231]LogModuleManager: Shutting down and abandoning module SequenceRecorder (581)
[2019.11.03-14.50.45:896][231]LogModuleManager: Shutting down and abandoning module OpenExrWrapper (578)
[2019.11.03-14.50.45:896][231]LogModuleManager: Shutting down and abandoning module ImgMediaFactory (576)
[2019.11.03-14.50.45:896][231]LogModuleManager: Shutting down and abandoning module ImgMediaEditor (574)
[2019.11.03-14.50.45:896][231]LogModuleManager: Shutting down and abandoning module AvfMediaFactory (572)
[2019.11.03-14.50.45:896][231]LogModuleManager: Shutting down and abandoning module AvfMediaEditor (570)
[2019.11.03-14.50.45:896][231]LogModuleManager: Shutting down and abandoning module AndroidMediaFactory (568)
[2019.11.03-14.50.45:896][231]LogModuleManager: Shutting down and abandoning module AndroidMediaEditor (566)
[2019.11.03-14.50.45:896][231]LogModuleManager: Shutting down and abandoning module MagicLeapCameraPreviewFactory (564)
[2019.11.03-14.50.45:896][231]LogModuleManager: Shutting down and abandoning module MagicLeapMediaCodecFactory (562)
[2019.11.03-14.50.45:896][231]LogModuleManager: Shutting down and abandoning module MagicLeapMediaFactory (560)
[2019.11.03-14.50.45:896][231]LogModuleManager: Shutting down and abandoning module MagicLeapMediaEditor (558)
[2019.11.03-14.50.45:896][231]LogModuleManager: Shutting down and abandoning module CharacterAI (556)
[2019.11.03-14.50.45:896][231]LogModuleManager: Shutting down and abandoning module SmartSnapping (554)
[2019.11.03-14.50.45:896][231]LogModuleManager: Shutting down and abandoning module SessionServices (552)
[2019.11.03-14.50.45:896][231]LogModuleManager: Shutting down and abandoning module MeshPaint (550)
[2019.11.03-14.50.45:909][231]LogModuleManager: Shutting down and abandoning module ViewportSnapping (548)
[2019.11.03-14.50.45:909][231]LogModuleManager: Shutting down and abandoning module ViewportInteraction (546)
[2019.11.03-14.50.45:909][231]LogModuleManager: Shutting down and abandoning module ClothPainter (544)
[2019.11.03-14.50.45:921][231]LogModuleManager: Shutting down and abandoning module SkeletalMeshEditor (543)
[2019.11.03-14.50.45:934][231]LogModuleManager: Shutting down and abandoning module LogVisualizer (540)
[2019.11.03-14.50.46:003][231]LogModuleManager: Shutting down and abandoning module IntroTutorials (538)
[2019.11.03-14.50.46:007][231]LogModuleManager: Shutting down and abandoning module GameProjectGeneration (537)
[2019.11.03-14.50.46:018][231]LogModuleManager: Shutting down and abandoning module LuminPlatformEditor (534)
[2019.11.03-14.50.46:018][231]LogModuleManager: Shutting down and abandoning module IOSPlatformEditor (532)
[2019.11.03-14.50.46:018][231]LogModuleManager: Shutting down and abandoning module HTML5PlatformEditor (530)
[2019.11.03-14.50.46:018][231]LogModuleManager: Shutting down and abandoning module AndroidPlatformEditor (528)
[2019.11.03-14.50.46:030][231]LogModuleManager: Shutting down and abandoning module AndroidDeviceDetection (527)
[2019.11.03-14.50.46:123][231]LogModuleManager: Shutting down and abandoning module WindowsPlatformEditor (524)
[2019.11.03-14.50.46:123][231]LogModuleManager: Shutting down and abandoning module LuminRuntimeSettings (522)
[2019.11.03-14.50.46:123][231]LogModuleManager: Shutting down and abandoning module IOSRuntimeSettings (520)
[2019.11.03-14.50.46:123][231]LogModuleManager: Shutting down and abandoning module AndroidRuntimeSettings (518)
[2019.11.03-14.50.46:123][231]LogModuleManager: Shutting down and abandoning module TimeManagementEditor (516)
[2019.11.03-14.50.46:123][231]LogModuleManager: Shutting down and abandoning module InputBindingEditor (514)
[2019.11.03-14.50.46:141][231]LogModuleManager: Shutting down and abandoning module MergeActors (512)
[2019.11.03-14.50.46:159][231]LogModuleManager: Shutting down and abandoning module LocalizationDashboard (510)
[2019.11.03-14.50.46:174][231]LogModuleManager: Shutting down and abandoning module LocalizationService (509)
[2019.11.03-14.50.46:180][231]LogModuleManager: Shutting down and abandoning module HardwareTargeting (506)
[2019.11.03-14.50.46:181][231]LogModuleManager: Shutting down and abandoning module DeviceProfileEditor (504)
[2019.11.03-14.50.46:191][231]LogModuleManager: Shutting down and abandoning module UndoHistory (502)
[2019.11.03-14.50.46:198][231]LogModuleManager: Shutting down and abandoning module XmlParser (500)
[2019.11.03-14.50.46:245][231]LogModuleManager: Shutting down and abandoning module Blutility (498)
[2019.11.03-14.50.46:255][231]LogModuleManager: Shutting down and abandoning module ProjectSettingsViewer (496)
[2019.11.03-14.50.46:255][231]LogModuleManager: Shutting down and abandoning module ProjectTargetPlatformEditor (495)
[2019.11.03-14.50.46:255][231]LogModuleManager: Shutting down and abandoning module EditorSettingsViewer (492)
[2019.11.03-14.50.46:255][231]LogModuleManager: Shutting down and abandoning module SettingsEditor (490)
[2019.11.03-14.50.46:266][231]LogModuleManager: Shutting down and abandoning module ProjectLauncher (488)
[2019.11.03-14.50.46:280][231]LogModuleManager: Shutting down and abandoning module SessionFrontend (486)
[2019.11.03-14.50.46:287][231]LogModuleManager: Shutting down and abandoning module ProfilerClient (484)
[2019.11.03-14.50.46:301][231]LogModuleManager: Shutting down and abandoning module DeviceManager (482)
[2019.11.03-14.50.46:312][231]LogModuleManager: Shutting down and abandoning module TargetDeviceServices (481)
[2019.11.03-14.50.46:366][231]LogModuleManager: Shutting down and abandoning module AutomationController (478)
[2019.11.03-14.50.46:371][231]LogModuleManager: Shutting down and abandoning module AutomationWindow (476)
[2019.11.03-14.50.46:388][231]LogModuleManager: Shutting down and abandoning module Layers (474)
[2019.11.03-14.50.46:406][231]LogModuleManager: Shutting down and abandoning module ComponentVisualizers (472)
[2019.11.03-14.50.46:406][231]LogModuleManager: Shutting down and abandoning module DetailCustomizations (470)
[2019.11.03-14.50.46:418][231]LogModuleManager: Shutting down and abandoning module PackagesDialog (468)
[2019.11.03-14.50.46:434][231]LogModuleManager: Shutting down and abandoning module AnimationBlueprintEditor (466)
[2019.11.03-14.50.46:696][231]LogModuleManager: Shutting down and abandoning module Persona (464)
[2019.11.03-14.50.46:746][231]LogModuleManager: Shutting down and abandoning module AdvancedPreviewScene (463)
[2019.11.03-14.50.46:746][231]LogModuleManager: Shutting down and abandoning module AnimGraph (461)
[2019.11.03-14.50.46:746][231]LogModuleManager: Shutting down and abandoning module Kismet (458)
[2019.11.03-14.50.46:801][231]LogModuleManager: Shutting down and abandoning module GraphEditor (456)
[2019.11.03-14.50.46:944][231]LogModuleManager: Shutting down and abandoning module ClassViewer (454)
[2019.11.03-14.50.46:944][231]LogModuleManager: Shutting down and abandoning module Toolbox (452)
[2019.11.03-14.50.46:944][231]LogModuleManager: Shutting down and abandoning module ModuleUI (450)
[2019.11.03-14.50.46:970][231]LogModuleManager: Shutting down and abandoning module MovieSceneTools (448)
[2019.11.03-14.50.46:978][231]LogModuleManager: Shutting down and abandoning module OutputLog (446)
[2019.11.03-14.50.46:978][231]LogModuleManager: Shutting down and abandoning module GammaUI (444)
[2019.11.03-14.50.47:012][231]LogModuleManager: Shutting down and abandoning module Documentation (442)
[2019.11.03-14.50.47:012][231]LogModuleManager: Shutting down and abandoning module LiveCoding (440)
[2019.11.03-14.50.47:021][231]LogModuleManager: Shutting down and abandoning module LevelSequence (438)
[2019.11.03-14.50.47:021][231]LogModuleManager: Shutting down and abandoning module MovieSceneTracks (436)
[2019.11.03-14.50.47:021][231]LogModuleManager: Shutting down and abandoning module MovieScene (434)
[2019.11.03-14.50.47:023][231]LogModuleManager: Shutting down and abandoning module StreamingPauseRendering (432)
[2019.11.03-14.50.47:069][231]LogModuleManager: Shutting down and abandoning module LauncherPlatform (430)
[2019.11.03-14.50.47:069][231]LogModuleManager: Shutting down and abandoning module AnalyticsET (428)
[2019.11.03-14.50.47:069][231]LogModuleManager: Shutting down and abandoning module PortalServices (426)
[2019.11.03-14.50.47:069][231]LogModuleManager: Shutting down and abandoning module PortalRpc (424)
[2019.11.03-14.50.47:069][231]LogModuleManager: Shutting down and abandoning module MessagingRpc (422)
[2019.11.03-14.50.47:069][231]LogModuleManager: Shutting down and abandoning module AIModule (420)
[2019.11.03-14.50.47:075][231]LogModuleManager: Shutting down and abandoning module GameplayDebugger (419)
[2019.11.03-14.50.47:075][231]LogModuleManager: Shutting down and abandoning module AITestSuite (417)
[2019.11.03-14.50.47:075][231]LogModuleManager: Shutting down and abandoning module NavigationSystem (415)
[2019.11.03-14.50.47:075][231]LogModuleManager: Shutting down and abandoning module ImageWriteQueue (412)
[2019.11.03-14.50.47:084][231]LogModuleManager: Shutting down and abandoning module ProfilerService (410)
[2019.11.03-14.50.47:219][231]LogModuleManager: Shutting down and abandoning module TaskGraph (408)
[2019.11.03-14.50.47:251][231]LogModuleManager: Shutting down and abandoning module SteamVRController (406)
[2019.11.03-14.50.47:251][231]LogModuleManager: Shutting down and abandoning module ProceduralMeshComponentEditor (404)
[2019.11.03-14.50.47:257][231]LogModuleManager: Shutting down and abandoning module ProceduralMeshComponent (402)
[2019.11.03-14.50.47:266][231]LogModuleManager: Shutting down and abandoning module OculusEditor (400)
[2019.11.03-14.50.47:277][231]LogModuleManager: Shutting down and abandoning module OculusInput (398)
[2019.11.03-14.50.47:277][231]LogModuleManager: Shutting down and abandoning module MobilePatchingUtils (396)
[2019.11.03-14.50.47:277][231]LogModuleManager: Shutting down and abandoning module EditableMesh (394)
[2019.11.03-14.50.47:290][231]LogModuleManager: Shutting down and abandoning module CustomMeshComponent (392)
[2019.11.03-14.50.47:290][231]LogModuleManager: Shutting down and abandoning module CableComponent (390)
[2019.11.03-14.50.47:307][231]LogModuleManager: Shutting down and abandoning module AudioCapture (388)
[2019.11.03-14.50.47:307][231]LogModuleManager: Shutting down and abandoning module ArchVisCharacter (386)
[2019.11.03-14.50.47:307][231]LogModuleManager: Shutting down and abandoning module AndroidPermission (384)
[2019.11.03-14.50.47:307][231]LogModuleManager: Shutting down and abandoning module NUTUnrealEngine4 (382)
[2019.11.03-14.50.47:308][231]LogModuleManager: Shutting down and abandoning module NetcodeUnitTest (380)
[2019.11.03-14.50.47:317][231]LogModuleManager: Shutting down and abandoning module MediaCompositing (378)
[2019.11.03-14.50.47:317][231]LogModuleManager: Shutting down and abandoning module LinearTimecode (376)
[2019.11.03-14.50.47:318][231]LogModuleManager: Shutting down and abandoning module ImgMedia (374)
[2019.11.03-14.50.47:318][231]LogModuleManager: Shutting down and abandoning module MagicLeapHelperVulkan (372)
[2019.11.03-14.50.47:318][231]LogModuleManager: Shutting down and abandoning module MagicLeapHelperOpenGL (370)
[2019.11.03-14.50.47:331][231]LogModuleManager: Shutting down and abandoning module MagicLeapAudio (368)
[2019.11.03-14.50.47:338][231]LogModuleManager: Shutting down and abandoning module HTML5Networking (366)
[2019.11.03-14.50.47:338][231]LogModuleManager: Shutting down and abandoning module GeometryCacheTracks (364)
[2019.11.03-14.50.47:338][231]LogModuleManager: Shutting down and abandoning module GeometryCacheSequencer (362)
[2019.11.03-14.50.47:338][231]LogModuleManager: Shutting down and abandoning module BackChannel (360)
[2019.11.03-14.50.47:350][231]LogModuleManager: Shutting down and abandoning module AppleVision (358)
[2019.11.03-14.50.47:350][231]LogModuleManager: Shutting down and abandoning module AppleImageUtilsBlueprintSupport (356)
[2019.11.03-14.50.47:350][231]LogModuleManager: Shutting down and abandoning module AppleImageUtils (354)
[2019.11.03-14.50.47:351][231]LogModuleManager: Shutting down and abandoning module AlembicImporter (352)
[2019.11.03-14.50.47:351][231]LogModuleManager: Shutting down and abandoning module AlembicLibrary (351)
[2019.11.03-14.50.47:351][231]LogModuleManager: Shutting down and abandoning module GeometryCache (350)
[2019.11.03-14.50.47:351][231]LogModuleManager: Shutting down and abandoning module GeometryCacheEd (349)
[2019.11.03-14.50.47:352][231]LogModuleManager: Shutting down and abandoning module VariantManagerContent (344)
[2019.11.03-14.50.47:352][231]LogModuleManager: Shutting down and abandoning module DatasmithContentEditor (342)
[2019.11.03-14.50.47:377][231]LogModuleManager: Shutting down and abandoning module SpeedTreeImporter (340)
[2019.11.03-14.50.47:377][231]LogModuleManager: Shutting down and abandoning module PluginBrowser (338)
[2019.11.03-14.50.47:429][231]LogModuleManager: Shutting down and abandoning module MobileLauncherProfileWizard (336)
[2019.11.03-14.50.47:476][231]LogModuleManager: Shutting down and abandoning module MaterialAnalyzer (334)
[2019.11.03-14.50.47:486][231]LogModuleManager: Shutting down and abandoning module CryptoKeysOpenSSL (332)
[2019.11.03-14.50.47:487][231]LogModuleManager: Shutting down and abandoning module CryptoKeys (330)
[2019.11.03-14.50.47:487][231]LogModuleManager: Shutting down and abandoning module VisualStudioSourceCodeAccess (328)
[2019.11.03-14.50.47:491][231]LogModuleManager: Shutting down and abandoning module VisualStudioCodeSourceCodeAccess (326)
[2019.11.03-14.50.47:491][231]LogModuleManager: Shutting down and abandoning module UObjectPlugin (324)
[2019.11.03-14.50.47:491][231]LogModuleManager: Shutting down and abandoning module SubversionSourceControl (322)
[2019.11.03-14.50.47:499][231]LogModuleManager: Shutting down and abandoning module PerforceSourceControl (320)
[2019.11.03-14.50.47:509][231]LogModuleManager: Shutting down and abandoning module GitSourceControl (318)
[2019.11.03-14.50.47:531][231]LogModuleManager: Shutting down and abandoning module SourceControl (317)
[2019.11.03-14.50.47:531][231]LogModuleManager: Shutting down and abandoning module CLionSourceCodeAccess (314)
[2019.11.03-14.50.47:531][231]LogModuleManager: Shutting down and abandoning module AnimationSharingEd (312)
[2019.11.03-14.50.47:532][231]LogModuleManager: Shutting down and abandoning module ActorLayerUtilitiesEditor (310)
[2019.11.03-14.50.47:532][231]LogModuleManager: Shutting down and abandoning module ActorLayerUtilities (308)
[2019.11.03-14.50.47:532][231]LogModuleManager: Shutting down and abandoning module LightPropagationVolumeEditor (306)
[2019.11.03-14.50.47:532][231]LogModuleManager: Shutting down and abandoning module PaperTiledImporter (304)
[2019.11.03-14.50.47:532][231]LogModuleManager: Shutting down and abandoning module PaperSpriteSheetImporter (302)
[2019.11.03-14.50.47:532][231]LogModuleManager: Shutting down and abandoning module Paper2DEditor (300)
[2019.11.03-14.50.47:561][231]LogModuleManager: Shutting down and abandoning module BulletEncoreProject (298)
[2019.11.03-14.50.47:561][231]LogModuleManager: Shutting down and abandoning module SignificanceManager (296)
[2019.11.03-14.50.47:561][231]LogModuleManager: Shutting down and abandoning module RuntimePhysXCooking (294)
[2019.11.03-14.50.47:561][231]LogModuleManager: Shutting down and abandoning module PhysXVehiclesEditor (292)
[2019.11.03-14.50.47:561][231]LogModuleManager: Shutting down and abandoning module PhysXVehicles (290)
[2019.11.03-14.50.47:561][231]LogModuleManager: Shutting down and abandoning module LocationServicesBPLibrary (288)
[2019.11.03-14.50.47:561][231]LogModuleManager: Shutting down and abandoning module ActorSequence (286)
[2019.11.03-14.50.47:561][231]LogModuleManager: Shutting down and abandoning module UdpMessaging (284)
[2019.11.03-14.50.47:663][231]LogModuleManager: Shutting down and abandoning module TcpMessaging (282)
[2019.11.03-14.50.47:802][231]LogModuleManager: Shutting down and abandoning module MagicLeapIdentity (280)
[2019.11.03-14.50.47:802][231]LogModuleManager: Shutting down and abandoning module MagicLeapSecureStorage (278)
[2019.11.03-14.50.47:802][231]LogModuleManager: Shutting down and abandoning module MagicLeapHandTracking (276)
[2019.11.03-14.50.47:811][231]LogModuleManager: Shutting down and abandoning module MagicLeapEyeTracker (274)
[2019.11.03-14.50.47:811][231]LogModuleManager: Shutting down and abandoning module MagicLeapController (272)
[2019.11.03-14.50.47:811][231]LogSlate: Slate User Destroyed.  User Index 0, Is Virtual User: 0
[2019.11.03-14.50.47:811][231]LogModuleManager: Shutting down and abandoning module MagicLeapAR (270)
[2019.11.03-14.50.47:811][231]LogModuleManager: Shutting down and abandoning module AugmentedReality (269)
[2019.11.03-14.50.47:812][231]LogModuleManager: Shutting down and abandoning module GameplayTagsEditor (266)
[2019.11.03-14.50.47:819][231]LogModuleManager: Shutting down and abandoning module FacialAnimationEditor (264)
[2019.11.03-14.50.47:819][231]LogModuleManager: Shutting down and abandoning module FacialAnimation (262)
[2019.11.03-14.50.47:819][231]LogModuleManager: Shutting down and abandoning module DataValidation (260)
[2019.11.03-14.50.47:819][231]LogModuleManager: Shutting down and abandoning module AssetManagerEditor (258)
[2019.11.03-14.50.47:834][231]LogModuleManager: Shutting down and abandoning module LevelEditor (257)
[2019.11.03-14.50.47:845][231]LogModuleManager: Shutting down and abandoning module PixelInspectorModule (256)
[2019.11.03-14.50.47:856][231]LogModuleManager: Shutting down and abandoning module CommonMenuExtensions (254)
[2019.11.03-14.50.47:856][231]LogModuleManager: Shutting down and abandoning module MainFrame (252)
[2019.11.03-14.50.47:857][231]LogModuleManager: Shutting down and abandoning module HotReload (251)
[2019.11.03-14.50.47:907][231]LogModuleManager: Shutting down and abandoning module ContentBrowser (247)
[2019.11.03-14.50.47:909][231]LogModuleManager: Shutting down and abandoning module TreeMap (245)
[2019.11.03-14.50.47:971][231]LogModuleManager: Shutting down and abandoning module AnimationSharing (242)
[2019.11.03-14.50.47:971][231]LogModuleManager: Shutting down and abandoning module LightPropagationVolumeRuntime (240)
[2019.11.03-14.50.47:971][231]LogModuleManager: Shutting down and abandoning module AISupportModule (238)
[2019.11.03-14.50.47:972][231]LogModuleManager: Shutting down and abandoning module Paper2D (236)
[2019.11.03-14.50.47:992][231]LogModuleManager: Shutting down and abandoning module WindowsMoviePlayer (234)
[2019.11.03-14.50.48:020][231]LogModuleManager: Shutting down and abandoning module WebMMoviePlayer (232)
[2019.11.03-14.50.48:025][231]LogModuleManager: Shutting down and abandoning module PacketHandler (230)
[2019.11.03-14.50.48:025][231]LogModuleManager: Shutting down and abandoning module ClothingSystemEditor (228)
[2019.11.03-14.50.48:025][231]LogModuleManager: Shutting down and abandoning module ClothingSystemRuntime (226)
[2019.11.03-14.50.48:039][231]LogModuleManager: Shutting down and abandoning module MediaAssets (224)
[2019.11.03-14.50.48:039][231]LogModuleManager: Shutting down and abandoning module Overlay (222)
[2019.11.03-14.50.48:039][231]LogModuleManager: Shutting down and abandoning module OverlayEditor (221)
[2019.11.03-14.50.48:039][231]LogModuleManager: Shutting down and abandoning module VREditor (218)
[2019.11.03-14.50.48:057][231]LogModuleManager: Shutting down and abandoning module StringTableEditor (216)
[2019.11.03-14.50.48:114][231]LogModuleManager: Shutting down and abandoning module GameplayTasksEditor (214)
[2019.11.03-14.50.48:114][231]LogModuleManager: Shutting down and abandoning module BehaviorTreeEditor (212)
[2019.11.03-14.50.48:237][231]LogModuleManager: Shutting down and abandoning module FunctionalTesting (210)
[2019.11.03-14.50.48:276][231]LogModuleManager: Shutting down and abandoning module CollisionAnalyzer (208)
[2019.11.03-14.50.48:358][231]LogModuleManager: Shutting down and abandoning module WorkspaceMenuStructure (207)
[2019.11.03-14.50.48:390][231]LogModuleManager: Shutting down and abandoning module UMG (204)
[2019.11.03-14.50.48:458][231]LogModuleManager: Shutting down and abandoning module UMGEditor (203)
[2019.11.03-14.50.48:533][231]LogModuleManager: Shutting down and abandoning module Sequencer (202)
[2019.11.03-14.50.48:624][231]LogModuleManager: Shutting down and abandoning module MessageLog (199)
[2019.11.03-14.50.48:624][231]LogModuleManager: Shutting down and abandoning module SlateReflector (194)
[2019.11.03-14.50.48:674][231]LogModuleManager: Shutting down and abandoning module Slate (192)
[2019.11.03-14.50.48:674][231]LogModuleManager: Shutting down and abandoning module EditorStyle (190)
[2019.11.03-14.50.48:678][231]LogModuleManager: Shutting down and abandoning module UnrealEd (188)
[2019.11.03-14.50.48:679][231]LogModuleManager: Shutting down and abandoning module MRMesh (186)
[2019.11.03-14.50.48:679][231]LogModuleManager: Shutting down and abandoning module SourceCodeAccess (184)
[2019.11.03-14.50.48:679][231]LogModuleManager: Shutting down and abandoning module HeadMountedDisplay (182)
[2019.11.03-14.50.48:679][231]LogModuleManager: Shutting down and abandoning module XAudio2 (180)
[2019.11.03-14.50.48:679][231]LogModuleManager: Shutting down and abandoning module Networking (178)
[2019.11.03-14.50.48:679][231]LogModuleManager: Shutting down and abandoning module Core (176)
[2019.11.03-14.50.48:679][231]LogModuleManager: Shutting down and abandoning module KismetCompiler (174)
[2019.11.03-14.50.48:679][231]LogModuleManager: Shutting down and abandoning module MeshUtilities (172)
[2019.11.03-14.50.48:679][231]LogModuleManager: Shutting down and abandoning module MeshMergeUtilities (171)
[2019.11.03-14.50.48:679][231]LogModuleManager: Shutting down and abandoning module MeshReductionInterface (170)
[2019.11.03-14.50.48:679][231]LogModuleManager: Shutting down and abandoning module SkeletalMeshReduction (169)
[2019.11.03-14.50.48:704][231]LogModuleManager: Shutting down and abandoning module ProxyLODMeshReduction (167)
[2019.11.03-14.50.48:714][231]LogModuleManager: Shutting down and abandoning module QuadricMeshReduction (165)
[2019.11.03-14.50.48:731][231]LogModuleManager: Shutting down and abandoning module MaterialBaking (161)
[2019.11.03-14.50.48:732][231]LogModuleManager: Shutting down and abandoning module DerivedDataCache (156)
[2019.11.03-14.50.48:780][231]LogDerivedDataCache: Shutdown
[2019.11.03-14.50.48:780][231]LogModuleManager: Shutting down and abandoning module XGEController (154)
[2019.11.03-14.50.48:780][231]LogXGEController: Cleaning working directory: C:/Users/Malik/AppData/Local/Temp/UnrealXGEWorkingDir/
[2019.11.03-14.50.48:781][231]LogModuleManager: Shutting down and abandoning module TargetPlatform (152)
[2019.11.03-14.50.48:789][231]LogModuleManager: Shutting down and abandoning module VulkanShaderFormat (151)
[2019.11.03-14.50.48:803][231]LogModuleManager: Shutting down and abandoning module ShaderFormatVectorVM (149)
[2019.11.03-14.50.48:815][231]LogModuleManager: Shutting down and abandoning module ShaderFormatOpenGL (147)
[2019.11.03-14.50.48:838][231]LogModuleManager: Shutting down and abandoning module ShaderFormatD3D (145)
[2019.11.03-14.50.48:846][231]LogModuleManager: Shutting down and abandoning module MetalShaderFormat (143)
[2019.11.03-14.50.48:863][231]LogModuleManager: Shutting down and abandoning module TextureFormatUncompressed (141)
[2019.11.03-14.50.48:863][231]LogModuleManager: Shutting down and abandoning module TextureFormatPVR (139)
[2019.11.03-14.50.48:863][231]LogModuleManager: Shutting down and abandoning module TextureFormatDXT (137)
[2019.11.03-14.50.48:871][231]LogModuleManager: Shutting down and abandoning module TextureFormatIntelISPCTexComp (135)
[2019.11.03-14.50.48:883][231]LogModuleManager: Shutting down and abandoning module TextureFormatASTC (133)
[2019.11.03-14.50.48:884][231]LogModuleManager: Shutting down and abandoning module ImageWrapper (132)
[2019.11.03-14.50.48:884][231]LogModuleManager: Shutting down and abandoning module TextureFormatAndroid (129)
[2019.11.03-14.50.48:884][231]LogModuleManager: Shutting down and abandoning module AudioFormatOpus (127)
[2019.11.03-14.50.48:949][231]LogModuleManager: Shutting down and abandoning module AudioFormatOgg (125)
[2019.11.03-14.50.48:949][231]LogModuleManager: Shutting down and abandoning module AudioFormatADPCM (123)
[2019.11.03-14.50.48:974][231]LogModuleManager: Shutting down and abandoning module LuminTargetPlatform (121)
[2019.11.03-14.50.48:988][231]LogModuleManager: Shutting down and abandoning module LinuxTargetPlatform (119)
[2019.11.03-14.50.48:989][231]LogModuleManager: Shutting down and abandoning module LinuxServerTargetPlatform (117)
[2019.11.03-14.50.48:996][231]LogModuleManager: Shutting down and abandoning module LinuxNoEditorTargetPlatform (115)
[2019.11.03-14.50.49:007][231]LogModuleManager: Shutting down and abandoning module LinuxClientTargetPlatform (113)
[2019.11.03-14.50.49:065][231]LogModuleManager: Shutting down and abandoning module TVOSTargetPlatform (111)
[2019.11.03-14.50.49:067][231]LogModuleManager: Shutting down and abandoning module Messaging (109)
[2019.11.03-14.50.49:067][231]LogModuleManager: Shutting down and abandoning module IOSTargetPlatform (107)
[2019.11.03-14.50.49:069][231]LogModuleManager: Shutting down and abandoning module HTML5TargetPlatform (105)
[2019.11.03-14.50.49:069][231]LogModuleManager: Shutting down and abandoning module AndroidTargetPlatform (103)
[2019.11.03-14.50.49:083][231]LogModuleManager: Shutting down and abandoning module WindowsTargetPlatform (101)
[2019.11.03-14.50.49:083][231]LogModuleManager: Shutting down and abandoning module WindowsServerTargetPlatform (99)
[2019.11.03-14.50.49:083][231]LogModuleManager: Shutting down and abandoning module WindowsNoEditorTargetPlatform (97)
[2019.11.03-14.50.49:083][231]LogModuleManager: Shutting down and abandoning module WindowsClientTargetPlatform (95)
[2019.11.03-14.50.49:084][231]LogModuleManager: Shutting down and abandoning module MacTargetPlatform (93)
[2019.11.03-14.50.49:084][231]LogModuleManager: Shutting down and abandoning module MacServerTargetPlatform (91)
[2019.11.03-14.50.49:084][231]LogModuleManager: Shutting down and abandoning module MacNoEditorTargetPlatform (89)
[2019.11.03-14.50.49:084][231]LogModuleManager: Shutting down and abandoning module MacClientTargetPlatform (87)
[2019.11.03-14.50.49:084][231]LogModuleManager: Shutting down and abandoning module AllDesktopTargetPlatform (85)
[2019.11.03-14.50.49:084][231]LogModuleManager: Shutting down and abandoning module InputCore (82)
[2019.11.03-14.50.49:084][231]LogModuleManager: Shutting down and abandoning module Settings (80)
[2019.11.03-14.50.49:084][231]LogModuleManager: Shutting down and abandoning module DirectoryWatcher (78)
[2019.11.03-14.50.49:089][231]LogModuleManager: Shutting down and abandoning module PhysXCooking (76)
[2019.11.03-14.50.49:089][231]LogModuleManager: Shutting down and abandoning module SteamVR (74)
[2019.11.03-14.50.49:105][231]LogHMD: Freeing OpenVRDLLHandle.
[2019.11.03-14.50.49:105][231]LogModuleManager: Shutting down and abandoning module OculusHMD (72)
[2019.11.03-14.50.49:123][231]LogModuleManager: Shutting down and abandoning module ExampleDeviceProfileSelector (70)
[2019.11.03-14.50.49:123][231]LogModuleManager: Shutting down and abandoning module LauncherChunkInstaller (68)
[2019.11.03-14.50.49:123][231]LogModuleManager: Shutting down and abandoning module OnlineBlueprintSupport (66)
[2019.11.03-14.50.49:123][231]LogModuleManager: Shutting down and abandoning module OnlineSubsystem (62)
[2019.11.03-14.50.49:126][231]LogModuleManager: Shutting down and abandoning module XMPP (57)
[2019.11.03-14.50.49:215][231]LogModuleManager: Shutting down and abandoning module WebSockets (56)
[2019.11.03-14.50.49:322][231]LogModuleManager: Shutting down and abandoning module HTTP (53)
[2019.11.03-14.50.49:322][231]LogHttp: Display: Http module shutting down, but needs to wait on 1 outstanding Http requests:
[2019.11.03-14.50.49:322][231]LogHttp: Display: 	verb=[POST] url=[https://datarouter.ol.epicgames.com/datarouter/api/v1/public/data?SessionID=%7BAF2425A2-40CD-1B7F-ABDB-AFA484E9F2DE%7D&AppID=UEEditor.Rocket.Release&AppVersion=4.22.3-7053642%2B%2B%2BUE4%2BRelease-4.22&UserID=81cb5373443c6224ec8f1c976a7ca409%7Cfdad3aac0f724d2d838960da551f0465%7Cbc415fd7-5ea9-4a08-8a7c-acac7f5e2169&AppEnvironment=datacollector-binary&UploadType=eteventstream] status=Processing
[2019.11.03-14.50.49:338][231]LogModuleManager: Shutting down and abandoning module SSL (52)
[2019.11.03-14.50.49:341][231]LogModuleManager: Shutting down and abandoning module WmfMedia (48)
[2019.11.03-14.50.49:359][231]LogModuleManager: Shutting down and abandoning module Media (47)
[2019.11.03-14.50.49:367][231]LogModuleManager: Shutting down and abandoning module MagicLeap (44)
[2019.11.03-14.50.49:372][231]LogModuleManager: Shutting down and abandoning module DatasmithContent (42)
[2019.11.03-14.50.49:374][231]LogModuleManager: Shutting down and abandoning module DesktopPlatform (40)
[2019.11.03-14.50.49:375][231]LogModuleManager: Shutting down and abandoning module AnimationModifiers (38)
[2019.11.03-14.50.49:388][231]LogModuleManager: Shutting down and abandoning module PropertyEditor (37)
[2019.11.03-14.50.49:409][231]LogModuleManager: Shutting down and abandoning module AudioEditor (34)
[2019.11.03-14.50.49:470][231]LogModuleManager: Shutting down and abandoning module TextureCompressor (32)
[2019.11.03-14.50.49:483][231]LogModuleManager: Shutting down and abandoning module RenderCore (30)
[2019.11.03-14.50.49:483][231]LogModuleManager: Shutting down and abandoning module Landscape (28)
[2019.11.03-14.50.49:483][231]LogModuleManager: Shutting down and abandoning module SlateRHIRenderer (26)
[2019.11.03-14.50.49:492][231]LogModuleManager: Shutting down and abandoning module OpenGLDrv (24)
[2019.11.03-14.50.49:511][231]LogModuleManager: Shutting down and abandoning module D3D11RHI (22)
[2019.11.03-14.50.49:511][231]LogModuleManager: Shutting down and abandoning module AnimGraphRuntime (20)
[2019.11.03-14.50.49:511][231]LogModuleManager: Shutting down and abandoning module Renderer (18)
[2019.11.03-14.50.49:512][231]LogModuleManager: Shutting down and abandoning module Engine (16)
[2019.11.03-14.50.49:512][231]LogModuleManager: Shutting down and abandoning module CoreUObject (14)
[2019.11.03-14.50.49:512][231]LogModuleManager: Shutting down and abandoning module NetworkFile (12)
[2019.11.03-14.50.49:512][231]LogModuleManager: Shutting down and abandoning module CookedIterativeFile (10)
[2019.11.03-14.50.49:512][231]LogModuleManager: Shutting down and abandoning module StreamingFile (8)
[2019.11.03-14.50.49:513][231]LogModuleManager: Shutting down and abandoning module SandboxFile (6)
[2019.11.03-14.50.49:513][231]LogModuleManager: Shutting down and abandoning module PakFile (4)
[2019.11.03-14.50.49:514][231]LogModuleManager: Shutting down and abandoning module RSA (3)
[2019.11.03-14.50.49:553][231]LogExit: Exiting.
[2019.11.03-14.50.49:595][231]Log file closed, 11/03/19 09:50:49
