Log file open, 11/10/19 18:34:48
LogWindows: Failed to load 'aqProf.dll' (GetLastError=126)
LogWindows: File 'aqProf.dll' does not exist
LogWindows: Failed to load 'VtuneApi.dll' (GetLastError=126)
LogWindows: File 'VtuneApi.dll' does not exist
LogWindows: Failed to load 'VtuneApi32e.dll' (GetLastError=126)
LogWindows: File 'VtuneApi32e.dll' does not exist
LogConsoleResponse: Display: Failed to find resolution value strings in scalability ini. Falling back to default.
LogInit: Display: Running engine for game: BulletEncoreProject
LogPakFile: Registered encryption key '00000000000000000000000000000000': 0 pak files mounted, 0 remain pending
LogPlatformFile: Not using cached read wrapper
LogTaskGraph: Started task graph with 5 named threads and 35 total threads with 3 sets of task threads.
LogStats: Stats thread started at 0.501085
LogD3D11RHI: Loaded GFSDK_Aftermath_Lib.x64.dll
LogICUInternationalization: ICU TimeZone Detection - Raw Offset: -5:00, Platform Override: ''
LogPluginManager: Mounting plugin Paper2D
LogPluginManager: Mounting plugin AISupport
LogPluginManager: Mounting plugin LightPropagationVolume
LogPluginManager: Mounting plugin ActorLayerUtilities
LogPluginManager: Mounting plugin AnimationSharing
LogPluginManager: Mounting plugin CLionSourceCodeAccess
LogPluginManager: Mounting plugin CodeLiteSourceCodeAccess
LogPluginManager: Mounting plugin GitSourceControl
LogPluginManager: Mounting plugin KDevelopSourceCodeAccess
LogPluginManager: Mounting plugin NullSourceCodeAccess
LogPluginManager: Mounting plugin PerforceSourceControl
LogPluginManager: Mounting plugin SubversionSourceControl
LogPluginManager: Mounting plugin UObjectPlugin
LogPluginManager: Mounting plugin VisualStudioCodeSourceCodeAccess
LogPluginManager: Mounting plugin VisualStudioSourceCodeAccess
LogPluginManager: Mounting plugin XCodeSourceCodeAccess
LogPluginManager: Mounting plugin AssetManagerEditor
LogPluginManager: Mounting plugin CryptoKeys
LogPluginManager: Mounting plugin DataValidation
LogPluginManager: Mounting plugin FacialAnimation
LogPluginManager: Mounting plugin GameplayTagsEditor
LogPluginManager: Mounting plugin MacGraphicsSwitching
LogPluginManager: Mounting plugin MaterialAnalyzer
LogPluginManager: Mounting plugin MobileLauncherProfileWizard
LogPluginManager: Mounting plugin PluginBrowser
LogPluginManager: Mounting plugin SpeedTreeImporter
LogPluginManager: Mounting plugin DatasmithContent
LogPluginManager: Mounting plugin VariantManagerContent
LogPluginManager: Mounting plugin AlembicImporter
LogPluginManager: Mounting plugin AppleImageUtils
LogPluginManager: Mounting plugin AppleVision
LogPluginManager: Mounting plugin BackChannel
LogPluginManager: Mounting plugin CharacterAI
LogPluginManager: Mounting plugin GeometryCache
LogPluginManager: Mounting plugin HTML5Networking
LogPluginManager: Mounting plugin ProxyLODPlugin
LogPluginManager: Mounting plugin SkeletalReduction
LogPluginManager: Mounting plugin MagicLeap
LogPluginManager: Mounting plugin MagicLeapMedia
LogPluginManager: Mounting plugin AndroidMedia
LogPluginManager: Mounting plugin AvfMedia
LogPluginManager: Mounting plugin ImgMedia
LogPluginManager: Mounting plugin LinearTimecode
LogPluginManager: Mounting plugin MediaCompositing
LogPluginManager: Mounting plugin MediaPlayerEditor
LogPluginManager: Mounting plugin WebMMedia
LogPluginManager: Mounting plugin WmfMedia
LogPluginManager: Mounting plugin TcpMessaging
LogPluginManager: Mounting plugin UdpMessaging
LogPluginManager: Mounting plugin ActorSequence
LogPluginManager: Mounting plugin LevelSequenceEditor
LogPluginManager: Mounting plugin MatineeToLevelSequence
LogPluginManager: Mounting plugin NetcodeUnitTest
LogPluginManager: Mounting plugin NUTUnrealEngine4
LogPluginManager: Mounting plugin OnlineSubsystemGooglePlay
LogPluginManager: Mounting plugin OnlineSubsystemIOS
LogPluginManager: Mounting plugin OnlineSubsystem
LogPluginManager: Mounting plugin OnlineSubsystemNull
LogPluginManager: Mounting plugin OnlineSubsystemUtils
LogPluginManager: Mounting plugin LauncherChunkInstaller
LogPluginManager: Mounting plugin AndroidDeviceProfileSelector
LogPluginManager: Mounting plugin AndroidMoviePlayer
LogPluginManager: Mounting plugin AndroidPermission
LogPluginManager: Mounting plugin AppleMoviePlayer
LogPluginManager: Mounting plugin ArchVisCharacter
LogPluginManager: Mounting plugin AudioCapture
LogPluginManager: Mounting plugin CableComponent
LogPluginManager: Mounting plugin CustomMeshComponent
LogPluginManager: Mounting plugin EditableMesh
LogPluginManager: Mounting plugin ExampleDeviceProfileSelector
LogPluginManager: Mounting plugin Firebase
LogPluginManager: Mounting plugin GoogleCloudMessaging
LogPluginManager: Mounting plugin IOSDeviceProfileSelector
LogPluginManager: Mounting plugin LinuxDeviceProfileSelector
LogPluginManager: Mounting plugin LocationServicesBPLibrary
LogPluginManager: Mounting plugin MobilePatchingUtils
LogPluginManager: Mounting plugin OculusVR
LogPluginManager: Mounting plugin PhysXVehicles
LogPluginManager: Mounting plugin ProceduralMeshComponent
LogPluginManager: Mounting plugin RuntimePhysXCooking
LogPluginManager: Mounting plugin SignificanceManager
LogPluginManager: Mounting plugin SteamVR
LogPluginManager: Mounting plugin WebMMoviePlayer
LogPluginManager: Mounting plugin WindowsMoviePlayer
LogInit: Using libcurl 7.55.1-DEV
LogInit:  - built for x86_64-pc-win32
LogInit:  - supports SSL with OpenSSL/1.1.1
LogInit:  - supports HTTP deflate (compression) using libz 1.2.8
LogInit:  - other features:
LogInit:      CURL_VERSION_SSL
LogInit:      CURL_VERSION_LIBZ
LogInit:      CURL_VERSION_IPV6
LogInit:      CURL_VERSION_ASYNCHDNS
LogInit:      CURL_VERSION_LARGEFILE
LogInit:      CURL_VERSION_IDN
LogInit:  CurlRequestOptions (configurable via config and command line):
LogInit:  - bVerifyPeer = true  - Libcurl will verify peer certificate
LogInit:  - bUseHttpProxy = false  - Libcurl will NOT use HTTP proxy
LogInit:  - bDontReuseConnections = false  - Libcurl will reuse connections
LogInit:  - MaxHostConnections = 16  - Libcurl will limit the number of connections to a host
LogInit:  - LocalHostAddr = Default
LogInit:  - BufferSize = 65536
LogInit: WinSock: version 1.1 (2.2), MaxSocks=32767, MaxUdp=65467
LogInit: Build: ++UE4+Release-4.22-CL-7053642
LogInit: Engine Version: 4.22.3-7053642+++UE4+Release-4.22
LogInit: Compatible Engine Version: 4.22.0-5660361+++UE4+Release-4.22
LogInit: Net CL: 5660361
LogInit: OS: Windows 10 (Release 1809) (), CPU: Intel(R) Core(TM) i7-8750H CPU @ 2.20GHz, GPU: Intel(R) UHD Graphics 630
LogInit: Compiled (64-bit): Jun 18 2019 03:09:11
LogInit: Compiled with Visual C++: 19.16.27025.01
LogInit: Build Configuration: Development
LogInit: Branch Name: ++UE4+Release-4.22
LogInit: Command Line: 
LogInit: Base Directory: C:/Program Files/Epic Games/UE_4.22/Engine/Binaries/Win64/
LogInit: Installed Engine Build: 1
LogDevObjectVersion: Number of dev versions registered: 23
LogDevObjectVersion:   Dev-Blueprints (B0D832E4-1F89-4F0D-ACCF-7EB736FD4AA2): 10
LogDevObjectVersion:   Dev-Build (E1C64328-A22C-4D53-A36C-8E866417BD8C): 0
LogDevObjectVersion:   Dev-Core (375EC13C-06E4-48FB-B500-84F0262A717E): 3
LogDevObjectVersion:   Dev-Editor (E4B068ED-F494-42E9-A231-DA0B2E46BB41): 30
LogDevObjectVersion:   Dev-Framework (CFFC743F-43B0-4480-9391-14DF171D2073): 35
LogDevObjectVersion:   Dev-Mobile (B02B49B5-BB20-44E9-A304-32B752E40360): 2
LogDevObjectVersion:   Dev-Networking (A4E4105C-59A1-49B5-A7C5-40C4547EDFEE): 0
LogDevObjectVersion:   Dev-Online (39C831C9-5AE6-47DC-9A44-9C173E1C8E7C): 0
LogDevObjectVersion:   Dev-Physics (78F01B33-EBEA-4F98-B9B4-84EACCB95AA2): 0
LogDevObjectVersion:   Dev-Platform (6631380F-2D4D-43E0-8009-CF276956A95A): 0
LogDevObjectVersion:   Dev-Rendering (12F88B9F-8875-4AFC-A67C-D90C383ABD29): 28
LogDevObjectVersion:   Dev-Sequencer (7B5AE74C-D270-4C10-A958-57980B212A5A): 11
LogDevObjectVersion:   Dev-VR (D7296918-1DD6-4BDD-9DE2-64A83CC13884): 2
LogDevObjectVersion:   Dev-LoadTimes (C2A15278-BFE7-4AFE-6C17-90FF531DF755): 1
LogDevObjectVersion:   Private-Geometry (6EACA3D4-40EC-4CC1-B786-8BED09428FC5): 3
LogDevObjectVersion:   Dev-AnimPhys (29E575DD-E0A3-4627-9D10-D276232CDCEA): 17
LogDevObjectVersion:   Dev-Anim (AF43A65D-7FD3-4947-9873-3E8ED9C1BB05): 2
LogDevObjectVersion:   Dev-ReflectionCapture (6B266CEC-1EC7-4B8F-A30B-E4D90942FC07): 1
LogDevObjectVersion:   Dev-Automation (0DF73D61-A23F-47EA-B727-89E90C41499A): 1
LogDevObjectVersion:   FortniteMain (601D1886-AC64-4F84-AA16-D3DE0DEAC7D6): 25
LogDevObjectVersion:   Dev-Enterprise (9DFFBCD6-494F-0158-E221-12823C92A888): 6
LogDevObjectVersion:   Dev-Niagara (F2AED0AC-9AFE-416F-8664-AA7FFA26D6FC): 1
LogDevObjectVersion:   Dev-Destruction (174F1F0B-B4C6-45A5-B13F-2EE8D0FB917D): 2
LogInit: Presizing for max 16777216 objects, including 0 objects not considered by GC, pre-allocating 0 bytes for permanent pool.
LogInit: Object subsystem initialized
LogConfig: Setting CVar [[con.DebugEarlyDefault:1]]
LogConfig: Setting CVar [[r.setres:1280x720]]
[2019.11.10-23.34.51:907][  0]LogConfig: Setting CVar [[r.VSync:0]]
[2019.11.10-23.34.51:907][  0]LogConfig: Setting CVar [[r.RHICmdBypass:0]]
[2019.11.10-23.34.51:907][  0]LogConfig: Applying CVar settings from Section [/Script/Engine.RendererSettings] File [C:/Users/Malik/Documents/GitHub/BulletEncore/BulletEncoreProject/Saved/Config/Windows/Engine.ini]
[2019.11.10-23.34.51:907][  0]LogConfig: Setting CVar [[r.GPUCrashDebugging:0]]
[2019.11.10-23.34.51:907][  0]LogConfig: Applying CVar settings from Section [/Script/Engine.RendererOverrideSettings] File [C:/Users/Malik/Documents/GitHub/BulletEncore/BulletEncoreProject/Saved/Config/Windows/Engine.ini]
[2019.11.10-23.34.51:907][  0]LogConfig: Applying CVar settings from Section [/Script/Engine.StreamingSettings] File [C:/Users/Malik/Documents/GitHub/BulletEncore/BulletEncoreProject/Saved/Config/Windows/Engine.ini]
[2019.11.10-23.34.51:907][  0]LogConfig: Setting CVar [[s.MinBulkDataSizeForAsyncLoading:131072]]
[2019.11.10-23.34.51:907][  0]LogConfig: Setting CVar [[s.AsyncLoadingThreadEnabled:0]]
[2019.11.10-23.34.51:907][  0]LogConfig: Setting CVar [[s.EventDrivenLoaderEnabled:1]]
[2019.11.10-23.34.51:907][  0]LogConfig: Setting CVar [[s.WarnIfTimeLimitExceeded:0]]
[2019.11.10-23.34.51:907][  0]LogConfig: Setting CVar [[s.TimeLimitExceededMultiplier:1.5]]
[2019.11.10-23.34.51:907][  0]LogConfig: Setting CVar [[s.TimeLimitExceededMinTime:0.005]]
[2019.11.10-23.34.51:907][  0]LogConfig: Setting CVar [[s.UseBackgroundLevelStreaming:1]]
[2019.11.10-23.34.51:907][  0]LogConfig: Setting CVar [[s.PriorityAsyncLoadingExtraTime:15.0]]
[2019.11.10-23.34.51:907][  0]LogConfig: Setting CVar [[s.LevelStreamingActorsUpdateTimeLimit:5.0]]
[2019.11.10-23.34.51:907][  0]LogConfig: Setting CVar [[s.PriorityLevelStreamingActorsUpdateExtraTime:5.0]]
[2019.11.10-23.34.51:907][  0]LogConfig: Setting CVar [[s.LevelStreamingComponentsRegistrationGranularity:10]]
[2019.11.10-23.34.51:907][  0]LogConfig: Setting CVar [[s.UnregisterComponentsTimeLimit:1.0]]
[2019.11.10-23.34.51:907][  0]LogConfig: Setting CVar [[s.LevelStreamingComponentsUnregistrationGranularity:5]]
[2019.11.10-23.34.51:907][  0]LogConfig: Applying CVar settings from Section [/Script/Engine.GarbageCollectionSettings] File [C:/Users/Malik/Documents/GitHub/BulletEncore/BulletEncoreProject/Saved/Config/Windows/Engine.ini]
[2019.11.10-23.34.51:907][  0]LogConfig: Setting CVar [[gc.MaxObjectsNotConsideredByGC:1]]
[2019.11.10-23.34.51:907][  0]LogConfig: Setting CVar [[gc.SizeOfPermanentObjectPool:0]]
[2019.11.10-23.34.51:907][  0]LogConfig: Setting CVar [[gc.FlushStreamingOnGC:0]]
[2019.11.10-23.34.51:907][  0]LogConfig: Setting CVar [[gc.NumRetriesBeforeForcingGC:10]]
[2019.11.10-23.34.51:907][  0]LogConfig: Setting CVar [[gc.AllowParallelGC:1]]
[2019.11.10-23.34.51:907][  0]LogConfig: Setting CVar [[gc.TimeBetweenPurgingPendingKillObjects:61.1]]
[2019.11.10-23.34.51:907][  0]LogConfig: Setting CVar [[gc.MaxObjectsInEditor:16777216]]
[2019.11.10-23.34.51:907][  0]LogConfig: Setting CVar [[gc.IncrementalBeginDestroyEnabled:1]]
[2019.11.10-23.34.51:907][  0]LogConfig: Setting CVar [[gc.CreateGCClusters:1]]
[2019.11.10-23.34.51:907][  0]LogConfig: Setting CVar [[gc.MinGCClusterSize:5]]
[2019.11.10-23.34.51:907][  0]LogConfig: Setting CVar [[gc.ActorClusteringEnabled:0]]
[2019.11.10-23.34.51:907][  0]LogConfig: Setting CVar [[gc.BlueprintClusteringEnabled:0]]
[2019.11.10-23.34.51:907][  0]LogConfig: Setting CVar [[gc.UseDisregardForGCOnDedicatedServers:0]]
[2019.11.10-23.34.51:907][  0]LogConfig: Applying CVar settings from Section [/Script/Engine.NetworkSettings] File [C:/Users/Malik/Documents/GitHub/BulletEncore/BulletEncoreProject/Saved/Config/Windows/Engine.ini]
[2019.11.10-23.34.51:907][  0]LogConfig: Applying CVar settings from Section [/Script/UnrealEd.CookerSettings] File [C:/Users/Malik/Documents/GitHub/BulletEncore/BulletEncoreProject/Saved/Config/Windows/Engine.ini]
[2019.11.10-23.34.51:918][  0]LogConfig: Applying CVar settings from Section [ViewDistanceQuality@3] File [C:/Users/Malik/Documents/GitHub/BulletEncore/BulletEncoreProject/Saved/Config/Windows/Scalability.ini]
[2019.11.10-23.34.51:918][  0]LogConfig: Setting CVar [[r.SkeletalMeshLODBias:0]]
[2019.11.10-23.34.51:918][  0]LogConfig: Setting CVar [[r.ViewDistanceScale:1.0]]
[2019.11.10-23.34.51:918][  0]LogConfig: Applying CVar settings from Section [AntiAliasingQuality@3] File [C:/Users/Malik/Documents/GitHub/BulletEncore/BulletEncoreProject/Saved/Config/Windows/Scalability.ini]
[2019.11.10-23.34.51:918][  0]LogConfig: Setting CVar [[r.PostProcessAAQuality:4]]
[2019.11.10-23.34.51:918][  0]LogConfig: Applying CVar settings from Section [ShadowQuality@3] File [C:/Users/Malik/Documents/GitHub/BulletEncore/BulletEncoreProject/Saved/Config/Windows/Scalability.ini]
[2019.11.10-23.34.51:918][  0]LogConfig: Setting CVar [[r.LightFunctionQuality:1]]
[2019.11.10-23.34.51:918][  0]LogConfig: Setting CVar [[r.ShadowQuality:5]]
[2019.11.10-23.34.51:918][  0]LogConfig: Setting CVar [[r.Shadow.CSM.MaxCascades:10]]
[2019.11.10-23.34.51:918][  0]LogConfig: Setting CVar [[r.Shadow.MaxResolution:2048]]
[2019.11.10-23.34.51:918][  0]LogConfig: Setting CVar [[r.Shadow.MaxCSMResolution:2048]]
[2019.11.10-23.34.51:918][  0]LogConfig: Setting CVar [[r.Shadow.RadiusThreshold:0.01]]
[2019.11.10-23.34.51:918][  0]LogConfig: Setting CVar [[r.Shadow.DistanceScale:1.0]]
[2019.11.10-23.34.51:918][  0]LogConfig: Setting CVar [[r.Shadow.CSM.TransitionScale:1.0]]
[2019.11.10-23.34.51:918][  0]LogConfig: Setting CVar [[r.Shadow.PreShadowResolutionFactor:1.0]]
[2019.11.10-23.34.51:918][  0]LogConfig: Setting CVar [[r.DistanceFieldShadowing:1]]
[2019.11.10-23.34.51:918][  0]LogConfig: Setting CVar [[r.DistanceFieldAO:1]]
[2019.11.10-23.34.51:918][  0]LogConfig: Setting CVar [[r.AOQuality:2]]
[2019.11.10-23.34.51:918][  0]LogConfig: Setting CVar [[r.VolumetricFog:1]]
[2019.11.10-23.34.51:918][  0]LogConfig: Setting CVar [[r.VolumetricFog.GridPixelSize:8]]
[2019.11.10-23.34.51:918][  0]LogConfig: Setting CVar [[r.VolumetricFog.GridSizeZ:128]]
[2019.11.10-23.34.51:918][  0]LogConfig: Setting CVar [[r.VolumetricFog.HistoryMissSupersampleCount:4]]
[2019.11.10-23.34.51:918][  0]LogConfig: Setting CVar [[r.LightMaxDrawDistanceScale:1]]
[2019.11.10-23.34.51:918][  0]LogConfig: Setting CVar [[r.CapsuleShadows:1]]
[2019.11.10-23.34.51:918][  0]LogConfig: Applying CVar settings from Section [PostProcessQuality@3] File [C:/Users/Malik/Documents/GitHub/BulletEncore/BulletEncoreProject/Saved/Config/Windows/Scalability.ini]
[2019.11.10-23.34.51:918][  0]LogConfig: Setting CVar [[r.MotionBlurQuality:4]]
[2019.11.10-23.34.51:918][  0]LogConfig: Setting CVar [[r.AmbientOcclusionMipLevelFactor:0.4]]
[2019.11.10-23.34.51:918][  0]LogConfig: Setting CVar [[r.AmbientOcclusionMaxQuality:100]]
[2019.11.10-23.34.51:918][  0]LogConfig: Setting CVar [[r.AmbientOcclusionLevels:-1]]
[2019.11.10-23.34.51:918][  0]LogConfig: Setting CVar [[r.AmbientOcclusionRadiusScale:1.0]]
[2019.11.10-23.34.51:918][  0]LogConfig: Setting CVar [[r.DepthOfFieldQuality:2]]
[2019.11.10-23.34.51:918][  0]LogConfig: Setting CVar [[r.RenderTargetPoolMin:400]]
[2019.11.10-23.34.51:918][  0]LogConfig: Setting CVar [[r.LensFlareQuality:2]]
[2019.11.10-23.34.51:918][  0]LogConfig: Setting CVar [[r.SceneColorFringeQuality:1]]
[2019.11.10-23.34.51:918][  0]LogConfig: Setting CVar [[r.EyeAdaptationQuality:2]]
[2019.11.10-23.34.51:918][  0]LogConfig: Setting CVar [[r.BloomQuality:5]]
[2019.11.10-23.34.51:918][  0]LogConfig: Setting CVar [[r.FastBlurThreshold:100]]
[2019.11.10-23.34.51:918][  0]LogConfig: Setting CVar [[r.Upscale.Quality:3]]
[2019.11.10-23.34.51:918][  0]LogConfig: Setting CVar [[r.Tonemapper.GrainQuantization:1]]
[2019.11.10-23.34.51:918][  0]LogConfig: Setting CVar [[r.LightShaftQuality:1]]
[2019.11.10-23.34.51:918][  0]LogConfig: Setting CVar [[r.Filter.SizeScale:1]]
[2019.11.10-23.34.51:918][  0]LogConfig: Setting CVar [[r.Tonemapper.Quality:5]]
[2019.11.10-23.34.51:918][  0]LogConfig: Setting CVar [[r.DOF.Gather.AccumulatorQuality:1        ; higher gathering accumulator quality]]
[2019.11.10-23.34.51:918][  0]LogConfig: Setting CVar [[r.DOF.Gather.PostfilterMethod:1          ; Median3x3 postfilering method]]
[2019.11.10-23.34.51:918][  0]LogConfig: Setting CVar [[r.DOF.Gather.EnableBokehSettings:0       ; no bokeh simulation when gathering]]
[2019.11.10-23.34.51:918][  0]LogConfig: Setting CVar [[r.DOF.Gather.RingCount:4                 ; medium number of samples when gathering]]
[2019.11.10-23.34.51:918][  0]LogConfig: Setting CVar [[r.DOF.Scatter.ForegroundCompositing:1    ; additive foreground scattering]]
[2019.11.10-23.34.51:918][  0]LogConfig: Setting CVar [[r.DOF.Scatter.BackgroundCompositing:2    ; additive background scattering]]
[2019.11.10-23.34.51:918][  0]LogConfig: Setting CVar [[r.DOF.Scatter.EnableBokehSettings:1      ; bokeh simulation when scattering]]
[2019.11.10-23.34.51:918][  0]LogConfig: Setting CVar [[r.DOF.Scatter.MaxSpriteRatio:0.1         ; only a maximum of 10% of scattered bokeh]]
[2019.11.10-23.34.51:918][  0]LogConfig: Setting CVar [[r.DOF.Recombine.Quality:1                ; cheap slight out of focus]]
[2019.11.10-23.34.51:918][  0]LogConfig: Setting CVar [[r.DOF.Recombine.EnableBokehSettings:0    ; no bokeh simulation on slight out of focus]]
[2019.11.10-23.34.51:918][  0]LogConfig: Setting CVar [[r.DOF.TemporalAAQuality:1                ; more stable temporal accumulation]]
[2019.11.10-23.34.51:918][  0]LogConfig: Setting CVar [[r.DOF.Kernel.MaxForegroundRadius:0.025]]
[2019.11.10-23.34.51:918][  0]LogConfig: Setting CVar [[r.DOF.Kernel.MaxBackgroundRadius:0.025]]
[2019.11.10-23.34.51:918][  0]LogConfig: Applying CVar settings from Section [TextureQuality@3] File [C:/Users/Malik/Documents/GitHub/BulletEncore/BulletEncoreProject/Saved/Config/Windows/Scalability.ini]
[2019.11.10-23.34.51:918][  0]LogConfig: Setting CVar [[r.Streaming.MipBias:0]]
[2019.11.10-23.34.51:918][  0]LogConfig: Setting CVar [[r.Streaming.AmortizeCPUToGPUCopy:0]]
[2019.11.10-23.34.51:918][  0]LogConfig: Setting CVar [[r.Streaming.MaxNumTexturesToStreamPerFrame:0]]
[2019.11.10-23.34.51:918][  0]LogConfig: Setting CVar [[r.Streaming.Boost:1]]
[2019.11.10-23.34.51:918][  0]LogConfig: Setting CVar [[r.MaxAnisotropy:8]]
[2019.11.10-23.34.51:918][  0]LogConfig: Setting CVar [[r.Streaming.LimitPoolSizeToVRAM:0]]
[2019.11.10-23.34.51:918][  0]LogConfig: Setting CVar [[r.Streaming.PoolSize:1000]]
[2019.11.10-23.34.51:918][  0]LogConfig: Setting CVar [[r.Streaming.MaxEffectiveScreenSize:0]]
[2019.11.10-23.34.51:918][  0]LogConfig: Applying CVar settings from Section [EffectsQuality@3] File [C:/Users/Malik/Documents/GitHub/BulletEncore/BulletEncoreProject/Saved/Config/Windows/Scalability.ini]
[2019.11.10-23.34.51:918][  0]LogConfig: Setting CVar [[r.TranslucencyLightingVolumeDim:64]]
[2019.11.10-23.34.51:918][  0]LogConfig: Setting CVar [[r.RefractionQuality:2]]
[2019.11.10-23.34.51:918][  0]LogConfig: Setting CVar [[r.SSR.Quality:3]]
[2019.11.10-23.34.51:918][  0]LogConfig: Setting CVar [[r.SceneColorFormat:4]]
[2019.11.10-23.34.51:919][  0]LogConfig: Setting CVar [[r.DetailMode:2]]
[2019.11.10-23.34.51:919][  0]LogConfig: Setting CVar [[r.TranslucencyVolumeBlur:1]]
[2019.11.10-23.34.51:919][  0]LogConfig: Setting CVar [[r.MaterialQualityLevel:1 ; High quality]]
[2019.11.10-23.34.51:919][  0]LogConfig: Setting CVar [[r.SSS.Scale:1]]
[2019.11.10-23.34.51:919][  0]LogConfig: Setting CVar [[r.SSS.SampleSet:2]]
[2019.11.10-23.34.51:919][  0]LogConfig: Setting CVar [[r.SSS.Quality:1]]
[2019.11.10-23.34.51:919][  0]LogConfig: Setting CVar [[r.SSS.HalfRes:1]]
[2019.11.10-23.34.51:919][  0]LogConfig: Setting CVar [[r.EmitterSpawnRateScale:1.0]]
[2019.11.10-23.34.51:919][  0]LogConfig: Setting CVar [[r.ParticleLightQuality:2]]
[2019.11.10-23.34.51:919][  0]LogConfig: Applying CVar settings from Section [FoliageQuality@3] File [C:/Users/Malik/Documents/GitHub/BulletEncore/BulletEncoreProject/Saved/Config/Windows/Scalability.ini]
[2019.11.10-23.34.51:919][  0]LogConfig: Setting CVar [[foliage.DensityScale:1.0]]
[2019.11.10-23.34.51:919][  0]LogConfig: Setting CVar [[grass.DensityScale:1.0]]
[2019.11.10-23.34.51:919][  0]LogInit: Selected Device Profile: [Windows]
[2019.11.10-23.34.51:919][  0]LogInit: Applying CVar settings loaded from the selected device profile: [Windows]
[2019.11.10-23.34.51:964][  0]LogHAL: Display: Platform has ~ 8 GB [8437579776 / 8589934592 / 8], which maps to Default [LargestMinGB=32, LargerMinGB=12, DefaultMinGB=8, SmallerMinGB=6, SmallestMinGB=0)
[2019.11.10-23.34.51:982][  0]LogConfig: Setting CVar [[r.Vulkan.UseRealUBs:0		; Required until we fix HLR fall-out]]
[2019.11.10-23.34.51:982][  0]LogInit: Going up to parent DeviceProfile []
[2019.11.10-23.34.51:983][  0]LogConfig: Applying CVar settings from Section [ViewDistanceQuality@3] File [C:/Users/Malik/Documents/GitHub/BulletEncore/BulletEncoreProject/Saved/Config/Windows/Scalability.ini]
[2019.11.10-23.34.51:983][  0]LogConfig: Setting CVar [[r.SkeletalMeshLODBias:0]]
[2019.11.10-23.34.51:983][  0]LogConfig: Setting CVar [[r.ViewDistanceScale:1.0]]
[2019.11.10-23.34.51:983][  0]LogConfig: Applying CVar settings from Section [AntiAliasingQuality@3] File [C:/Users/Malik/Documents/GitHub/BulletEncore/BulletEncoreProject/Saved/Config/Windows/Scalability.ini]
[2019.11.10-23.34.51:983][  0]LogConfig: Setting CVar [[r.PostProcessAAQuality:4]]
[2019.11.10-23.34.51:983][  0]LogConfig: Applying CVar settings from Section [ShadowQuality@3] File [C:/Users/Malik/Documents/GitHub/BulletEncore/BulletEncoreProject/Saved/Config/Windows/Scalability.ini]
[2019.11.10-23.34.51:983][  0]LogConfig: Setting CVar [[r.LightFunctionQuality:1]]
[2019.11.10-23.34.51:983][  0]LogConfig: Setting CVar [[r.ShadowQuality:5]]
[2019.11.10-23.34.51:983][  0]LogConfig: Setting CVar [[r.Shadow.CSM.MaxCascades:10]]
[2019.11.10-23.34.51:983][  0]LogConfig: Setting CVar [[r.Shadow.MaxResolution:2048]]
[2019.11.10-23.34.51:983][  0]LogConfig: Setting CVar [[r.Shadow.MaxCSMResolution:2048]]
[2019.11.10-23.34.51:983][  0]LogConfig: Setting CVar [[r.Shadow.RadiusThreshold:0.01]]
[2019.11.10-23.34.51:983][  0]LogConfig: Setting CVar [[r.Shadow.DistanceScale:1.0]]
[2019.11.10-23.34.51:983][  0]LogConfig: Setting CVar [[r.Shadow.CSM.TransitionScale:1.0]]
[2019.11.10-23.34.51:983][  0]LogConfig: Setting CVar [[r.Shadow.PreShadowResolutionFactor:1.0]]
[2019.11.10-23.34.51:983][  0]LogConfig: Setting CVar [[r.DistanceFieldShadowing:1]]
[2019.11.10-23.34.51:983][  0]LogConfig: Setting CVar [[r.DistanceFieldAO:1]]
[2019.11.10-23.34.51:983][  0]LogConfig: Setting CVar [[r.AOQuality:2]]
[2019.11.10-23.34.51:983][  0]LogConfig: Setting CVar [[r.VolumetricFog:1]]
[2019.11.10-23.34.51:983][  0]LogConfig: Setting CVar [[r.VolumetricFog.GridPixelSize:8]]
[2019.11.10-23.34.51:983][  0]LogConfig: Setting CVar [[r.VolumetricFog.GridSizeZ:128]]
[2019.11.10-23.34.51:983][  0]LogConfig: Setting CVar [[r.VolumetricFog.HistoryMissSupersampleCount:4]]
[2019.11.10-23.34.51:983][  0]LogConfig: Setting CVar [[r.LightMaxDrawDistanceScale:1]]
[2019.11.10-23.34.51:983][  0]LogConfig: Setting CVar [[r.CapsuleShadows:1]]
[2019.11.10-23.34.51:983][  0]LogConfig: Applying CVar settings from Section [PostProcessQuality@3] File [C:/Users/Malik/Documents/GitHub/BulletEncore/BulletEncoreProject/Saved/Config/Windows/Scalability.ini]
[2019.11.10-23.34.51:983][  0]LogConfig: Setting CVar [[r.MotionBlurQuality:4]]
[2019.11.10-23.34.51:983][  0]LogConfig: Setting CVar [[r.AmbientOcclusionMipLevelFactor:0.4]]
[2019.11.10-23.34.51:983][  0]LogConfig: Setting CVar [[r.AmbientOcclusionMaxQuality:100]]
[2019.11.10-23.34.51:983][  0]LogConfig: Setting CVar [[r.AmbientOcclusionLevels:-1]]
[2019.11.10-23.34.51:983][  0]LogConfig: Setting CVar [[r.AmbientOcclusionRadiusScale:1.0]]
[2019.11.10-23.34.51:983][  0]LogConfig: Setting CVar [[r.DepthOfFieldQuality:2]]
[2019.11.10-23.34.51:983][  0]LogConfig: Setting CVar [[r.RenderTargetPoolMin:400]]
[2019.11.10-23.34.51:983][  0]LogConfig: Setting CVar [[r.LensFlareQuality:2]]
[2019.11.10-23.34.51:983][  0]LogConfig: Setting CVar [[r.SceneColorFringeQuality:1]]
[2019.11.10-23.34.51:983][  0]LogConfig: Setting CVar [[r.EyeAdaptationQuality:2]]
[2019.11.10-23.34.51:983][  0]LogConfig: Setting CVar [[r.BloomQuality:5]]
[2019.11.10-23.34.51:983][  0]LogConfig: Setting CVar [[r.FastBlurThreshold:100]]
[2019.11.10-23.34.51:983][  0]LogConfig: Setting CVar [[r.Upscale.Quality:3]]
[2019.11.10-23.34.51:983][  0]LogConfig: Setting CVar [[r.Tonemapper.GrainQuantization:1]]
[2019.11.10-23.34.51:983][  0]LogConfig: Setting CVar [[r.LightShaftQuality:1]]
[2019.11.10-23.34.51:983][  0]LogConfig: Setting CVar [[r.Filter.SizeScale:1]]
[2019.11.10-23.34.51:983][  0]LogConfig: Setting CVar [[r.Tonemapper.Quality:5]]
[2019.11.10-23.34.51:983][  0]LogConfig: Setting CVar [[r.DOF.Gather.AccumulatorQuality:1        ; higher gathering accumulator quality]]
[2019.11.10-23.34.51:983][  0]LogConfig: Setting CVar [[r.DOF.Gather.PostfilterMethod:1          ; Median3x3 postfilering method]]
[2019.11.10-23.34.51:983][  0]LogConfig: Setting CVar [[r.DOF.Gather.EnableBokehSettings:0       ; no bokeh simulation when gathering]]
[2019.11.10-23.34.51:983][  0]LogConfig: Setting CVar [[r.DOF.Gather.RingCount:4                 ; medium number of samples when gathering]]
[2019.11.10-23.34.51:983][  0]LogConfig: Setting CVar [[r.DOF.Scatter.ForegroundCompositing:1    ; additive foreground scattering]]
[2019.11.10-23.34.51:983][  0]LogConfig: Setting CVar [[r.DOF.Scatter.BackgroundCompositing:2    ; additive background scattering]]
[2019.11.10-23.34.51:983][  0]LogConfig: Setting CVar [[r.DOF.Scatter.EnableBokehSettings:1      ; bokeh simulation when scattering]]
[2019.11.10-23.34.51:983][  0]LogConfig: Setting CVar [[r.DOF.Scatter.MaxSpriteRatio:0.1         ; only a maximum of 10% of scattered bokeh]]
[2019.11.10-23.34.51:983][  0]LogConfig: Setting CVar [[r.DOF.Recombine.Quality:1                ; cheap slight out of focus]]
[2019.11.10-23.34.51:983][  0]LogConfig: Setting CVar [[r.DOF.Recombine.EnableBokehSettings:0    ; no bokeh simulation on slight out of focus]]
[2019.11.10-23.34.51:984][  0]LogConfig: Setting CVar [[r.DOF.TemporalAAQuality:1                ; more stable temporal accumulation]]
[2019.11.10-23.34.51:984][  0]LogConfig: Setting CVar [[r.DOF.Kernel.MaxForegroundRadius:0.025]]
[2019.11.10-23.34.51:984][  0]LogConfig: Setting CVar [[r.DOF.Kernel.MaxBackgroundRadius:0.025]]
[2019.11.10-23.34.51:984][  0]LogConfig: Applying CVar settings from Section [TextureQuality@3] File [C:/Users/Malik/Documents/GitHub/BulletEncore/BulletEncoreProject/Saved/Config/Windows/Scalability.ini]
[2019.11.10-23.34.51:984][  0]LogConfig: Setting CVar [[r.Streaming.MipBias:0]]
[2019.11.10-23.34.51:984][  0]LogConfig: Setting CVar [[r.Streaming.AmortizeCPUToGPUCopy:0]]
[2019.11.10-23.34.51:984][  0]LogConfig: Setting CVar [[r.Streaming.MaxNumTexturesToStreamPerFrame:0]]
[2019.11.10-23.34.51:984][  0]LogConfig: Setting CVar [[r.Streaming.Boost:1]]
[2019.11.10-23.34.51:984][  0]LogConfig: Setting CVar [[r.MaxAnisotropy:8]]
[2019.11.10-23.34.51:984][  0]LogConfig: Setting CVar [[r.Streaming.LimitPoolSizeToVRAM:0]]
[2019.11.10-23.34.51:984][  0]LogConfig: Setting CVar [[r.Streaming.PoolSize:1000]]
[2019.11.10-23.34.51:984][  0]LogConfig: Setting CVar [[r.Streaming.MaxEffectiveScreenSize:0]]
[2019.11.10-23.34.51:984][  0]LogConfig: Applying CVar settings from Section [EffectsQuality@3] File [C:/Users/Malik/Documents/GitHub/BulletEncore/BulletEncoreProject/Saved/Config/Windows/Scalability.ini]
[2019.11.10-23.34.51:984][  0]LogConfig: Setting CVar [[r.TranslucencyLightingVolumeDim:64]]
[2019.11.10-23.34.51:984][  0]LogConfig: Setting CVar [[r.RefractionQuality:2]]
[2019.11.10-23.34.51:984][  0]LogConfig: Setting CVar [[r.SSR.Quality:3]]
[2019.11.10-23.34.51:984][  0]LogConfig: Setting CVar [[r.SceneColorFormat:4]]
[2019.11.10-23.34.51:984][  0]LogConfig: Setting CVar [[r.DetailMode:2]]
[2019.11.10-23.34.51:984][  0]LogConfig: Setting CVar [[r.TranslucencyVolumeBlur:1]]
[2019.11.10-23.34.51:984][  0]LogConfig: Setting CVar [[r.MaterialQualityLevel:1 ; High quality]]
[2019.11.10-23.34.51:984][  0]LogConfig: Setting CVar [[r.SSS.Scale:1]]
[2019.11.10-23.34.51:984][  0]LogConfig: Setting CVar [[r.SSS.SampleSet:2]]
[2019.11.10-23.34.51:984][  0]LogConfig: Setting CVar [[r.SSS.Quality:1]]
[2019.11.10-23.34.51:984][  0]LogConfig: Setting CVar [[r.SSS.HalfRes:1]]
[2019.11.10-23.34.51:984][  0]LogConfig: Setting CVar [[r.EmitterSpawnRateScale:1.0]]
[2019.11.10-23.34.51:984][  0]LogConfig: Setting CVar [[r.ParticleLightQuality:2]]
[2019.11.10-23.34.51:984][  0]LogConfig: Applying CVar settings from Section [FoliageQuality@3] File [C:/Users/Malik/Documents/GitHub/BulletEncore/BulletEncoreProject/Saved/Config/Windows/Scalability.ini]
[2019.11.10-23.34.51:984][  0]LogConfig: Setting CVar [[foliage.DensityScale:1.0]]
[2019.11.10-23.34.51:984][  0]LogConfig: Setting CVar [[grass.DensityScale:1.0]]
[2019.11.10-23.34.51:984][  0]LogConfig: Applying CVar settings from Section [Startup] File [../../../Engine/Config/ConsoleVariables.ini]
[2019.11.10-23.34.51:984][  0]LogConfig: Setting CVar [[net.UseAdaptiveNetUpdateFrequency:0]]
[2019.11.10-23.34.51:984][  0]LogConfig: Setting CVar [[p.chaos.AllowCreatePhysxBodies:1]]
[2019.11.10-23.34.51:984][  0]LogConfig: Applying CVar settings from Section [ConsoleVariables] File [C:/Users/Malik/Documents/GitHub/BulletEncore/BulletEncoreProject/Saved/Config/Windows/Engine.ini]
[2019.11.10-23.34.52:034][  0]LogInit: Computer: LAPTOP-QRINR8CT
[2019.11.10-23.34.52:034][  0]LogInit: User: Malik
[2019.11.10-23.34.52:034][  0]LogInit: CPU Page size=4096, Cores=6
[2019.11.10-23.34.52:034][  0]LogInit: High frequency timer resolution =10.000000 MHz
[2019.11.10-23.34.52:034][  0]LogMemory: Memory total: Physical=7.9GB (8GB approx)
[2019.11.10-23.34.52:034][  0]LogMemory: Platform Memory Stats for Windows
[2019.11.10-23.34.52:034][  0]LogMemory: Process Physical Memory: 98.55 MB used, 98.56 MB peak
[2019.11.10-23.34.52:034][  0]LogMemory: Process Virtual Memory: 90.11 MB used, 90.11 MB peak
[2019.11.10-23.34.52:034][  0]LogMemory: Physical Memory: 6046.55 MB used,  2000.15 MB free, 8046.70 MB total
[2019.11.10-23.34.52:034][  0]LogMemory: Virtual Memory: 4674.66 MB used,  134213056.00 MB free, 134217728.00 MB total
[2019.11.10-23.34.54:157][  0]LogInit: Using OS detected language (en-US).
[2019.11.10-23.34.54:157][  0]LogInit: Using OS detected locale (en-CA).
[2019.11.10-23.34.54:173][  0]LogTextLocalizationManager: No specific localization for 'en-US' exists, so the 'en' localization will be used.
[2019.11.10-23.34.55:057][  0]LogInit: Setting process to per monitor DPI aware
[2019.11.10-23.34.55:634][  0]LogSlate: New Slate User Created.  User Index 0, Is Virtual User: 0
[2019.11.10-23.34.55:634][  0]LogSlate: Slate User Registered.  User Index 0, Is Virtual User: 0
[2019.11.10-23.34.58:762][  0]LogHMD: Failed to initialize OpenVR with code 110
[2019.11.10-23.34.58:762][  0]LogD3D11RHI: D3D11 adapters:
[2019.11.10-23.34.59:377][  0]LogD3D11RHI:    0. 'NVIDIA GeForce GTX 1050 Ti' (Feature Level 11_0)
[2019.11.10-23.34.59:377][  0]LogD3D11RHI:       4021/0/4023 MB DedicatedVideo/DedicatedSystem/SharedSystem, Outputs:2, VendorId:0x10de
[2019.11.10-23.34.59:620][  0]LogD3D11RHI:    1. 'Intel(R) UHD Graphics 630' (Feature Level 11_0)
[2019.11.10-23.34.59:620][  0]LogD3D11RHI:       128/0/4023 MB DedicatedVideo/DedicatedSystem/SharedSystem, Outputs:0, VendorId:0x8086
[2019.11.10-23.34.59:632][  0]LogD3D11RHI:    2. 'Microsoft Basic Render Driver' (Feature Level 11_0)
[2019.11.10-23.34.59:632][  0]LogD3D11RHI:       0/0/4023 MB DedicatedVideo/DedicatedSystem/SharedSystem, Outputs:0, VendorId:0x1414
[2019.11.10-23.34.59:632][  0]LogD3D11RHI: Chosen D3D11 Adapter: 0
[2019.11.10-23.34.59:674][  0]LogD3D11RHI: Creating new Direct3DDevice
[2019.11.10-23.34.59:674][  0]LogD3D11RHI:     GPU DeviceId: 0x1c8c (for the marketing name, search the web for "GPU Device Id")
[2019.11.10-23.34.59:678][  0]LogWindows: EnumDisplayDevices:
[2019.11.10-23.34.59:678][  0]LogWindows:    0. 'Intel(R) UHD Graphics 630' (P:1 D:1)
[2019.11.10-23.34.59:678][  0]LogWindows:    1. 'Intel(R) UHD Graphics 630' (P:0 D:1)
[2019.11.10-23.34.59:679][  0]LogWindows:    2. 'Intel(R) UHD Graphics 630' (P:0 D:0)
[2019.11.10-23.34.59:679][  0]LogWindows: DebugString: PrimaryIsNotTheChoosenAdapter PrimaryIsNotTheChoosenAdapter PrimaryIsNotTheChoosenAdapter FoundDriverCount:0 
[2019.11.10-23.34.59:679][  0]LogD3D11RHI:     Adapter Name: NVIDIA GeForce GTX 1050 Ti
[2019.11.10-23.34.59:679][  0]LogD3D11RHI:   Driver Version: Unknown (internal:Unknown, unified:Unknown)
[2019.11.10-23.34.59:679][  0]LogD3D11RHI:      Driver Date: Unknown
[2019.11.10-23.34.59:679][  0]LogRHI: Texture pool is 2814 MB (70% of 4021 MB)
[2019.11.10-23.34.59:794][  0]LogD3D11RHI: Async texture creation enabled
[2019.11.10-23.34.59:858][  0]LogRendererCore: FGlobalReadBuffer::InitRHI
[2019.11.10-23.34.59:876][  0]LogRendererCore: FGlobalReadBuffer::InitRHI
[2019.11.10-23.34.59:876][  0]LogRendererCore: FGlobalReadBuffer::InitRHI
[2019.11.10-23.34.59:893][  0]LogD3D11RHI: GPU Timing Frequency: 1000.000000 (Debug: 2 1)
[2019.11.10-23.35.02:008][  0]LogTemp: Display: Module 'AllDesktopTargetPlatform' loaded TargetPlatform 'AllDesktop'
[2019.11.10-23.35.02:021][  0]LogTemp: Display: Module 'MacClientTargetPlatform' loaded TargetPlatform 'MacClient'
[2019.11.10-23.35.02:036][  0]LogTemp: Display: Module 'MacNoEditorTargetPlatform' loaded TargetPlatform 'MacNoEditor'
[2019.11.10-23.35.02:061][  0]LogTemp: Display: Module 'MacServerTargetPlatform' loaded TargetPlatform 'MacServer'
[2019.11.10-23.35.02:107][  0]LogTemp: Display: Module 'MacTargetPlatform' loaded TargetPlatform 'Mac'
[2019.11.10-23.35.02:124][  0]LogTemp: Display: Module 'WindowsClientTargetPlatform' loaded TargetPlatform 'WindowsClient'
[2019.11.10-23.35.02:141][  0]LogTemp: Display: Module 'WindowsNoEditorTargetPlatform' loaded TargetPlatform 'WindowsNoEditor'
[2019.11.10-23.35.02:156][  0]LogTemp: Display: Module 'WindowsServerTargetPlatform' loaded TargetPlatform 'WindowsServer'
[2019.11.10-23.35.02:164][  0]LogTemp: Display: Module 'WindowsTargetPlatform' loaded TargetPlatform 'Windows'
[2019.11.10-23.35.02:257][  0]LogTemp: Display: Module 'AndroidTargetPlatform' loaded TargetPlatform 'Android'
[2019.11.10-23.35.02:257][  0]LogTemp: Display: Module 'AndroidTargetPlatform' loaded TargetPlatform 'Android_ASTC'
[2019.11.10-23.35.02:257][  0]LogTemp: Display: Module 'AndroidTargetPlatform' loaded TargetPlatform 'Android_ATC'
[2019.11.10-23.35.02:257][  0]LogTemp: Display: Module 'AndroidTargetPlatform' loaded TargetPlatform 'Android_DXT'
[2019.11.10-23.35.02:257][  0]LogTemp: Display: Module 'AndroidTargetPlatform' loaded TargetPlatform 'Android_ETC1'
[2019.11.10-23.35.02:257][  0]LogTemp: Display: Module 'AndroidTargetPlatform' loaded TargetPlatform 'Android_ETC1a'
[2019.11.10-23.35.02:257][  0]LogTemp: Display: Module 'AndroidTargetPlatform' loaded TargetPlatform 'Android_ETC2'
[2019.11.10-23.35.02:257][  0]LogTemp: Display: Module 'AndroidTargetPlatform' loaded TargetPlatform 'Android_PVRTC'
[2019.11.10-23.35.02:257][  0]LogTemp: Display: Module 'AndroidTargetPlatform' loaded TargetPlatform 'AndroidClient'
[2019.11.10-23.35.02:257][  0]LogTemp: Display: Module 'AndroidTargetPlatform' loaded TargetPlatform 'Android_ASTCClient'
[2019.11.10-23.35.02:257][  0]LogTemp: Display: Module 'AndroidTargetPlatform' loaded TargetPlatform 'Android_ATCClient'
[2019.11.10-23.35.02:257][  0]LogTemp: Display: Module 'AndroidTargetPlatform' loaded TargetPlatform 'Android_DXTClient'
[2019.11.10-23.35.02:257][  0]LogTemp: Display: Module 'AndroidTargetPlatform' loaded TargetPlatform 'Android_ETC1Client'
[2019.11.10-23.35.02:257][  0]LogTemp: Display: Module 'AndroidTargetPlatform' loaded TargetPlatform 'Android_ETC1aClient'
[2019.11.10-23.35.02:257][  0]LogTemp: Display: Module 'AndroidTargetPlatform' loaded TargetPlatform 'Android_ETC2Client'
[2019.11.10-23.35.02:257][  0]LogTemp: Display: Module 'AndroidTargetPlatform' loaded TargetPlatform 'Android_PVRTCClient'
[2019.11.10-23.35.02:257][  0]LogTemp: Display: Module 'AndroidTargetPlatform' loaded TargetPlatform 'Android_Multi'
[2019.11.10-23.35.02:257][  0]LogTemp: Display: Module 'AndroidTargetPlatform' loaded TargetPlatform 'Android_MultiClient'
[2019.11.10-23.35.02:291][  0]LogTemp: Display: Module 'HTML5TargetPlatform' loaded TargetPlatform 'HTML5'
[2019.11.10-23.35.02:392][  0]LogTemp: Display: Module 'IOSTargetPlatform' loaded TargetPlatform 'IOSClient'
[2019.11.10-23.35.02:392][  0]LogTemp: Display: Module 'IOSTargetPlatform' loaded TargetPlatform 'IOS'
[2019.11.10-23.35.02:415][  0]LogTemp: Display: Module 'TVOSTargetPlatform' loaded TargetPlatform 'TVOSClient'
[2019.11.10-23.35.02:415][  0]LogTemp: Display: Module 'TVOSTargetPlatform' loaded TargetPlatform 'TVOS'
[2019.11.10-23.35.02:445][  0]LogTemp: Display: Module 'LinuxClientTargetPlatform' loaded TargetPlatform 'LinuxClient'
[2019.11.10-23.35.02:459][  0]LogTemp: Display: Module 'LinuxNoEditorTargetPlatform' loaded TargetPlatform 'LinuxNoEditor'
[2019.11.10-23.35.02:477][  0]LogTemp: Display: Module 'LinuxServerTargetPlatform' loaded TargetPlatform 'LinuxServer'
[2019.11.10-23.35.02:503][  0]LogTemp: Display: Module 'LinuxTargetPlatform' loaded TargetPlatform 'Linux'
[2019.11.10-23.35.02:548][  0]LogTemp: Display: Module 'LuminTargetPlatform' loaded TargetPlatform 'Lumin'
[2019.11.10-23.35.02:548][  0]LogTemp: Display: Module 'LuminTargetPlatform' loaded TargetPlatform 'LuminClient'
[2019.11.10-23.35.02:548][  0]LogTargetPlatformManager: Display: Building Assets For Windows
[2019.11.10-23.35.02:584][  0]LogAudioDebug: Display: Lib vorbis DLL was dynamically loaded.
[2019.11.10-23.35.02:936][  0]LogShaderCompilers: Guid format shader working directory is -34 characters bigger than the processId version (../../../../../../Users/Malik/Documents/GitHub/BulletEncore/BulletEncoreProject/Intermediate/Shaders/WorkingDirectory/14684/).
[2019.11.10-23.35.02:936][  0]LogShaderCompilers: Cleaned the shader compiler working directory 'C:/Users/Malik/AppData/Local/Temp/UnrealShaderWorkingDir/CEBFB4B242545E33A8C6DBA12A735D21/'.
[2019.11.10-23.35.02:939][  0]LogXGEController: Cleaning working directory: C:/Users/Malik/AppData/Local/Temp/UnrealXGEWorkingDir/
[2019.11.10-23.35.02:963][  0]LogShaderCompilers: Display: Using XGE Shader Compiler (Interception Interface).
[2019.11.10-23.35.05:946][  0]LogDerivedDataCache: Display: Max Cache Size: 512 MB
[2019.11.10-23.35.07:211][  0]LogDerivedDataCache: Loaded boot cache 1.24s 74MB C:/Users/Malik/AppData/Local/UnrealEngine/4.22/DerivedDataCache/Boot.ddc.
[2019.11.10-23.35.07:211][  0]LogDerivedDataCache: Display: Loaded Boot cache: C:/Users/Malik/AppData/Local/UnrealEngine/4.22/DerivedDataCache/Boot.ddc
[2019.11.10-23.35.07:211][  0]LogDerivedDataCache: FDerivedDataBackendGraph:  Pak pak cache file ../../../../../../Users/Malik/Documents/GitHub/BulletEncore/BulletEncoreProject/DerivedDataCache/DDC.ddp not found, will not use a pak cache.
[2019.11.10-23.35.07:211][  0]LogDerivedDataCache: Unable to find inner node Pak for hierarchical cache Hierarchy.
[2019.11.10-23.35.07:211][  0]LogDerivedDataCache: FDerivedDataBackendGraph:  CompressedPak pak cache file ../../../../../../Users/Malik/Documents/GitHub/BulletEncore/BulletEncoreProject/DerivedDataCache/Compressed.ddp not found, will not use a pak cache.
[2019.11.10-23.35.07:211][  0]LogDerivedDataCache: Unable to find inner node CompressedPak for hierarchical cache Hierarchy.
[2019.11.10-23.35.07:247][  0]LogDerivedDataCache: Display: Pak cache opened for reading ../../../Engine/DerivedDataCache/Compressed.ddp.
[2019.11.10-23.35.07:247][  0]LogDerivedDataCache: FDerivedDataBackendGraph:  EnterprisePak pak cache file ../../../Enterprise/DerivedDataCache/Compressed.ddp not found, will not use a pak cache.
[2019.11.10-23.35.07:247][  0]LogDerivedDataCache: Unable to find inner node EnterprisePak for hierarchical cache Hierarchy.
[2019.11.10-23.35.07:259][  0]LogDerivedDataCache: Using Local data cache path C:/Users/Malik/AppData/Local/UnrealEngine/Common/DerivedDataCache: Writable
[2019.11.10-23.35.07:259][  0]LogDerivedDataCache: Shared data cache path not found in *engine.ini, will not use an Shared cache.
[2019.11.10-23.35.07:259][  0]LogDerivedDataCache: Unable to find inner node Shared for hierarchical cache Hierarchy.
[2019.11.10-23.35.07:280][  0]LogMaterial: Verifying Global Shaders for PCD3D_SM5
[2019.11.10-23.35.07:299][  0]LogSlate: Using FreeType 2.6.0
[2019.11.10-23.35.07:385][  0]LogSlate: SlateFontServices - WITH_FREETYPE: 1, WITH_HARFBUZZ: 1
[2019.11.10-23.35.07:949][  0]LogAssetRegistry: FAssetRegistry took 0.0335 seconds to start up
[2019.11.10-23.35.10:814][  0]LogInit: Selected Device Profile: [Windows]
[2019.11.10-23.35.11:680][  0]LogMeshReduction: Using QuadricMeshReduction for automatic static mesh reduction
[2019.11.10-23.35.11:680][  0]LogMeshReduction: Using SimplygonMeshReduction for automatic skeletal mesh reduction
[2019.11.10-23.35.11:680][  0]LogMeshReduction: Using ProxyLODMeshReduction for automatic mesh merging
[2019.11.10-23.35.11:680][  0]LogMeshReduction: No distributed automatic mesh merging module available
[2019.11.10-23.35.11:681][  0]LogMeshMerging: No distributed automatic mesh merging module available
[2019.11.10-23.35.11:788][  0]LogNetVersion: BulletEncoreProject 1.0.0, NetCL: 5660361, EngineNetVer: 10, GameNetVer: 0 (Checksum: 3294845334)
[2019.11.10-23.35.14:067][  0]LogPackageLocalizationCache: Processed 10 localized package path(s) for 1 prioritized culture(s) in 0.098289 seconds
[2019.11.10-23.35.14:074][  0]LogUObjectArray: 42205 objects as part of root set at end of initial load.
[2019.11.10-23.35.14:074][  0]LogUObjectAllocator: 7325032 out of 0 bytes used by permanent object pool.
[2019.11.10-23.35.14:074][  0]LogUObjectArray: CloseDisregardForGC: 0/0 objects in disregard for GC pool
[2019.11.10-23.35.21:226][  0]LogTcpMessaging: Initializing TcpMessaging bridge
[2019.11.10-23.35.21:287][  0]LogUdpMessaging: Initializing bridge on interface 0.0.0.0:0 to multicast group 230.0.0.1:6666.
[2019.11.10-23.35.23:229][  0]SourceControl: Source control is disabled
[2019.11.10-23.35.23:229][  0]SourceControl: Source control is disabled
[2019.11.10-23.35.23:319][  0]SourceControl: Source control is disabled
[2019.11.10-23.35.23:337][  0]SourceControl: Source control is disabled
[2019.11.10-23.35.24:391][  0]LogAndroidPermission: UAndroidPermissionCallbackProxy::GetInstance
[2019.11.10-23.35.24:818][  0]LogOcInput: OculusInput pre-init called
[2019.11.10-23.35.26:247][  0]LogEngine: Initializing Engine...
[2019.11.10-23.35.26:319][  0]LogHMD: Failed to initialize OpenVR with code 110
[2019.11.10-23.35.26:358][  0]LogStats: UGameplayTagsManager::InitializeManager -  0.038 s
[2019.11.10-23.35.26:660][  0]LogInit: Initializing FReadOnlyCVARCache
[2019.11.10-23.35.26:822][  0]LogAIModule: Creating AISystem for world Untitled
[2019.11.10-23.35.26:863][  0]LogInit: XAudio2 using 'Speakers (Realtek High Definition Audio)' : 6 channels at 48 kHz using 32 bits per sample (channel mask 0x3f)
[2019.11.10-23.35.27:320][  0]LogInit: FAudioDevice initialized.
[2019.11.10-23.35.27:320][  0]LogNetVersion: Set ProjectVersion to 1.0.0.0. Version Checksum will be recalculated on next use.
[2019.11.10-23.35.27:542][  0]LogDerivedDataCache: Saved boot cache 0.22s 74MB C:/Users/Malik/AppData/Local/UnrealEngine/4.22/DerivedDataCache/Boot.ddc.
[2019.11.10-23.35.27:553][  0]LogInit: Texture streaming: Enabled
[2019.11.10-23.35.27:774][  0]LogEngineSessionManager: EngineSessionManager initialized
[2019.11.10-23.35.27:774][  0]LogEngineSessionManager: EngineSessionManager sent abnormal shutdown report. Type=AbnormalShutdown, SessionId={041C992D-4CF9-F66F-5AA7-A8B024AA9852}
[2019.11.10-23.35.27:940][  0]LogInit: Transaction tracking system initialized
[2019.11.10-23.35.28:180][  0]BlueprintLog: New page: Editor Load
[2019.11.10-23.35.29:144][  0]LocalizationService: Localization service is disabled
[2019.11.10-23.35.31:224][  0]LogFileCache: Scanning file cache for directory 'C:/Users/Malik/Documents/GitHub/BulletEncore/BulletEncoreProject/Content/' took 0.03s
[2019.11.10-23.35.31:224][  0]LogCook: Display: Max memory allowance for cook 16384mb min free memory 0mb
[2019.11.10-23.35.31:225][  0]LogCook: Display: Mobile HDR setting 1
[2019.11.10-23.35.33:377][  0]SourceControl: Source control is disabled
[2019.11.10-23.35.33:550][  0]LogSlate: Took 0.009310 seconds to synchronously load lazily loaded font '../../../Engine/Content/Slate/Fonts/Roboto-Regular.ttf' (155K)
[2019.11.10-23.35.41:486][  0]LogSlate: Window 'Restore Packages' being destroyed
[2019.11.10-23.35.41:533][  0]LogWindowsTextInputMethodSystem: Display: IME system now deactivated.
[2019.11.10-23.35.41:540][  0]LogWindowsTextInputMethodSystem: Display: IME system now deactivated.
[2019.11.10-23.35.41:673][  0]Cmd: MAP LOAD FILE="../../../../../../Users/Malik/Documents/GitHub/BulletEncore/BulletEncoreProject/Content/TwinStickCPP/Maps/TwinStickExampleMap.umap" TEMPLATE=0 SHOWPROGRESS=1 FEATURELEVEL=3
[2019.11.10-23.35.41:737][  0]LightingResults: New page: Lighting Build
[2019.11.10-23.35.41:895][  0]MapCheck: New page: Map Check
[2019.11.10-23.35.41:895][  0]LightingResults: New page: Lighting Build
[2019.11.10-23.35.42:096][  0]LogUObjectHash: Compacting FUObjectHashTables data took   1.52ms
[2019.11.10-23.35.42:896][  0]LogAIModule: Creating AISystem for world TwinStickExampleMap
[2019.11.10-23.35.43:188][  0]LogEditorServer: Finished looking for orphan Actors (0.000 secs)
[2019.11.10-23.35.43:256][  0]LogUObjectHash: Compacting FUObjectHashTables data took   2.02ms
[2019.11.10-23.35.43:257][  0]Cmd: MAP CHECKDEP NOCLEARLOG
[2019.11.10-23.35.43:258][  0]MapCheck: Map check complete: 0 Error(s), 0 Warning(s), took 0.498ms to complete.
[2019.11.10-23.35.43:258][  0]LogFileHelpers: Loading map 'TwinStickExampleMap' took 1.584
[2019.11.10-23.35.43:602][  0]LogSlate: Updating window title bar state: overlay mode, drag disabled, window buttons hidden, title bar hidden
[2019.11.10-23.35.43:610][  0]LogSlate: Updating window title bar state: overlay mode, drag disabled, window buttons hidden, title bar hidden
[2019.11.10-23.35.43:616][  0]LogSlate: Updating window title bar state: overlay mode, drag disabled, window buttons hidden, title bar hidden
[2019.11.10-23.35.43:623][  0]LogSlate: Updating window title bar state: overlay mode, drag disabled, window buttons hidden, title bar hidden
[2019.11.10-23.35.43:665][  0]LogCollectionManager: Loaded 0 collections in 0.001594 seconds
[2019.11.10-23.35.43:815][  0]LogFileCache: Scanning file cache for directory 'C:/Users/Malik/Documents/GitHub/BulletEncore/BulletEncoreProject/Saved/Collections/' took 0.01s
[2019.11.10-23.35.43:815][  0]LogFileCache: Scanning file cache for directory 'C:/Users/Malik/Documents/GitHub/BulletEncore/BulletEncoreProject/Content/Developers/Malik/Collections/' took 0.01s
[2019.11.10-23.35.43:815][  0]LogFileCache: Scanning file cache for directory 'C:/Users/Malik/Documents/GitHub/BulletEncore/BulletEncoreProject/Content/Collections/' took 0.00s
[2019.11.10-23.35.43:815][  0]LogCollectionManager: Rebuilt the GUID cache for 0 collections in 0.000000 seconds
[2019.11.10-23.35.43:838][  0]LogContentBrowser: Native class hierarchy populated in 0.0214 seconds. Added 2737 classes and 662 folders.
[2019.11.10-23.35.43:874][  0]LogContentBrowser: Native class hierarchy updated for 'WidgetCarousel' in 0.0004 seconds. Added 0 classes and 0 folders.
[2019.11.10-23.35.43:927][  0]LogPakFile: Registered encryption key '00000000000000000000000000000000': 0 pak files mounted, 0 remain pending
[2019.11.10-23.35.43:972][  0]LogPakFile: Registered encryption key '00000000000000000000000000000000': 0 pak files mounted, 0 remain pending
[2019.11.10-23.35.44:073][  0]LogPakFile: Registered encryption key '00000000000000000000000000000000': 0 pak files mounted, 0 remain pending
[2019.11.10-23.35.44:110][  0]LogPakFile: Registered encryption key '00000000000000000000000000000000': 0 pak files mounted, 0 remain pending
[2019.11.10-23.35.44:116][  0]LogPakFile: Registered encryption key '00000000000000000000000000000000': 0 pak files mounted, 0 remain pending
[2019.11.10-23.35.44:123][  0]LogPakFile: Registered encryption key '00000000000000000000000000000000': 0 pak files mounted, 0 remain pending
[2019.11.10-23.35.44:128][  0]LogPakFile: Registered encryption key '00000000000000000000000000000000': 0 pak files mounted, 0 remain pending
[2019.11.10-23.35.44:152][  0]LogPakFile: Registered encryption key '00000000000000000000000000000000': 0 pak files mounted, 0 remain pending
[2019.11.10-23.35.44:188][  0]LogPakFile: Registered encryption key '00000000000000000000000000000000': 0 pak files mounted, 0 remain pending
[2019.11.10-23.35.44:198][  0]LogPakFile: Registered encryption key '00000000000000000000000000000000': 0 pak files mounted, 0 remain pending
[2019.11.10-23.35.44:204][  0]LogPakFile: Registered encryption key '00000000000000000000000000000000': 0 pak files mounted, 0 remain pending
[2019.11.10-23.35.44:212][  0]LogPakFile: Registered encryption key '00000000000000000000000000000000': 0 pak files mounted, 0 remain pending
[2019.11.10-23.35.44:220][  0]LogPakFile: Registered encryption key '00000000000000000000000000000000': 0 pak files mounted, 0 remain pending
[2019.11.10-23.35.44:225][  0]LogPakFile: Registered encryption key '00000000000000000000000000000000': 0 pak files mounted, 0 remain pending
[2019.11.10-23.35.44:231][  0]LogPakFile: Registered encryption key '00000000000000000000000000000000': 0 pak files mounted, 0 remain pending
[2019.11.10-23.35.44:244][  0]LogPakFile: Registered encryption key '00000000000000000000000000000000': 0 pak files mounted, 0 remain pending
[2019.11.10-23.35.44:337][  0]LogPakFile: Registered encryption key '00000000000000000000000000000000': 0 pak files mounted, 0 remain pending
[2019.11.10-23.35.44:344][  0]LogPakFile: Registered encryption key '00000000000000000000000000000000': 0 pak files mounted, 0 remain pending
[2019.11.10-23.35.44:352][  0]LogPakFile: Registered encryption key '00000000000000000000000000000000': 0 pak files mounted, 0 remain pending
[2019.11.10-23.35.44:358][  0]LogPakFile: Registered encryption key '00000000000000000000000000000000': 0 pak files mounted, 0 remain pending
[2019.11.10-23.35.44:367][  0]LogPakFile: Registered encryption key '00000000000000000000000000000000': 0 pak files mounted, 0 remain pending
[2019.11.10-23.35.44:423][  0]LogPakFile: Registered encryption key '00000000000000000000000000000000': 0 pak files mounted, 0 remain pending
[2019.11.10-23.35.44:482][  0]LogPakFile: Registered encryption key '00000000000000000000000000000000': 0 pak files mounted, 0 remain pending
[2019.11.10-23.35.44:684][  0]LogPakFile: Registered encryption key '00000000000000000000000000000000': 0 pak files mounted, 0 remain pending
[2019.11.10-23.35.44:692][  0]LogPakFile: Registered encryption key '00000000000000000000000000000000': 0 pak files mounted, 0 remain pending
[2019.11.10-23.35.44:698][  0]LogPakFile: Registered encryption key '00000000000000000000000000000000': 0 pak files mounted, 0 remain pending
[2019.11.10-23.35.45:276][  0]LogContentBrowser: Native class hierarchy updated for 'AddContentDialog' in 0.0004 seconds. Added 0 classes and 0 folders.
[2019.11.10-23.35.45:367][  0]LogContentBrowser: Native class hierarchy updated for 'SceneOutliner' in 0.0004 seconds. Added 1 classes and 2 folders.
[2019.11.10-23.35.45:707][  0]LogSlate: Took 0.011330 seconds to synchronously load lazily loaded font '../../../Engine/Content/Slate/Fonts/Roboto-Bold.ttf' (160K)
[2019.11.10-23.35.45:719][  0]LogSlate: Took 0.007715 seconds to synchronously load lazily loaded font '../../../Engine/Content/Editor/Slate/Fonts/FontAwesome.ttf' (139K)
[2019.11.10-23.35.45:912][  0]LogRenderer: Reallocating scene render targets to support 888x452 Format 10 NumSamples 1 (Frame:1).
[2019.11.10-23.35.46:261][  0]LogContentBrowser: Native class hierarchy updated for 'HierarchicalLODOutliner' in 0.0004 seconds. Added 0 classes and 0 folders.
[2019.11.10-23.35.46:261][  0]LogLoad: (Engine Initialization) Total time: 86.01 seconds
[2019.11.10-23.35.46:261][  0]LogLoad: (Engine Initialization) Total Blueprint compile time: 0.00 seconds
[2019.11.10-23.35.46:411][  0]LogContentStreaming: Texture pool size now 1000 MB
[2019.11.10-23.35.46:461][  0]LogSlate: Took 0.020959 seconds to synchronously load lazily loaded font '../../../Engine/Content/Slate/Fonts/Roboto-Light.ttf' (167K)
[2019.11.10-23.35.46:502][  1]LogAssetRegistry: Asset discovery search completed in 38.5751 seconds
[2019.11.10-23.35.46:503][  1]LogCollectionManager: Rebuilt the object cache for 0 collections in 0.000000 seconds (found 0 objects)
[2019.11.10-23.35.46:503][  1]LogCollectionManager: Fixed up redirectors for 0 collections in 0.000048 seconds (updated 0 objects)
[2019.11.10-23.35.47:334][ 33]LogSlate: Took 0.000228 seconds to synchronously load lazily loaded font '../../../Engine/Content/Slate/Fonts/Roboto-Light.ttf' (167K)
[2019.11.10-23.35.52:827][358]LogSlate: FSceneViewport::OnFocusLost() reason 0
[2019.11.10-23.35.55:411][513]LogSlate: FSceneViewport::OnFocusLost() reason 0
[2019.11.10-23.36.01:497][874]LogAssetEditorManager: Opening Asset editor for BlendSpace1D /Game/AnimationBlueprints/Idle_Walk_Run_BS.Idle_Walk_Run_BS
[2019.11.10-23.36.01:516][874]LogContentBrowser: Native class hierarchy updated for 'SkeletonEditor' in 0.0009 seconds. Added 1 classes and 2 folders.
[2019.11.10-23.36.01:860][874]LogActorComponent: RegisterComponentWithWorld: (/Engine/Transient.World_0:PersistentLevel.AnimationEditorPreviewActor_0.DebugSkelMeshComponent_0) Already registered. Aborting.
[2019.11.10-23.36.01:863][874]LogContentBrowser: Native class hierarchy updated for 'PinnedCommandList' in 0.0006 seconds. Added 1 classes and 0 folders.
[2019.11.10-23.36.01:921][874]LogSkeletalMesh: USkeletalMeshComponent::InitArticulated : Bodies already created (/Engine/Transient.World_0:PersistentLevel.AnimationEditorPreviewActor_0.DebugSkelMeshComponent_0) - call TermArticulated first.
[2019.11.10-23.36.02:425][874]LogContentBrowser: Verbose: The majority of assets in the view are of type: AnimSequence
[2019.11.10-23.36.52:727][671]LogSavePackage: Moving '../../../../../../Users/Malik/Documents/GitHub/BulletEncore/BulletEncoreProject/Saved/Idle_Walk_Run_BS5BA7E731475F9EF874D1818A9A507CA5.tmp' to '../../../../../../Users/Malik/Documents/GitHub/BulletEncore/BulletEncoreProject/Content/AnimationBlueprints/Idle_Walk_Run_BS.uasset'
[2019.11.10-23.38.22:528][731]LogSavePackage: Moving '../../../../../../Users/Malik/Documents/GitHub/BulletEncore/BulletEncoreProject/Saved/Idle_Walk_Run_BS9803F8984E915977D0638DAC7C19F874.tmp' to '../../../../../../Users/Malik/Documents/GitHub/BulletEncore/BulletEncoreProject/Content/AnimationBlueprints/Idle_Walk_Run_BS.uasset'
[2019.11.10-23.38.45:186][485]LogAssetEditorManager: Opening Asset editor for AnimBlueprint /Game/AnimationBlueprints/Run_Shoot_Idle_AnimBP.Run_Shoot_Idle_AnimBP
[2019.11.10-23.38.45:212][485]LogActorComponent: RegisterComponentWithWorld: (/Engine/Transient.World_7:PersistentLevel.AnimationEditorPreviewActor_0.DebugSkelMeshComponent_0) Already registered. Aborting.
[2019.11.10-23.38.45:586][485]LogContentBrowser: Native class hierarchy updated for 'BlueprintGraph' in 0.0007 seconds. Added 121 classes and 0 folders.
[2019.11.10-23.38.46:317][485]LogSkeletalMesh: USkeletalMeshComponent::InitArticulated : Bodies already created (/Engine/Transient.World_7:PersistentLevel.AnimationEditorPreviewActor_0.DebugSkelMeshComponent_0) - call TermArticulated first.
[2019.11.10-23.38.46:589][485]LogSlate: Took 0.007480 seconds to synchronously load lazily loaded font '../../../Engine/Content/Slate/Fonts/Roboto-BoldCondensed.ttf' (158K)
[2019.11.10-23.39.13:473][683]LogRenderer: Reallocating scene render targets to support 996x528 Format 10 NumSamples 1 (Frame:1194).
[2019.11.10-23.39.15:710][776]LogSlate: Window 'Viewport 4' being destroyed
[2019.11.10-23.39.15:727][776]LogSlate: Window 'Viewport 4' being destroyed
[2019.11.10-23.39.21:427][ 68]LogSlate: Window 'Palette' being destroyed
[2019.11.10-23.39.21:443][ 68]LogSlate: Window 'Palette' being destroyed
[2019.11.10-23.39.23:280][167]LogContentBrowser: Verbose: The majority of assets in the view are of type: AnimSequence
[2019.11.10-23.39.26:439][326]LogSlate: Took 0.046655 seconds to synchronously load lazily loaded font '../../../Engine/Content/Slate/Fonts/Roboto-Italic.ttf' (157K)
[2019.11.10-23.39.44:155][120]BlueprintLog: New page: Compile Run_Shoot_Idle_AnimBP
[2019.11.10-23.39.44:344][120]LogUObjectHash: Compacting FUObjectHashTables data took   3.44ms
[2019.11.10-23.39.44:958][143]LogSavePackage: Moving '../../../../../../Users/Malik/Documents/GitHub/BulletEncore/BulletEncoreProject/Saved/Run_Shoot_Idle_AnimBP1AD42FB34D8DCBE32F2353B285BEE256.tmp' to '../../../../../../Users/Malik/Documents/GitHub/BulletEncore/BulletEncoreProject/Content/AnimationBlueprints/Run_Shoot_Idle_AnimBP.uasset'
[2019.11.10-23.39.49:343][370]LogTemp: Repeating last play command: New Editor Window (PIE)
[2019.11.10-23.39.49:397][370]LogBlueprintUserMessages: Early PlayInEditor Detection: Level '/Game/TwinStickCPP/Maps/TwinStickExampleMap.TwinStickExampleMap:PersistentLevel' has LevelScriptBlueprint '/Game/TwinStickCPP/Maps/TwinStickExampleMap.TwinStickExampleMap:PersistentLevel.TwinStickExampleMap' with GeneratedClass '/Game/TwinStickCPP/Maps/TwinStickExampleMap.TwinStickExampleMap_C' with ClassGeneratedBy '/Game/TwinStickCPP/Maps/TwinStickExampleMap.TwinStickExampleMap:PersistentLevel.TwinStickExampleMap'
[2019.11.10-23.39.49:397][370]LogPlayLevel: PlayLevel: No blueprints needed recompiling
[2019.11.10-23.39.49:416][370]PIE: New page: PIE session: TwinStickExampleMap (Nov 10, 2019, 1:39:49 PM)
[2019.11.10-23.39.49:527][370]LogPlayLevel: Creating play world package: /Game/TwinStickCPP/Maps/UEDPIE_0_TwinStickExampleMap
[2019.11.10-23.39.49:572][370]LogPlayLevel: PIE: StaticDuplicateObject took: (0.044819s)
[2019.11.10-23.39.49:586][370]LogAIModule: Creating AISystem for world TwinStickExampleMap
[2019.11.10-23.39.49:586][370]LogPlayLevel: PIE: World Init took: (0.013537s)
[2019.11.10-23.39.49:586][370]LogPlayLevel: PIE: Created PIE world by copying editor world from /Game/TwinStickCPP/Maps/TwinStickExampleMap.TwinStickExampleMap to /Game/TwinStickCPP/Maps/UEDPIE_0_TwinStickExampleMap.TwinStickExampleMap (0.059209s)
[2019.11.10-23.39.49:627][370]LogUObjectHash: Compacting FUObjectHashTables data took   3.80ms
[2019.11.10-23.39.49:650][370]LogInit: XAudio2 using 'Speakers (Realtek High Definition Audio)' : 6 channels at 48 kHz using 32 bits per sample (channel mask 0x3f)
[2019.11.10-23.39.49:750][370]LogInit: FAudioDevice initialized.
[2019.11.10-23.39.49:757][370]LogSlate: Updating window title bar state: overlay mode, drag disabled, window buttons hidden, title bar hidden
[2019.11.10-23.39.49:948][370]LogLoad: Game class is 'TestGameMode_C'
[2019.11.10-23.39.49:953][370]LogWorld: Bringing World /Game/TwinStickCPP/Maps/UEDPIE_0_TwinStickExampleMap.TwinStickExampleMap up for play (max tick rate 60) at 2019.11.10-18.39.49
[2019.11.10-23.39.50:096][370]LogWorld: Bringing up level for play took: 0.145977
[2019.11.10-23.39.50:183][370]LogBlueprintActionDatabase: Requesting refresh due to module change: Voice (loaded)
[2019.11.10-23.39.50:200][370]LogBlueprintActionDatabase: Requesting refresh due to module change: MovieSceneCapture (loaded)
[2019.11.10-23.39.50:201][370]LogContentBrowser: Native class hierarchy updated for 'MovieSceneCapture' in 0.0005 seconds. Added 20 classes and 0 folders.
[2019.11.10-23.39.50:237][370]PIE: Play in editor start time for /Game/TwinStickCPP/Maps/UEDPIE_0_TwinStickExampleMap 0.004
[2019.11.10-23.39.50:242][370]LogBlueprintUserMessages: Late PlayInEditor Detection: Level '/Game/TwinStickCPP/Maps/TwinStickExampleMap.TwinStickExampleMap:PersistentLevel' has LevelScriptBlueprint '/Game/TwinStickCPP/Maps/TwinStickExampleMap.TwinStickExampleMap:PersistentLevel.TwinStickExampleMap' with GeneratedClass '/Game/TwinStickCPP/Maps/TwinStickExampleMap.TwinStickExampleMap_C' with ClassGeneratedBy '/Game/TwinStickCPP/Maps/TwinStickExampleMap.TwinStickExampleMap:PersistentLevel.TwinStickExampleMap'
[2019.11.10-23.39.50:391][371]LogRenderer: Reallocating scene render targets to support 1016x544 Format 10 NumSamples 1 (Frame:1).
[2019.11.10-23.39.55:931][582]LogBlueprintUserMessages: Early EndPlayMap Detection: Level '/Game/TwinStickCPP/Maps/TwinStickExampleMap.TwinStickExampleMap:PersistentLevel' has LevelScriptBlueprint '/Game/TwinStickCPP/Maps/TwinStickExampleMap.TwinStickExampleMap:PersistentLevel.TwinStickExampleMap' with GeneratedClass '/Game/TwinStickCPP/Maps/TwinStickExampleMap.TwinStickExampleMap_C' with ClassGeneratedBy '/Game/TwinStickCPP/Maps/TwinStickExampleMap.TwinStickExampleMap:PersistentLevel.TwinStickExampleMap'
[2019.11.10-23.39.55:950][582]LogSlate: Updating window title bar state: overlay mode, drag disabled, window buttons hidden, title bar hidden
[2019.11.10-23.39.55:990][582]LogSlate: Window 'BulletEncoreProject Game Preview Standalone (64-bit/PCD3D_SM5)' being destroyed
[2019.11.10-23.39.56:032][582]LogPlayLevel: Display: Shutting down PIE online subsystems
[2019.11.10-23.39.56:034][582]LogBlueprintUserMessages: Late EndPlayMap Detection: Level '/Game/TwinStickCPP/Maps/TwinStickExampleMap.TwinStickExampleMap:PersistentLevel' has LevelScriptBlueprint '/Game/TwinStickCPP/Maps/TwinStickExampleMap.TwinStickExampleMap:PersistentLevel.TwinStickExampleMap' with GeneratedClass '/Game/TwinStickCPP/Maps/TwinStickExampleMap.TwinStickExampleMap_C' with ClassGeneratedBy '/Game/TwinStickCPP/Maps/TwinStickExampleMap.TwinStickExampleMap:PersistentLevel.TwinStickExampleMap'
[2019.11.10-23.39.56:188][582]LogUObjectHash: Compacting FUObjectHashTables data took   4.76ms
[2019.11.10-23.39.56:209][583]LogPlayLevel: Display: Destroying online subsystem :Context_11
[2019.11.10-23.53.10:419][918]LogEditor: Attempting to add actor of class 'PlayerPawn' to level at -30.00,60.00,260.00
[2019.11.10-23.53.11:405][919]LogEditor: Attempting to add actor of class 'PlayerPawn' to level at 150.00,-90.00,260.00
[2019.11.10-23.53.14:281][ 59]LogSlate: FSceneViewport::OnFocusLost() reason 0
[2019.11.10-23.55.53:737][471]LogUObjectHash: Compacting FUObjectHashTables data took   2.46ms
[2019.11.10-23.55.54:824][471]LogSavePackage: Moving '../../../../../../Users/Malik/Documents/GitHub/BulletEncore/BulletEncoreProject/Saved/TwinStickExampleMap_Auto12CA9A35B43B56C58BC1B5B8D17945655.tmp' to '../../../../../../Users/Malik/Documents/GitHub/BulletEncore/BulletEncoreProject/Saved/Autosaves/Game/TwinStickCPP/Maps/TwinStickExampleMap_Auto1.umap'
[2019.11.10-23.55.55:104][471]LogFileHelpers: Editor autosave (incl. sublevels) for '/Game/TwinStickCPP/Maps/TwinStickExampleMap' took 1.448
[2019.11.10-23.55.55:104][471]LogFileHelpers: Editor autosave (incl. sublevels) for all levels took 1.448
[2019.11.11-00.08.06:835][656]LogHotReload: New module detected: UE4Editor-BulletEncoreProject-0075.dll
[2019.11.11-00.08.15:752][684]LogHotReload: Starting Hot-Reload from IDE
[2019.11.11-00.08.16:357][684]LogUObjectHash: Compacting FUObjectHashTables data took   5.18ms
[2019.11.11-00.08.16:357][684]LogBlueprintActionDatabase: Requesting refresh due to module change: BulletEncoreProject (unloaded)
[2019.11.11-00.08.20:311][684]LogClass: Could not find existing class PlayerPawn in package /Script/BulletEncoreProject for HotReload, assuming new class
[2019.11.11-00.08.20:340][684]LogClass: Function GetAimDirection is new.
[2019.11.11-00.08.20:340][684]LogClass: Function GetCurrentSpeed is new.
[2019.11.11-00.08.20:747][684]LogUObjectGlobals: Warning: Failed to find object 'AnimBlueprintGeneratedClass /Game/AnimationBlueprints/Run_Shoot_Idle_AnimBP.Run_Shoot_Idle_AnimBP'
[2019.11.11-00.08.20:747][684]Error: CDO Constructor (PlayerPawn): Failed to find /Game/AnimationBlueprints/Run_Shoot_Idle_AnimBP.Run_Shoot_Idle_AnimBP

[2019.11.11-00.08.20:747][684]LogOutputDevice: Warning: 

Script Stack (0 frames):

[2019.11.11-00.08.20:747][684]LogWindows: Windows GetLastError: The operation completed successfully. (0)
[2019.11.11-00.08.37:376][684]LogWindows: Error: === Critical error: ===
[2019.11.11-00.08.37:376][684]LogWindows: Error: 
[2019.11.11-00.08.37:376][684]LogWindows: Error: Fatal error: [File:D:\Build\++UE4\Sync\Engine\Source\Runtime\CoreUObject\Private\UObject\UObjectGlobals.cpp] [Line: 2211] 
[2019.11.11-00.08.37:376][684]LogWindows: Error: Object AnimBlueprintGeneratedClass BlueprintAnim created in PlayerPawn instead of Package
[2019.11.11-00.08.37:376][684]LogWindows: Error: 
[2019.11.11-00.08.37:376][684]LogWindows: Error: 
[2019.11.11-00.08.37:376][684]LogWindows: Error: [Callstack] 0x00007ffd70479129 KERNELBASE.dll!UnknownFunction []
[2019.11.11-00.08.37:376][684]LogWindows: Error: [Callstack] 0x00007ffd3bd41f37 UE4Editor-Core.dll!UnknownFunction []
[2019.11.11-00.08.37:376][684]LogWindows: Error: [Callstack] 0x00007ffd3bd446e7 UE4Editor-Core.dll!UnknownFunction []
[2019.11.11-00.08.37:376][684]LogWindows: Error: [Callstack] 0x00007ffd3bb57d1a UE4Editor-Core.dll!UnknownFunction []
[2019.11.11-00.08.37:376][684]LogWindows: Error: [Callstack] 0x00007ffd3badfe33 UE4Editor-Core.dll!UnknownFunction []
[2019.11.11-00.08.37:376][684]LogWindows: Error: [Callstack] 0x00007ffd3badfd18 UE4Editor-Core.dll!UnknownFunction []
[2019.11.11-00.08.37:376][684]LogWindows: Error: [Callstack] 0x00007ffd3b63a107 UE4Editor-CoreUObject.dll!UnknownFunction []
[2019.11.11-00.08.37:376][684]LogWindows: Error: [Callstack] 0x00007ffd3b6382dc UE4Editor-CoreUObject.dll!UnknownFunction []
[2019.11.11-00.08.37:376][684]LogWindows: Error: [Callstack] 0x00007ffd3b63a4ef UE4Editor-CoreUObject.dll!UnknownFunction []
[2019.11.11-00.08.37:376][684]LogWindows: Error: [Callstack] 0x00007ffd3b616058 UE4Editor-CoreUObject.dll!UnknownFunction []
[2019.11.11-00.08.37:376][684]LogWindows: Error: [Callstack] 0x00007ffd3b573c18 UE4Editor-CoreUObject.dll!UnknownFunction []
[2019.11.11-00.08.37:376][684]LogWindows: Error: [Callstack] 0x00007ffd14e66250 UE4Editor-BulletEncoreProject-0075.dll!APlayerPawn::SetUpPlayerMeshComponent() [c:\users\malik\documents\github\bulletencore\bulletencoreproject\source\bulletencoreproject\private\playerpawn.cpp:84]
[2019.11.11-00.08.37:376][684]LogWindows: Error: [Callstack] 0x00007ffd14e640f6 UE4Editor-BulletEncoreProject-0075.dll!APlayerPawn::APlayerPawn() [c:\users\malik\documents\github\bulletencore\bulletencoreproject\source\bulletencoreproject\private\playerpawn.cpp:29]
[2019.11.11-00.08.37:377][684]LogWindows: Error: [Callstack] 0x00007ffd3b40610f UE4Editor-CoreUObject.dll!UnknownFunction []
[2019.11.11-00.08.37:377][684]LogWindows: Error: [Callstack] 0x00007ffd3b641056 UE4Editor-CoreUObject.dll!UnknownFunction []
[2019.11.11-00.08.37:377][684]LogWindows: Error: [Callstack] 0x00007ffd3b62edef UE4Editor-CoreUObject.dll!UnknownFunction []
[2019.11.11-00.08.37:377][684]LogWindows: Error: [Callstack] 0x00007ffd3b40a727 UE4Editor-CoreUObject.dll!UnknownFunction []
[2019.11.11-00.08.37:377][684]LogWindows: Error: [Callstack] 0x00007ffd3b9d4a2b UE4Editor-Core.dll!UnknownFunction []
[2019.11.11-00.08.37:377][684]LogWindows: Error: [Callstack] 0x00007ffd3bba5cb5 UE4Editor-Core.dll!UnknownFunction []
[2019.11.11-00.08.37:377][684]LogWindows: Error: [Callstack] 0x00007ffd3bba5053 UE4Editor-Core.dll!UnknownFunction []
[2019.11.11-00.08.37:377][684]LogWindows: Error: [Callstack] 0x00007ffd1b59df69 UE4Editor-HotReload.dll!UnknownFunction []
[2019.11.11-00.08.37:377][684]LogWindows: Error: [Callstack] 0x00007ffd1b59dc4e UE4Editor-HotReload.dll!UnknownFunction []
[2019.11.11-00.08.37:377][684]LogWindows: Error: [Callstack] 0x00007ffd1b5ac8f1 UE4Editor-HotReload.dll!UnknownFunction []
[2019.11.11-00.08.37:377][684]LogWindows: Error: [Callstack] 0x00007ffd3b9708ba UE4Editor-Core.dll!UnknownFunction []
[2019.11.11-00.08.37:377][684]LogWindows: Error: [Callstack] 0x00007ff6bfd092d2 UE4Editor.exe!UnknownFunction []
[2019.11.11-00.08.37:377][684]LogWindows: Error: [Callstack] 0x00007ff6bfd1554c UE4Editor.exe!UnknownFunction []
[2019.11.11-00.08.37:377][684]LogWindows: Error: [Callstack] 0x00007ff6bfd155ca UE4Editor.exe!UnknownFunction []
[2019.11.11-00.08.37:377][684]LogWindows: Error: [Callstack] 0x00007ff6bfd2316c UE4Editor.exe!UnknownFunction []
[2019.11.11-00.08.37:377][684]LogWindows: Error: [Callstack] 0x00007ff6bfd25b8e UE4Editor.exe!UnknownFunction []
[2019.11.11-00.08.37:377][684]LogWindows: Error: [Callstack] 0x00007ffd736f7974 KERNEL32.DLL!UnknownFunction []
[2019.11.11-00.08.37:377][684]LogWindows: Error: [Callstack] 0x00007ffd743ea271 ntdll.dll!UnknownFunction []
[2019.11.11-00.08.37:377][684]LogWindows: Error: 
[2019.11.11-00.08.37:548][684]LogExit: Executing StaticShutdownAfterError
[2019.11.11-00.08.39:974][684]LogWindows: FPlatformMisc::RequestExit(1)
[2019.11.11-00.08.40:016][684]Log file closed, 11/10/19 19:08:40
