Log file open, 12/07/19 16:06:28
LogWindows: Failed to load 'aqProf.dll' (GetLastError=126)
LogWindows: File 'aqProf.dll' does not exist
LogWindows: Failed to load 'VtuneApi.dll' (GetLastError=126)
LogWindows: File 'VtuneApi.dll' does not exist
LogWindows: Failed to load 'VtuneApi32e.dll' (GetLastError=126)
LogWindows: File 'VtuneApi32e.dll' does not exist
LogConsoleResponse: Display: Failed to find resolution value strings in scalability ini. Falling back to default.
LogInit: Display: Running engine for game: BulletEncoreProject
LogPakFile: Registered encryption key '00000000000000000000000000000000': 0 pak files mounted, 0 remain pending
LogPlatformFile: Not using cached read wrapper
LogTaskGraph: Started task graph with 5 named threads and 35 total threads with 3 sets of task threads.
LogStats: Stats thread started at 2.098804
LogD3D11RHI: Loaded GFSDK_Aftermath_Lib.x64.dll
LogICUInternationalization: ICU TimeZone Detection - Raw Offset: -5:00, Platform Override: ''
LogPluginManager: Mounting plugin Paper2D
LogPluginManager: Mounting plugin AISupport
LogPluginManager: Mounting plugin LightPropagationVolume
LogPluginManager: Mounting plugin ActorLayerUtilities
LogPluginManager: Mounting plugin AnimationSharing
LogPluginManager: Mounting plugin CLionSourceCodeAccess
LogPluginManager: Mounting plugin CodeLiteSourceCodeAccess
LogPluginManager: Mounting plugin GitSourceControl
LogPluginManager: Mounting plugin KDevelopSourceCodeAccess
LogPluginManager: Mounting plugin NullSourceCodeAccess
LogPluginManager: Mounting plugin PerforceSourceControl
LogPluginManager: Mounting plugin SubversionSourceControl
LogPluginManager: Mounting plugin UObjectPlugin
LogPluginManager: Mounting plugin VisualStudioCodeSourceCodeAccess
LogPluginManager: Mounting plugin VisualStudioSourceCodeAccess
LogPluginManager: Mounting plugin XCodeSourceCodeAccess
LogPluginManager: Mounting plugin AssetManagerEditor
LogPluginManager: Mounting plugin CryptoKeys
LogPluginManager: Mounting plugin DataValidation
LogPluginManager: Mounting plugin FacialAnimation
LogPluginManager: Mounting plugin GameplayTagsEditor
LogPluginManager: Mounting plugin MacGraphicsSwitching
LogPluginManager: Mounting plugin MaterialAnalyzer
LogPluginManager: Mounting plugin MobileLauncherProfileWizard
LogPluginManager: Mounting plugin PluginBrowser
LogPluginManager: Mounting plugin SpeedTreeImporter
LogPluginManager: Mounting plugin DatasmithContent
LogPluginManager: Mounting plugin VariantManagerContent
LogPluginManager: Mounting plugin AlembicImporter
LogPluginManager: Mounting plugin AppleImageUtils
LogPluginManager: Mounting plugin AppleVision
LogPluginManager: Mounting plugin BackChannel
LogPluginManager: Mounting plugin CharacterAI
LogPluginManager: Mounting plugin GeometryCache
LogPluginManager: Mounting plugin HTML5Networking
LogPluginManager: Mounting plugin ProxyLODPlugin
LogPluginManager: Mounting plugin SkeletalReduction
LogPluginManager: Mounting plugin MagicLeap
LogPluginManager: Mounting plugin MagicLeapMedia
LogPluginManager: Mounting plugin AndroidMedia
LogPluginManager: Mounting plugin AvfMedia
LogPluginManager: Mounting plugin ImgMedia
LogPluginManager: Mounting plugin LinearTimecode
LogPluginManager: Mounting plugin MediaCompositing
LogPluginManager: Mounting plugin MediaPlayerEditor
LogPluginManager: Mounting plugin WebMMedia
LogPluginManager: Mounting plugin WmfMedia
LogPluginManager: Mounting plugin TcpMessaging
LogPluginManager: Mounting plugin UdpMessaging
LogPluginManager: Mounting plugin ActorSequence
LogPluginManager: Mounting plugin LevelSequenceEditor
LogPluginManager: Mounting plugin MatineeToLevelSequence
LogPluginManager: Mounting plugin NetcodeUnitTest
LogPluginManager: Mounting plugin NUTUnrealEngine4
LogPluginManager: Mounting plugin OnlineSubsystemGooglePlay
LogPluginManager: Mounting plugin OnlineSubsystemIOS
LogPluginManager: Mounting plugin OnlineSubsystem
LogPluginManager: Mounting plugin OnlineSubsystemNull
LogPluginManager: Mounting plugin OnlineSubsystemUtils
LogPluginManager: Mounting plugin LauncherChunkInstaller
LogPluginManager: Mounting plugin AndroidDeviceProfileSelector
LogPluginManager: Mounting plugin AndroidMoviePlayer
LogPluginManager: Mounting plugin AndroidPermission
LogPluginManager: Mounting plugin AppleMoviePlayer
LogPluginManager: Mounting plugin ArchVisCharacter
LogPluginManager: Mounting plugin AudioCapture
LogPluginManager: Mounting plugin CableComponent
LogPluginManager: Mounting plugin CustomMeshComponent
LogPluginManager: Mounting plugin EditableMesh
LogPluginManager: Mounting plugin ExampleDeviceProfileSelector
LogPluginManager: Mounting plugin Firebase
LogPluginManager: Mounting plugin GoogleCloudMessaging
LogPluginManager: Mounting plugin IOSDeviceProfileSelector
LogPluginManager: Mounting plugin LinuxDeviceProfileSelector
LogPluginManager: Mounting plugin LocationServicesBPLibrary
LogPluginManager: Mounting plugin MobilePatchingUtils
LogPluginManager: Mounting plugin OculusVR
LogPluginManager: Mounting plugin PhysXVehicles
LogPluginManager: Mounting plugin ProceduralMeshComponent
LogPluginManager: Mounting plugin RuntimePhysXCooking
LogPluginManager: Mounting plugin SignificanceManager
LogPluginManager: Mounting plugin SteamVR
LogPluginManager: Mounting plugin WebMMoviePlayer
LogPluginManager: Mounting plugin WindowsMoviePlayer
LogInit: Using libcurl 7.55.1-DEV
LogInit:  - built for x86_64-pc-win32
LogInit:  - supports SSL with OpenSSL/1.1.1
LogInit:  - supports HTTP deflate (compression) using libz 1.2.8
LogInit:  - other features:
LogInit:      CURL_VERSION_SSL
LogInit:      CURL_VERSION_LIBZ
LogInit:      CURL_VERSION_IPV6
LogInit:      CURL_VERSION_ASYNCHDNS
LogInit:      CURL_VERSION_LARGEFILE
LogInit:      CURL_VERSION_IDN
LogInit:  CurlRequestOptions (configurable via config and command line):
LogInit:  - bVerifyPeer = true  - Libcurl will verify peer certificate
LogInit:  - bUseHttpProxy = false  - Libcurl will NOT use HTTP proxy
LogInit:  - bDontReuseConnections = false  - Libcurl will reuse connections
LogInit:  - MaxHostConnections = 16  - Libcurl will limit the number of connections to a host
LogInit:  - LocalHostAddr = Default
LogInit:  - BufferSize = 65536
LogInit: WinSock: version 1.1 (2.2), MaxSocks=32767, MaxUdp=65467
LogInit: Build: ++UE4+Release-4.22-CL-7053642
LogInit: Engine Version: 4.22.3-7053642+++UE4+Release-4.22
LogInit: Compatible Engine Version: 4.22.0-5660361+++UE4+Release-4.22
LogInit: Net CL: 5660361
LogInit: OS: Windows 10 (Release 1809) (), CPU: Intel(R) Core(TM) i7-8750H CPU @ 2.20GHz, GPU: Intel(R) UHD Graphics 630
LogInit: Compiled (64-bit): Jun 18 2019 03:09:11
LogInit: Compiled with Visual C++: 19.16.27025.01
LogInit: Build Configuration: Development
LogInit: Branch Name: ++UE4+Release-4.22
LogInit: Command Line: 
LogInit: Base Directory: C:/Program Files/Epic Games/UE_4.22/Engine/Binaries/Win64/
LogInit: Installed Engine Build: 1
LogDevObjectVersion: Number of dev versions registered: 23
LogDevObjectVersion:   Dev-Blueprints (B0D832E4-1F89-4F0D-ACCF-7EB736FD4AA2): 10
LogDevObjectVersion:   Dev-Build (E1C64328-A22C-4D53-A36C-8E866417BD8C): 0
LogDevObjectVersion:   Dev-Core (375EC13C-06E4-48FB-B500-84F0262A717E): 3
LogDevObjectVersion:   Dev-Editor (E4B068ED-F494-42E9-A231-DA0B2E46BB41): 30
LogDevObjectVersion:   Dev-Framework (CFFC743F-43B0-4480-9391-14DF171D2073): 35
LogDevObjectVersion:   Dev-Mobile (B02B49B5-BB20-44E9-A304-32B752E40360): 2
LogDevObjectVersion:   Dev-Networking (A4E4105C-59A1-49B5-A7C5-40C4547EDFEE): 0
LogDevObjectVersion:   Dev-Online (39C831C9-5AE6-47DC-9A44-9C173E1C8E7C): 0
LogDevObjectVersion:   Dev-Physics (78F01B33-EBEA-4F98-B9B4-84EACCB95AA2): 0
LogDevObjectVersion:   Dev-Platform (6631380F-2D4D-43E0-8009-CF276956A95A): 0
LogDevObjectVersion:   Dev-Rendering (12F88B9F-8875-4AFC-A67C-D90C383ABD29): 28
LogDevObjectVersion:   Dev-Sequencer (7B5AE74C-D270-4C10-A958-57980B212A5A): 11
LogDevObjectVersion:   Dev-VR (D7296918-1DD6-4BDD-9DE2-64A83CC13884): 2
LogDevObjectVersion:   Dev-LoadTimes (C2A15278-BFE7-4AFE-6C17-90FF531DF755): 1
LogDevObjectVersion:   Private-Geometry (6EACA3D4-40EC-4CC1-B786-8BED09428FC5): 3
LogDevObjectVersion:   Dev-AnimPhys (29E575DD-E0A3-4627-9D10-D276232CDCEA): 17
LogDevObjectVersion:   Dev-Anim (AF43A65D-7FD3-4947-9873-3E8ED9C1BB05): 2
LogDevObjectVersion:   Dev-ReflectionCapture (6B266CEC-1EC7-4B8F-A30B-E4D90942FC07): 1
LogDevObjectVersion:   Dev-Automation (0DF73D61-A23F-47EA-B727-89E90C41499A): 1
LogDevObjectVersion:   FortniteMain (601D1886-AC64-4F84-AA16-D3DE0DEAC7D6): 25
LogDevObjectVersion:   Dev-Enterprise (9DFFBCD6-494F-0158-E221-12823C92A888): 6
LogDevObjectVersion:   Dev-Niagara (F2AED0AC-9AFE-416F-8664-AA7FFA26D6FC): 1
LogDevObjectVersion:   Dev-Destruction (174F1F0B-B4C6-45A5-B13F-2EE8D0FB917D): 2
LogInit: Presizing for max 16777216 objects, including 0 objects not considered by GC, pre-allocating 0 bytes for permanent pool.
LogInit: Object subsystem initialized
LogConfig: Setting CVar [[con.DebugEarlyDefault:1]]
LogConfig: Setting CVar [[r.setres:1280x720]]
[2019.12.07-21.06.30:550][  0]LogConfig: Setting CVar [[r.VSync:0]]
[2019.12.07-21.06.30:550][  0]LogConfig: Setting CVar [[r.RHICmdBypass:0]]
[2019.12.07-21.06.30:550][  0]LogConfig: Applying CVar settings from Section [/Script/Engine.RendererSettings] File [C:/Users/Malik/Documents/GitHub/BulletEncore/BulletEncoreProject/Saved/Config/Windows/Engine.ini]
[2019.12.07-21.06.30:550][  0]LogConfig: Setting CVar [[r.GPUCrashDebugging:0]]
[2019.12.07-21.06.30:550][  0]LogConfig: Applying CVar settings from Section [/Script/Engine.RendererOverrideSettings] File [C:/Users/Malik/Documents/GitHub/BulletEncore/BulletEncoreProject/Saved/Config/Windows/Engine.ini]
[2019.12.07-21.06.30:550][  0]LogConfig: Applying CVar settings from Section [/Script/Engine.StreamingSettings] File [C:/Users/Malik/Documents/GitHub/BulletEncore/BulletEncoreProject/Saved/Config/Windows/Engine.ini]
[2019.12.07-21.06.30:550][  0]LogConfig: Setting CVar [[s.MinBulkDataSizeForAsyncLoading:131072]]
[2019.12.07-21.06.30:550][  0]LogConfig: Setting CVar [[s.AsyncLoadingThreadEnabled:0]]
[2019.12.07-21.06.30:550][  0]LogConfig: Setting CVar [[s.EventDrivenLoaderEnabled:1]]
[2019.12.07-21.06.30:550][  0]LogConfig: Setting CVar [[s.WarnIfTimeLimitExceeded:0]]
[2019.12.07-21.06.30:550][  0]LogConfig: Setting CVar [[s.TimeLimitExceededMultiplier:1.5]]
[2019.12.07-21.06.30:550][  0]LogConfig: Setting CVar [[s.TimeLimitExceededMinTime:0.005]]
[2019.12.07-21.06.30:550][  0]LogConfig: Setting CVar [[s.UseBackgroundLevelStreaming:1]]
[2019.12.07-21.06.30:550][  0]LogConfig: Setting CVar [[s.PriorityAsyncLoadingExtraTime:15.0]]
[2019.12.07-21.06.30:550][  0]LogConfig: Setting CVar [[s.LevelStreamingActorsUpdateTimeLimit:5.0]]
[2019.12.07-21.06.30:550][  0]LogConfig: Setting CVar [[s.PriorityLevelStreamingActorsUpdateExtraTime:5.0]]
[2019.12.07-21.06.30:550][  0]LogConfig: Setting CVar [[s.LevelStreamingComponentsRegistrationGranularity:10]]
[2019.12.07-21.06.30:550][  0]LogConfig: Setting CVar [[s.UnregisterComponentsTimeLimit:1.0]]
[2019.12.07-21.06.30:550][  0]LogConfig: Setting CVar [[s.LevelStreamingComponentsUnregistrationGranularity:5]]
[2019.12.07-21.06.30:550][  0]LogConfig: Applying CVar settings from Section [/Script/Engine.GarbageCollectionSettings] File [C:/Users/Malik/Documents/GitHub/BulletEncore/BulletEncoreProject/Saved/Config/Windows/Engine.ini]
[2019.12.07-21.06.30:550][  0]LogConfig: Setting CVar [[gc.MaxObjectsNotConsideredByGC:1]]
[2019.12.07-21.06.30:550][  0]LogConfig: Setting CVar [[gc.SizeOfPermanentObjectPool:0]]
[2019.12.07-21.06.30:550][  0]LogConfig: Setting CVar [[gc.FlushStreamingOnGC:0]]
[2019.12.07-21.06.30:550][  0]LogConfig: Setting CVar [[gc.NumRetriesBeforeForcingGC:10]]
[2019.12.07-21.06.30:550][  0]LogConfig: Setting CVar [[gc.AllowParallelGC:1]]
[2019.12.07-21.06.30:550][  0]LogConfig: Setting CVar [[gc.TimeBetweenPurgingPendingKillObjects:61.1]]
[2019.12.07-21.06.30:550][  0]LogConfig: Setting CVar [[gc.MaxObjectsInEditor:16777216]]
[2019.12.07-21.06.30:550][  0]LogConfig: Setting CVar [[gc.IncrementalBeginDestroyEnabled:1]]
[2019.12.07-21.06.30:550][  0]LogConfig: Setting CVar [[gc.CreateGCClusters:1]]
[2019.12.07-21.06.30:550][  0]LogConfig: Setting CVar [[gc.MinGCClusterSize:5]]
[2019.12.07-21.06.30:550][  0]LogConfig: Setting CVar [[gc.ActorClusteringEnabled:0]]
[2019.12.07-21.06.30:550][  0]LogConfig: Setting CVar [[gc.BlueprintClusteringEnabled:0]]
[2019.12.07-21.06.30:550][  0]LogConfig: Setting CVar [[gc.UseDisregardForGCOnDedicatedServers:0]]
[2019.12.07-21.06.30:550][  0]LogConfig: Applying CVar settings from Section [/Script/Engine.NetworkSettings] File [C:/Users/Malik/Documents/GitHub/BulletEncore/BulletEncoreProject/Saved/Config/Windows/Engine.ini]
[2019.12.07-21.06.30:550][  0]LogConfig: Applying CVar settings from Section [/Script/UnrealEd.CookerSettings] File [C:/Users/Malik/Documents/GitHub/BulletEncore/BulletEncoreProject/Saved/Config/Windows/Engine.ini]
[2019.12.07-21.06.30:578][  0]LogConfig: Applying CVar settings from Section [ViewDistanceQuality@3] File [C:/Users/Malik/Documents/GitHub/BulletEncore/BulletEncoreProject/Saved/Config/Windows/Scalability.ini]
[2019.12.07-21.06.30:578][  0]LogConfig: Setting CVar [[r.SkeletalMeshLODBias:0]]
[2019.12.07-21.06.30:578][  0]LogConfig: Setting CVar [[r.ViewDistanceScale:1.0]]
[2019.12.07-21.06.30:578][  0]LogConfig: Applying CVar settings from Section [AntiAliasingQuality@3] File [C:/Users/Malik/Documents/GitHub/BulletEncore/BulletEncoreProject/Saved/Config/Windows/Scalability.ini]
[2019.12.07-21.06.30:578][  0]LogConfig: Setting CVar [[r.PostProcessAAQuality:4]]
[2019.12.07-21.06.30:578][  0]LogConfig: Applying CVar settings from Section [ShadowQuality@3] File [C:/Users/Malik/Documents/GitHub/BulletEncore/BulletEncoreProject/Saved/Config/Windows/Scalability.ini]
[2019.12.07-21.06.30:578][  0]LogConfig: Setting CVar [[r.LightFunctionQuality:1]]
[2019.12.07-21.06.30:578][  0]LogConfig: Setting CVar [[r.ShadowQuality:5]]
[2019.12.07-21.06.30:578][  0]LogConfig: Setting CVar [[r.Shadow.CSM.MaxCascades:10]]
[2019.12.07-21.06.30:578][  0]LogConfig: Setting CVar [[r.Shadow.MaxResolution:2048]]
[2019.12.07-21.06.30:578][  0]LogConfig: Setting CVar [[r.Shadow.MaxCSMResolution:2048]]
[2019.12.07-21.06.30:578][  0]LogConfig: Setting CVar [[r.Shadow.RadiusThreshold:0.01]]
[2019.12.07-21.06.30:578][  0]LogConfig: Setting CVar [[r.Shadow.DistanceScale:1.0]]
[2019.12.07-21.06.30:578][  0]LogConfig: Setting CVar [[r.Shadow.CSM.TransitionScale:1.0]]
[2019.12.07-21.06.30:578][  0]LogConfig: Setting CVar [[r.Shadow.PreShadowResolutionFactor:1.0]]
[2019.12.07-21.06.30:578][  0]LogConfig: Setting CVar [[r.DistanceFieldShadowing:1]]
[2019.12.07-21.06.30:578][  0]LogConfig: Setting CVar [[r.DistanceFieldAO:1]]
[2019.12.07-21.06.30:578][  0]LogConfig: Setting CVar [[r.AOQuality:2]]
[2019.12.07-21.06.30:578][  0]LogConfig: Setting CVar [[r.VolumetricFog:1]]
[2019.12.07-21.06.30:578][  0]LogConfig: Setting CVar [[r.VolumetricFog.GridPixelSize:8]]
[2019.12.07-21.06.30:578][  0]LogConfig: Setting CVar [[r.VolumetricFog.GridSizeZ:128]]
[2019.12.07-21.06.30:578][  0]LogConfig: Setting CVar [[r.VolumetricFog.HistoryMissSupersampleCount:4]]
[2019.12.07-21.06.30:578][  0]LogConfig: Setting CVar [[r.LightMaxDrawDistanceScale:1]]
[2019.12.07-21.06.30:578][  0]LogConfig: Setting CVar [[r.CapsuleShadows:1]]
[2019.12.07-21.06.30:578][  0]LogConfig: Applying CVar settings from Section [PostProcessQuality@3] File [C:/Users/Malik/Documents/GitHub/BulletEncore/BulletEncoreProject/Saved/Config/Windows/Scalability.ini]
[2019.12.07-21.06.30:578][  0]LogConfig: Setting CVar [[r.MotionBlurQuality:4]]
[2019.12.07-21.06.30:578][  0]LogConfig: Setting CVar [[r.AmbientOcclusionMipLevelFactor:0.4]]
[2019.12.07-21.06.30:578][  0]LogConfig: Setting CVar [[r.AmbientOcclusionMaxQuality:100]]
[2019.12.07-21.06.30:578][  0]LogConfig: Setting CVar [[r.AmbientOcclusionLevels:-1]]
[2019.12.07-21.06.30:578][  0]LogConfig: Setting CVar [[r.AmbientOcclusionRadiusScale:1.0]]
[2019.12.07-21.06.30:578][  0]LogConfig: Setting CVar [[r.DepthOfFieldQuality:2]]
[2019.12.07-21.06.30:578][  0]LogConfig: Setting CVar [[r.RenderTargetPoolMin:400]]
[2019.12.07-21.06.30:578][  0]LogConfig: Setting CVar [[r.LensFlareQuality:2]]
[2019.12.07-21.06.30:578][  0]LogConfig: Setting CVar [[r.SceneColorFringeQuality:1]]
[2019.12.07-21.06.30:578][  0]LogConfig: Setting CVar [[r.EyeAdaptationQuality:2]]
[2019.12.07-21.06.30:578][  0]LogConfig: Setting CVar [[r.BloomQuality:5]]
[2019.12.07-21.06.30:578][  0]LogConfig: Setting CVar [[r.FastBlurThreshold:100]]
[2019.12.07-21.06.30:578][  0]LogConfig: Setting CVar [[r.Upscale.Quality:3]]
[2019.12.07-21.06.30:578][  0]LogConfig: Setting CVar [[r.Tonemapper.GrainQuantization:1]]
[2019.12.07-21.06.30:578][  0]LogConfig: Setting CVar [[r.LightShaftQuality:1]]
[2019.12.07-21.06.30:578][  0]LogConfig: Setting CVar [[r.Filter.SizeScale:1]]
[2019.12.07-21.06.30:578][  0]LogConfig: Setting CVar [[r.Tonemapper.Quality:5]]
[2019.12.07-21.06.30:578][  0]LogConfig: Setting CVar [[r.DOF.Gather.AccumulatorQuality:1        ; higher gathering accumulator quality]]
[2019.12.07-21.06.30:578][  0]LogConfig: Setting CVar [[r.DOF.Gather.PostfilterMethod:1          ; Median3x3 postfilering method]]
[2019.12.07-21.06.30:578][  0]LogConfig: Setting CVar [[r.DOF.Gather.EnableBokehSettings:0       ; no bokeh simulation when gathering]]
[2019.12.07-21.06.30:578][  0]LogConfig: Setting CVar [[r.DOF.Gather.RingCount:4                 ; medium number of samples when gathering]]
[2019.12.07-21.06.30:578][  0]LogConfig: Setting CVar [[r.DOF.Scatter.ForegroundCompositing:1    ; additive foreground scattering]]
[2019.12.07-21.06.30:578][  0]LogConfig: Setting CVar [[r.DOF.Scatter.BackgroundCompositing:2    ; additive background scattering]]
[2019.12.07-21.06.30:578][  0]LogConfig: Setting CVar [[r.DOF.Scatter.EnableBokehSettings:1      ; bokeh simulation when scattering]]
[2019.12.07-21.06.30:578][  0]LogConfig: Setting CVar [[r.DOF.Scatter.MaxSpriteRatio:0.1         ; only a maximum of 10% of scattered bokeh]]
[2019.12.07-21.06.30:578][  0]LogConfig: Setting CVar [[r.DOF.Recombine.Quality:1                ; cheap slight out of focus]]
[2019.12.07-21.06.30:578][  0]LogConfig: Setting CVar [[r.DOF.Recombine.EnableBokehSettings:0    ; no bokeh simulation on slight out of focus]]
[2019.12.07-21.06.30:578][  0]LogConfig: Setting CVar [[r.DOF.TemporalAAQuality:1                ; more stable temporal accumulation]]
[2019.12.07-21.06.30:578][  0]LogConfig: Setting CVar [[r.DOF.Kernel.MaxForegroundRadius:0.025]]
[2019.12.07-21.06.30:578][  0]LogConfig: Setting CVar [[r.DOF.Kernel.MaxBackgroundRadius:0.025]]
[2019.12.07-21.06.30:578][  0]LogConfig: Applying CVar settings from Section [TextureQuality@3] File [C:/Users/Malik/Documents/GitHub/BulletEncore/BulletEncoreProject/Saved/Config/Windows/Scalability.ini]
[2019.12.07-21.06.30:578][  0]LogConfig: Setting CVar [[r.Streaming.MipBias:0]]
[2019.12.07-21.06.30:578][  0]LogConfig: Setting CVar [[r.Streaming.AmortizeCPUToGPUCopy:0]]
[2019.12.07-21.06.30:578][  0]LogConfig: Setting CVar [[r.Streaming.MaxNumTexturesToStreamPerFrame:0]]
[2019.12.07-21.06.30:578][  0]LogConfig: Setting CVar [[r.Streaming.Boost:1]]
[2019.12.07-21.06.30:578][  0]LogConfig: Setting CVar [[r.MaxAnisotropy:8]]
[2019.12.07-21.06.30:578][  0]LogConfig: Setting CVar [[r.Streaming.LimitPoolSizeToVRAM:0]]
[2019.12.07-21.06.30:578][  0]LogConfig: Setting CVar [[r.Streaming.PoolSize:1000]]
[2019.12.07-21.06.30:578][  0]LogConfig: Setting CVar [[r.Streaming.MaxEffectiveScreenSize:0]]
[2019.12.07-21.06.30:578][  0]LogConfig: Applying CVar settings from Section [EffectsQuality@3] File [C:/Users/Malik/Documents/GitHub/BulletEncore/BulletEncoreProject/Saved/Config/Windows/Scalability.ini]
[2019.12.07-21.06.30:578][  0]LogConfig: Setting CVar [[r.TranslucencyLightingVolumeDim:64]]
[2019.12.07-21.06.30:578][  0]LogConfig: Setting CVar [[r.RefractionQuality:2]]
[2019.12.07-21.06.30:578][  0]LogConfig: Setting CVar [[r.SSR.Quality:3]]
[2019.12.07-21.06.30:578][  0]LogConfig: Setting CVar [[r.SceneColorFormat:4]]
[2019.12.07-21.06.30:579][  0]LogConfig: Setting CVar [[r.DetailMode:2]]
[2019.12.07-21.06.30:579][  0]LogConfig: Setting CVar [[r.TranslucencyVolumeBlur:1]]
[2019.12.07-21.06.30:579][  0]LogConfig: Setting CVar [[r.MaterialQualityLevel:1 ; High quality]]
[2019.12.07-21.06.30:579][  0]LogConfig: Setting CVar [[r.SSS.Scale:1]]
[2019.12.07-21.06.30:579][  0]LogConfig: Setting CVar [[r.SSS.SampleSet:2]]
[2019.12.07-21.06.30:579][  0]LogConfig: Setting CVar [[r.SSS.Quality:1]]
[2019.12.07-21.06.30:579][  0]LogConfig: Setting CVar [[r.SSS.HalfRes:1]]
[2019.12.07-21.06.30:579][  0]LogConfig: Setting CVar [[r.EmitterSpawnRateScale:1.0]]
[2019.12.07-21.06.30:579][  0]LogConfig: Setting CVar [[r.ParticleLightQuality:2]]
[2019.12.07-21.06.30:579][  0]LogConfig: Applying CVar settings from Section [FoliageQuality@3] File [C:/Users/Malik/Documents/GitHub/BulletEncore/BulletEncoreProject/Saved/Config/Windows/Scalability.ini]
[2019.12.07-21.06.30:579][  0]LogConfig: Setting CVar [[foliage.DensityScale:1.0]]
[2019.12.07-21.06.30:579][  0]LogConfig: Setting CVar [[grass.DensityScale:1.0]]
[2019.12.07-21.06.30:580][  0]LogInit: Selected Device Profile: [Windows]
[2019.12.07-21.06.30:580][  0]LogInit: Applying CVar settings loaded from the selected device profile: [Windows]
[2019.12.07-21.06.30:608][  0]LogHAL: Display: Platform has ~ 8 GB [8437579776 / 8589934592 / 8], which maps to Default [LargestMinGB=32, LargerMinGB=12, DefaultMinGB=8, SmallerMinGB=6, SmallestMinGB=0)
[2019.12.07-21.06.30:622][  0]LogConfig: Setting CVar [[r.Vulkan.UseRealUBs:0		; Required until we fix HLR fall-out]]
[2019.12.07-21.06.30:622][  0]LogInit: Going up to parent DeviceProfile []
[2019.12.07-21.06.30:666][  0]LogConfig: Applying CVar settings from Section [ViewDistanceQuality@3] File [C:/Users/Malik/Documents/GitHub/BulletEncore/BulletEncoreProject/Saved/Config/Windows/Scalability.ini]
[2019.12.07-21.06.30:666][  0]LogConfig: Setting CVar [[r.SkeletalMeshLODBias:0]]
[2019.12.07-21.06.30:666][  0]LogConfig: Setting CVar [[r.ViewDistanceScale:1.0]]
[2019.12.07-21.06.30:666][  0]LogConfig: Applying CVar settings from Section [AntiAliasingQuality@3] File [C:/Users/Malik/Documents/GitHub/BulletEncore/BulletEncoreProject/Saved/Config/Windows/Scalability.ini]
[2019.12.07-21.06.30:666][  0]LogConfig: Setting CVar [[r.PostProcessAAQuality:4]]
[2019.12.07-21.06.30:666][  0]LogConfig: Applying CVar settings from Section [ShadowQuality@3] File [C:/Users/Malik/Documents/GitHub/BulletEncore/BulletEncoreProject/Saved/Config/Windows/Scalability.ini]
[2019.12.07-21.06.30:666][  0]LogConfig: Setting CVar [[r.LightFunctionQuality:1]]
[2019.12.07-21.06.30:666][  0]LogConfig: Setting CVar [[r.ShadowQuality:5]]
[2019.12.07-21.06.30:666][  0]LogConfig: Setting CVar [[r.Shadow.CSM.MaxCascades:10]]
[2019.12.07-21.06.30:666][  0]LogConfig: Setting CVar [[r.Shadow.MaxResolution:2048]]
[2019.12.07-21.06.30:666][  0]LogConfig: Setting CVar [[r.Shadow.MaxCSMResolution:2048]]
[2019.12.07-21.06.30:666][  0]LogConfig: Setting CVar [[r.Shadow.RadiusThreshold:0.01]]
[2019.12.07-21.06.30:666][  0]LogConfig: Setting CVar [[r.Shadow.DistanceScale:1.0]]
[2019.12.07-21.06.30:666][  0]LogConfig: Setting CVar [[r.Shadow.CSM.TransitionScale:1.0]]
[2019.12.07-21.06.30:666][  0]LogConfig: Setting CVar [[r.Shadow.PreShadowResolutionFactor:1.0]]
[2019.12.07-21.06.30:666][  0]LogConfig: Setting CVar [[r.DistanceFieldShadowing:1]]
[2019.12.07-21.06.30:666][  0]LogConfig: Setting CVar [[r.DistanceFieldAO:1]]
[2019.12.07-21.06.30:666][  0]LogConfig: Setting CVar [[r.AOQuality:2]]
[2019.12.07-21.06.30:666][  0]LogConfig: Setting CVar [[r.VolumetricFog:1]]
[2019.12.07-21.06.30:666][  0]LogConfig: Setting CVar [[r.VolumetricFog.GridPixelSize:8]]
[2019.12.07-21.06.30:666][  0]LogConfig: Setting CVar [[r.VolumetricFog.GridSizeZ:128]]
[2019.12.07-21.06.30:666][  0]LogConfig: Setting CVar [[r.VolumetricFog.HistoryMissSupersampleCount:4]]
[2019.12.07-21.06.30:666][  0]LogConfig: Setting CVar [[r.LightMaxDrawDistanceScale:1]]
[2019.12.07-21.06.30:666][  0]LogConfig: Setting CVar [[r.CapsuleShadows:1]]
[2019.12.07-21.06.30:666][  0]LogConfig: Applying CVar settings from Section [PostProcessQuality@3] File [C:/Users/Malik/Documents/GitHub/BulletEncore/BulletEncoreProject/Saved/Config/Windows/Scalability.ini]
[2019.12.07-21.06.30:666][  0]LogConfig: Setting CVar [[r.MotionBlurQuality:4]]
[2019.12.07-21.06.30:666][  0]LogConfig: Setting CVar [[r.AmbientOcclusionMipLevelFactor:0.4]]
[2019.12.07-21.06.30:666][  0]LogConfig: Setting CVar [[r.AmbientOcclusionMaxQuality:100]]
[2019.12.07-21.06.30:666][  0]LogConfig: Setting CVar [[r.AmbientOcclusionLevels:-1]]
[2019.12.07-21.06.30:666][  0]LogConfig: Setting CVar [[r.AmbientOcclusionRadiusScale:1.0]]
[2019.12.07-21.06.30:666][  0]LogConfig: Setting CVar [[r.DepthOfFieldQuality:2]]
[2019.12.07-21.06.30:666][  0]LogConfig: Setting CVar [[r.RenderTargetPoolMin:400]]
[2019.12.07-21.06.30:666][  0]LogConfig: Setting CVar [[r.LensFlareQuality:2]]
[2019.12.07-21.06.30:666][  0]LogConfig: Setting CVar [[r.SceneColorFringeQuality:1]]
[2019.12.07-21.06.30:666][  0]LogConfig: Setting CVar [[r.EyeAdaptationQuality:2]]
[2019.12.07-21.06.30:666][  0]LogConfig: Setting CVar [[r.BloomQuality:5]]
[2019.12.07-21.06.30:666][  0]LogConfig: Setting CVar [[r.FastBlurThreshold:100]]
[2019.12.07-21.06.30:666][  0]LogConfig: Setting CVar [[r.Upscale.Quality:3]]
[2019.12.07-21.06.30:666][  0]LogConfig: Setting CVar [[r.Tonemapper.GrainQuantization:1]]
[2019.12.07-21.06.30:666][  0]LogConfig: Setting CVar [[r.LightShaftQuality:1]]
[2019.12.07-21.06.30:666][  0]LogConfig: Setting CVar [[r.Filter.SizeScale:1]]
[2019.12.07-21.06.30:666][  0]LogConfig: Setting CVar [[r.Tonemapper.Quality:5]]
[2019.12.07-21.06.30:666][  0]LogConfig: Setting CVar [[r.DOF.Gather.AccumulatorQuality:1        ; higher gathering accumulator quality]]
[2019.12.07-21.06.30:666][  0]LogConfig: Setting CVar [[r.DOF.Gather.PostfilterMethod:1          ; Median3x3 postfilering method]]
[2019.12.07-21.06.30:666][  0]LogConfig: Setting CVar [[r.DOF.Gather.EnableBokehSettings:0       ; no bokeh simulation when gathering]]
[2019.12.07-21.06.30:666][  0]LogConfig: Setting CVar [[r.DOF.Gather.RingCount:4                 ; medium number of samples when gathering]]
[2019.12.07-21.06.30:666][  0]LogConfig: Setting CVar [[r.DOF.Scatter.ForegroundCompositing:1    ; additive foreground scattering]]
[2019.12.07-21.06.30:666][  0]LogConfig: Setting CVar [[r.DOF.Scatter.BackgroundCompositing:2    ; additive background scattering]]
[2019.12.07-21.06.30:666][  0]LogConfig: Setting CVar [[r.DOF.Scatter.EnableBokehSettings:1      ; bokeh simulation when scattering]]
[2019.12.07-21.06.30:667][  0]LogConfig: Setting CVar [[r.DOF.Scatter.MaxSpriteRatio:0.1         ; only a maximum of 10% of scattered bokeh]]
[2019.12.07-21.06.30:667][  0]LogConfig: Setting CVar [[r.DOF.Recombine.Quality:1                ; cheap slight out of focus]]
[2019.12.07-21.06.30:667][  0]LogConfig: Setting CVar [[r.DOF.Recombine.EnableBokehSettings:0    ; no bokeh simulation on slight out of focus]]
[2019.12.07-21.06.30:667][  0]LogConfig: Setting CVar [[r.DOF.TemporalAAQuality:1                ; more stable temporal accumulation]]
[2019.12.07-21.06.30:667][  0]LogConfig: Setting CVar [[r.DOF.Kernel.MaxForegroundRadius:0.025]]
[2019.12.07-21.06.30:667][  0]LogConfig: Setting CVar [[r.DOF.Kernel.MaxBackgroundRadius:0.025]]
[2019.12.07-21.06.30:667][  0]LogConfig: Applying CVar settings from Section [TextureQuality@3] File [C:/Users/Malik/Documents/GitHub/BulletEncore/BulletEncoreProject/Saved/Config/Windows/Scalability.ini]
[2019.12.07-21.06.30:667][  0]LogConfig: Setting CVar [[r.Streaming.MipBias:0]]
[2019.12.07-21.06.30:667][  0]LogConfig: Setting CVar [[r.Streaming.AmortizeCPUToGPUCopy:0]]
[2019.12.07-21.06.30:667][  0]LogConfig: Setting CVar [[r.Streaming.MaxNumTexturesToStreamPerFrame:0]]
[2019.12.07-21.06.30:667][  0]LogConfig: Setting CVar [[r.Streaming.Boost:1]]
[2019.12.07-21.06.30:667][  0]LogConfig: Setting CVar [[r.MaxAnisotropy:8]]
[2019.12.07-21.06.30:667][  0]LogConfig: Setting CVar [[r.Streaming.LimitPoolSizeToVRAM:0]]
[2019.12.07-21.06.30:667][  0]LogConfig: Setting CVar [[r.Streaming.PoolSize:1000]]
[2019.12.07-21.06.30:667][  0]LogConfig: Setting CVar [[r.Streaming.MaxEffectiveScreenSize:0]]
[2019.12.07-21.06.30:667][  0]LogConfig: Applying CVar settings from Section [EffectsQuality@3] File [C:/Users/Malik/Documents/GitHub/BulletEncore/BulletEncoreProject/Saved/Config/Windows/Scalability.ini]
[2019.12.07-21.06.30:667][  0]LogConfig: Setting CVar [[r.TranslucencyLightingVolumeDim:64]]
[2019.12.07-21.06.30:667][  0]LogConfig: Setting CVar [[r.RefractionQuality:2]]
[2019.12.07-21.06.30:667][  0]LogConfig: Setting CVar [[r.SSR.Quality:3]]
[2019.12.07-21.06.30:667][  0]LogConfig: Setting CVar [[r.SceneColorFormat:4]]
[2019.12.07-21.06.30:667][  0]LogConfig: Setting CVar [[r.DetailMode:2]]
[2019.12.07-21.06.30:667][  0]LogConfig: Setting CVar [[r.TranslucencyVolumeBlur:1]]
[2019.12.07-21.06.30:667][  0]LogConfig: Setting CVar [[r.MaterialQualityLevel:1 ; High quality]]
[2019.12.07-21.06.30:667][  0]LogConfig: Setting CVar [[r.SSS.Scale:1]]
[2019.12.07-21.06.30:667][  0]LogConfig: Setting CVar [[r.SSS.SampleSet:2]]
[2019.12.07-21.06.30:667][  0]LogConfig: Setting CVar [[r.SSS.Quality:1]]
[2019.12.07-21.06.30:667][  0]LogConfig: Setting CVar [[r.SSS.HalfRes:1]]
[2019.12.07-21.06.30:667][  0]LogConfig: Setting CVar [[r.EmitterSpawnRateScale:1.0]]
[2019.12.07-21.06.30:667][  0]LogConfig: Setting CVar [[r.ParticleLightQuality:2]]
[2019.12.07-21.06.30:667][  0]LogConfig: Applying CVar settings from Section [FoliageQuality@3] File [C:/Users/Malik/Documents/GitHub/BulletEncore/BulletEncoreProject/Saved/Config/Windows/Scalability.ini]
[2019.12.07-21.06.30:667][  0]LogConfig: Setting CVar [[foliage.DensityScale:1.0]]
[2019.12.07-21.06.30:667][  0]LogConfig: Setting CVar [[grass.DensityScale:1.0]]
[2019.12.07-21.06.30:667][  0]LogConfig: Applying CVar settings from Section [Startup] File [../../../Engine/Config/ConsoleVariables.ini]
[2019.12.07-21.06.30:667][  0]LogConfig: Setting CVar [[net.UseAdaptiveNetUpdateFrequency:0]]
[2019.12.07-21.06.30:667][  0]LogConfig: Setting CVar [[p.chaos.AllowCreatePhysxBodies:1]]
[2019.12.07-21.06.30:667][  0]LogConfig: Applying CVar settings from Section [ConsoleVariables] File [C:/Users/Malik/Documents/GitHub/BulletEncore/BulletEncoreProject/Saved/Config/Windows/Engine.ini]
[2019.12.07-21.06.30:688][  0]LogInit: Computer: LAPTOP-QRINR8CT
[2019.12.07-21.06.30:688][  0]LogInit: User: Malik
[2019.12.07-21.06.30:688][  0]LogInit: CPU Page size=4096, Cores=6
[2019.12.07-21.06.30:688][  0]LogInit: High frequency timer resolution =10.000000 MHz
[2019.12.07-21.06.30:689][  0]LogMemory: Memory total: Physical=7.9GB (8GB approx)
[2019.12.07-21.06.30:689][  0]LogMemory: Platform Memory Stats for Windows
[2019.12.07-21.06.30:689][  0]LogMemory: Process Physical Memory: 98.25 MB used, 98.26 MB peak
[2019.12.07-21.06.30:689][  0]LogMemory: Process Virtual Memory: 89.86 MB used, 89.86 MB peak
[2019.12.07-21.06.30:689][  0]LogMemory: Physical Memory: 3974.93 MB used,  4071.78 MB free, 8046.70 MB total
[2019.12.07-21.06.30:689][  0]LogMemory: Virtual Memory: 4674.66 MB used,  134213056.00 MB free, 134217728.00 MB total
[2019.12.07-21.06.32:419][  0]LogInit: Using OS detected language (en-US).
[2019.12.07-21.06.32:419][  0]LogInit: Using OS detected locale (en-CA).
[2019.12.07-21.06.32:464][  0]LogTextLocalizationManager: No specific localization for 'en-US' exists, so the 'en' localization will be used.
[2019.12.07-21.06.33:297][  0]LogInit: Setting process to per monitor DPI aware
[2019.12.07-21.06.33:651][  0]LogSlate: New Slate User Created.  User Index 0, Is Virtual User: 0
[2019.12.07-21.06.33:651][  0]LogSlate: Slate User Registered.  User Index 0, Is Virtual User: 0
[2019.12.07-21.06.38:241][  0]LogHMD: Failed to initialize OpenVR with code 110
[2019.12.07-21.06.38:241][  0]LogD3D11RHI: D3D11 adapters:
[2019.12.07-21.06.39:372][  0]LogD3D11RHI:    0. 'NVIDIA GeForce GTX 1050 Ti' (Feature Level 11_0)
[2019.12.07-21.06.39:372][  0]LogD3D11RHI:       4021/0/4023 MB DedicatedVideo/DedicatedSystem/SharedSystem, Outputs:1, VendorId:0x10de
[2019.12.07-21.06.39:574][  0]LogD3D11RHI:    1. 'Intel(R) UHD Graphics 630' (Feature Level 11_0)
[2019.12.07-21.06.39:574][  0]LogD3D11RHI:       128/0/4023 MB DedicatedVideo/DedicatedSystem/SharedSystem, Outputs:0, VendorId:0x8086
[2019.12.07-21.06.39:591][  0]LogD3D11RHI:    2. 'Microsoft Basic Render Driver' (Feature Level 11_0)
[2019.12.07-21.06.39:591][  0]LogD3D11RHI:       0/0/4023 MB DedicatedVideo/DedicatedSystem/SharedSystem, Outputs:0, VendorId:0x1414
[2019.12.07-21.06.39:591][  0]LogD3D11RHI: Chosen D3D11 Adapter: 0
[2019.12.07-21.06.39:624][  0]LogD3D11RHI: Creating new Direct3DDevice
[2019.12.07-21.06.39:624][  0]LogD3D11RHI:     GPU DeviceId: 0x1c8c (for the marketing name, search the web for "GPU Device Id")
[2019.12.07-21.06.39:625][  0]LogWindows: EnumDisplayDevices:
[2019.12.07-21.06.39:625][  0]LogWindows:    0. 'Intel(R) UHD Graphics 630' (P:1 D:1)
[2019.12.07-21.06.39:625][  0]LogWindows:    1. 'Intel(R) UHD Graphics 630' (P:0 D:0)
[2019.12.07-21.06.39:625][  0]LogWindows:    2. 'Intel(R) UHD Graphics 630' (P:0 D:0)
[2019.12.07-21.06.39:626][  0]LogWindows: DebugString: PrimaryIsNotTheChoosenAdapter PrimaryIsNotTheChoosenAdapter PrimaryIsNotTheChoosenAdapter FoundDriverCount:0 
[2019.12.07-21.06.39:626][  0]LogD3D11RHI:     Adapter Name: NVIDIA GeForce GTX 1050 Ti
[2019.12.07-21.06.39:626][  0]LogD3D11RHI:   Driver Version: Unknown (internal:Unknown, unified:Unknown)
[2019.12.07-21.06.39:626][  0]LogD3D11RHI:      Driver Date: Unknown
[2019.12.07-21.06.39:626][  0]LogRHI: Texture pool is 2814 MB (70% of 4021 MB)
[2019.12.07-21.06.39:748][  0]LogD3D11RHI: Async texture creation enabled
[2019.12.07-21.06.39:807][  0]LogRendererCore: FGlobalReadBuffer::InitRHI
[2019.12.07-21.06.39:808][  0]LogRendererCore: FGlobalReadBuffer::InitRHI
[2019.12.07-21.06.39:808][  0]LogRendererCore: FGlobalReadBuffer::InitRHI
[2019.12.07-21.06.39:818][  0]LogD3D11RHI: GPU Timing Frequency: 1000.000000 (Debug: 2 1)
[2019.12.07-21.06.40:410][  0]LogTemp: Display: Module 'AllDesktopTargetPlatform' loaded TargetPlatform 'AllDesktop'
[2019.12.07-21.06.40:424][  0]LogTemp: Display: Module 'MacClientTargetPlatform' loaded TargetPlatform 'MacClient'
[2019.12.07-21.06.40:450][  0]LogTemp: Display: Module 'MacNoEditorTargetPlatform' loaded TargetPlatform 'MacNoEditor'
[2019.12.07-21.06.40:464][  0]LogTemp: Display: Module 'MacServerTargetPlatform' loaded TargetPlatform 'MacServer'
[2019.12.07-21.06.40:540][  0]LogTemp: Display: Module 'MacTargetPlatform' loaded TargetPlatform 'Mac'
[2019.12.07-21.06.40:568][  0]LogTemp: Display: Module 'WindowsClientTargetPlatform' loaded TargetPlatform 'WindowsClient'
[2019.12.07-21.06.40:583][  0]LogTemp: Display: Module 'WindowsNoEditorTargetPlatform' loaded TargetPlatform 'WindowsNoEditor'
[2019.12.07-21.06.40:604][  0]LogTemp: Display: Module 'WindowsServerTargetPlatform' loaded TargetPlatform 'WindowsServer'
[2019.12.07-21.06.40:613][  0]LogTemp: Display: Module 'WindowsTargetPlatform' loaded TargetPlatform 'Windows'
[2019.12.07-21.06.40:707][  0]LogTemp: Display: Module 'AndroidTargetPlatform' loaded TargetPlatform 'Android'
[2019.12.07-21.06.40:707][  0]LogTemp: Display: Module 'AndroidTargetPlatform' loaded TargetPlatform 'Android_ASTC'
[2019.12.07-21.06.40:707][  0]LogTemp: Display: Module 'AndroidTargetPlatform' loaded TargetPlatform 'Android_ATC'
[2019.12.07-21.06.40:707][  0]LogTemp: Display: Module 'AndroidTargetPlatform' loaded TargetPlatform 'Android_DXT'
[2019.12.07-21.06.40:707][  0]LogTemp: Display: Module 'AndroidTargetPlatform' loaded TargetPlatform 'Android_ETC1'
[2019.12.07-21.06.40:707][  0]LogTemp: Display: Module 'AndroidTargetPlatform' loaded TargetPlatform 'Android_ETC1a'
[2019.12.07-21.06.40:707][  0]LogTemp: Display: Module 'AndroidTargetPlatform' loaded TargetPlatform 'Android_ETC2'
[2019.12.07-21.06.40:707][  0]LogTemp: Display: Module 'AndroidTargetPlatform' loaded TargetPlatform 'Android_PVRTC'
[2019.12.07-21.06.40:707][  0]LogTemp: Display: Module 'AndroidTargetPlatform' loaded TargetPlatform 'AndroidClient'
[2019.12.07-21.06.40:707][  0]LogTemp: Display: Module 'AndroidTargetPlatform' loaded TargetPlatform 'Android_ASTCClient'
[2019.12.07-21.06.40:707][  0]LogTemp: Display: Module 'AndroidTargetPlatform' loaded TargetPlatform 'Android_ATCClient'
[2019.12.07-21.06.40:707][  0]LogTemp: Display: Module 'AndroidTargetPlatform' loaded TargetPlatform 'Android_DXTClient'
[2019.12.07-21.06.40:707][  0]LogTemp: Display: Module 'AndroidTargetPlatform' loaded TargetPlatform 'Android_ETC1Client'
[2019.12.07-21.06.40:707][  0]LogTemp: Display: Module 'AndroidTargetPlatform' loaded TargetPlatform 'Android_ETC1aClient'
[2019.12.07-21.06.40:707][  0]LogTemp: Display: Module 'AndroidTargetPlatform' loaded TargetPlatform 'Android_ETC2Client'
[2019.12.07-21.06.40:707][  0]LogTemp: Display: Module 'AndroidTargetPlatform' loaded TargetPlatform 'Android_PVRTCClient'
[2019.12.07-21.06.40:707][  0]LogTemp: Display: Module 'AndroidTargetPlatform' loaded TargetPlatform 'Android_Multi'
[2019.12.07-21.06.40:707][  0]LogTemp: Display: Module 'AndroidTargetPlatform' loaded TargetPlatform 'Android_MultiClient'
[2019.12.07-21.06.40:718][  0]LogTemp: Display: Module 'HTML5TargetPlatform' loaded TargetPlatform 'HTML5'
[2019.12.07-21.06.40:822][  0]LogTemp: Display: Module 'IOSTargetPlatform' loaded TargetPlatform 'IOSClient'
[2019.12.07-21.06.40:822][  0]LogTemp: Display: Module 'IOSTargetPlatform' loaded TargetPlatform 'IOS'
[2019.12.07-21.06.40:849][  0]LogTemp: Display: Module 'TVOSTargetPlatform' loaded TargetPlatform 'TVOSClient'
[2019.12.07-21.06.40:850][  0]LogTemp: Display: Module 'TVOSTargetPlatform' loaded TargetPlatform 'TVOS'
[2019.12.07-21.06.40:871][  0]LogTemp: Display: Module 'LinuxClientTargetPlatform' loaded TargetPlatform 'LinuxClient'
[2019.12.07-21.06.40:897][  0]LogTemp: Display: Module 'LinuxNoEditorTargetPlatform' loaded TargetPlatform 'LinuxNoEditor'
[2019.12.07-21.06.40:919][  0]LogTemp: Display: Module 'LinuxServerTargetPlatform' loaded TargetPlatform 'LinuxServer'
[2019.12.07-21.06.40:955][  0]LogTemp: Display: Module 'LinuxTargetPlatform' loaded TargetPlatform 'Linux'
[2019.12.07-21.06.41:004][  0]LogTemp: Display: Module 'LuminTargetPlatform' loaded TargetPlatform 'Lumin'
[2019.12.07-21.06.41:004][  0]LogTemp: Display: Module 'LuminTargetPlatform' loaded TargetPlatform 'LuminClient'
[2019.12.07-21.06.41:004][  0]LogTargetPlatformManager: Display: Building Assets For Windows
[2019.12.07-21.06.41:157][  0]LogAudioDebug: Display: Lib vorbis DLL was dynamically loaded.
[2019.12.07-21.06.41:650][  0]LogShaderCompilers: Guid format shader working directory is -34 characters bigger than the processId version (../../../../../../Users/Malik/Documents/GitHub/BulletEncore/BulletEncoreProject/Intermediate/Shaders/WorkingDirectory/18424/).
[2019.12.07-21.06.41:650][  0]LogShaderCompilers: Cleaned the shader compiler working directory 'C:/Users/Malik/AppData/Local/Temp/UnrealShaderWorkingDir/A4A0730D495F339C3F70A6B260EC5F12/'.
[2019.12.07-21.06.41:694][  0]LogXGEController: Cleaning working directory: C:/Users/Malik/AppData/Local/Temp/UnrealXGEWorkingDir/
[2019.12.07-21.06.41:706][  0]LogShaderCompilers: Display: Using XGE Shader Compiler (Interception Interface).
[2019.12.07-21.06.44:503][  0]LogDerivedDataCache: Display: Max Cache Size: 512 MB
[2019.12.07-21.06.45:883][  0]LogDerivedDataCache: Loaded boot cache 1.38s 75MB C:/Users/Malik/AppData/Local/UnrealEngine/4.22/DerivedDataCache/Boot.ddc.
[2019.12.07-21.06.45:883][  0]LogDerivedDataCache: Display: Loaded Boot cache: C:/Users/Malik/AppData/Local/UnrealEngine/4.22/DerivedDataCache/Boot.ddc
[2019.12.07-21.06.45:883][  0]LogDerivedDataCache: FDerivedDataBackendGraph:  Pak pak cache file ../../../../../../Users/Malik/Documents/GitHub/BulletEncore/BulletEncoreProject/DerivedDataCache/DDC.ddp not found, will not use a pak cache.
[2019.12.07-21.06.45:883][  0]LogDerivedDataCache: Unable to find inner node Pak for hierarchical cache Hierarchy.
[2019.12.07-21.06.45:883][  0]LogDerivedDataCache: FDerivedDataBackendGraph:  CompressedPak pak cache file ../../../../../../Users/Malik/Documents/GitHub/BulletEncore/BulletEncoreProject/DerivedDataCache/Compressed.ddp not found, will not use a pak cache.
[2019.12.07-21.06.45:883][  0]LogDerivedDataCache: Unable to find inner node CompressedPak for hierarchical cache Hierarchy.
[2019.12.07-21.06.45:925][  0]LogDerivedDataCache: Display: Pak cache opened for reading ../../../Engine/DerivedDataCache/Compressed.ddp.
[2019.12.07-21.06.45:925][  0]LogDerivedDataCache: FDerivedDataBackendGraph:  EnterprisePak pak cache file ../../../Enterprise/DerivedDataCache/Compressed.ddp not found, will not use a pak cache.
[2019.12.07-21.06.45:925][  0]LogDerivedDataCache: Unable to find inner node EnterprisePak for hierarchical cache Hierarchy.
[2019.12.07-21.06.45:938][  0]LogDerivedDataCache: Using Local data cache path C:/Users/Malik/AppData/Local/UnrealEngine/Common/DerivedDataCache: Writable
[2019.12.07-21.06.45:938][  0]LogDerivedDataCache: Shared data cache path not found in *engine.ini, will not use an Shared cache.
[2019.12.07-21.06.45:938][  0]LogDerivedDataCache: Unable to find inner node Shared for hierarchical cache Hierarchy.
[2019.12.07-21.06.45:961][  0]LogMaterial: Verifying Global Shaders for PCD3D_SM5
[2019.12.07-21.06.46:021][  0]LogSlate: Using FreeType 2.6.0
[2019.12.07-21.06.46:057][  0]LogSlate: SlateFontServices - WITH_FREETYPE: 1, WITH_HARFBUZZ: 1
[2019.12.07-21.06.46:531][  0]LogAssetRegistry: FAssetRegistry took 0.0372 seconds to start up
[2019.12.07-21.06.47:755][  0]LogInit: Selected Device Profile: [Windows]
[2019.12.07-21.06.48:400][  0]LogMeshReduction: Using QuadricMeshReduction for automatic static mesh reduction
[2019.12.07-21.06.48:400][  0]LogMeshReduction: Using SimplygonMeshReduction for automatic skeletal mesh reduction
[2019.12.07-21.06.48:400][  0]LogMeshReduction: Using ProxyLODMeshReduction for automatic mesh merging
[2019.12.07-21.06.48:400][  0]LogMeshReduction: No distributed automatic mesh merging module available
[2019.12.07-21.06.48:401][  0]LogMeshMerging: No distributed automatic mesh merging module available
[2019.12.07-21.06.48:689][  0]LogNetVersion: BulletEncoreProject 1.0.0, NetCL: 5660361, EngineNetVer: 10, GameNetVer: 0 (Checksum: 3294845334)
[2019.12.07-21.06.51:696][  0]LogPackageLocalizationCache: Processed 10 localized package path(s) for 1 prioritized culture(s) in 0.059587 seconds
[2019.12.07-21.06.51:703][  0]LogUObjectArray: 42205 objects as part of root set at end of initial load.
[2019.12.07-21.06.51:703][  0]LogUObjectAllocator: 7325032 out of 0 bytes used by permanent object pool.
[2019.12.07-21.06.51:703][  0]LogUObjectArray: CloseDisregardForGC: 0/0 objects in disregard for GC pool
[2019.12.07-21.07.00:072][  0]LogTcpMessaging: Initializing TcpMessaging bridge
[2019.12.07-21.07.00:135][  0]LogUdpMessaging: Initializing bridge on interface 0.0.0.0:0 to multicast group 230.0.0.1:6666.
[2019.12.07-21.07.01:278][  0]SourceControl: Source control is disabled
[2019.12.07-21.07.01:278][  0]SourceControl: Source control is disabled
[2019.12.07-21.07.01:338][  0]SourceControl: Source control is disabled
[2019.12.07-21.07.01:358][  0]SourceControl: Source control is disabled
[2019.12.07-21.07.01:859][  0]LogAndroidPermission: UAndroidPermissionCallbackProxy::GetInstance
[2019.12.07-21.07.02:114][  0]LogOcInput: OculusInput pre-init called
[2019.12.07-21.07.03:220][  0]LogEngine: Initializing Engine...
[2019.12.07-21.07.03:222][  0]LogHMD: Failed to initialize OpenVR with code 110
[2019.12.07-21.07.03:224][  0]LogStats: UGameplayTagsManager::InitializeManager -  0.001 s
[2019.12.07-21.07.03:646][  0]LogInit: Initializing FReadOnlyCVARCache
[2019.12.07-21.07.03:836][  0]LogAIModule: Creating AISystem for world Untitled
[2019.12.07-21.07.03:896][  0]LogInit: XAudio2 using 'Speakers (Realtek High Definition Audio)' : 6 channels at 48 kHz using 32 bits per sample (channel mask 0x3f)
[2019.12.07-21.07.04:195][  0]LogInit: FAudioDevice initialized.
[2019.12.07-21.07.04:195][  0]LogNetVersion: Set ProjectVersion to 1.0.0.0. Version Checksum will be recalculated on next use.
[2019.12.07-21.07.04:539][  0]LogDerivedDataCache: Saved boot cache 0.34s 75MB C:/Users/Malik/AppData/Local/UnrealEngine/4.22/DerivedDataCache/Boot.ddc.
[2019.12.07-21.07.04:548][  0]LogInit: Texture streaming: Enabled
[2019.12.07-21.07.04:611][  0]LogEngineSessionManager: EngineSessionManager initialized
[2019.12.07-21.07.04:838][  0]LogInit: Transaction tracking system initialized
[2019.12.07-21.07.04:986][  0]BlueprintLog: New page: Editor Load
[2019.12.07-21.07.05:406][  0]LocalizationService: Localization service is disabled
[2019.12.07-21.07.06:717][  0]LogFileCache: Scanning file cache for directory 'C:/Users/Malik/Documents/GitHub/BulletEncore/BulletEncoreProject/Content/' took 0.02s
[2019.12.07-21.07.06:717][  0]LogCook: Display: Max memory allowance for cook 16384mb min free memory 0mb
[2019.12.07-21.07.06:717][  0]LogCook: Display: Mobile HDR setting 1
[2019.12.07-21.07.07:634][  0]SourceControl: Source control is disabled
[2019.12.07-21.07.07:636][  0]Cmd: MAP LOAD FILE="../../../../../../Users/Malik/Documents/GitHub/BulletEncore/BulletEncoreProject/Content/TwinStickCPP/Maps/TwinStickExampleMap.umap" TEMPLATE=0 SHOWPROGRESS=1 FEATURELEVEL=3
[2019.12.07-21.07.07:637][  0]LightingResults: New page: Lighting Build
[2019.12.07-21.07.07:678][  0]MapCheck: New page: Map Check
[2019.12.07-21.07.07:678][  0]LightingResults: New page: Lighting Build
[2019.12.07-21.07.07:710][  0]LogUObjectHash: Compacting FUObjectHashTables data took   1.67ms
[2019.12.07-21.07.09:236][  0]LogAIModule: Creating AISystem for world TwinStickExampleMap
[2019.12.07-21.07.09:562][  0]LogEditorServer: Finished looking for orphan Actors (0.000 secs)
[2019.12.07-21.07.09:600][  0]LogUObjectHash: Compacting FUObjectHashTables data took   1.96ms
[2019.12.07-21.07.09:600][  0]Cmd: MAP CHECKDEP NOCLEARLOG
[2019.12.07-21.07.09:601][  0]MapCheck: Map check complete: 0 Error(s), 0 Warning(s), took 0.177ms to complete.
[2019.12.07-21.07.09:601][  0]LogFileHelpers: Loading map 'TwinStickExampleMap' took 1.966
[2019.12.07-21.07.10:113][  0]LogSlate: Updating window title bar state: overlay mode, drag disabled, window buttons hidden, title bar hidden
[2019.12.07-21.07.10:205][  0]LogSlate: Updating window title bar state: overlay mode, drag disabled, window buttons hidden, title bar hidden
[2019.12.07-21.07.10:211][  0]LogSlate: Updating window title bar state: overlay mode, drag disabled, window buttons hidden, title bar hidden
[2019.12.07-21.07.10:218][  0]LogSlate: Updating window title bar state: overlay mode, drag disabled, window buttons hidden, title bar hidden
[2019.12.07-21.07.10:342][  0]LogCollectionManager: Loaded 0 collections in 0.001553 seconds
[2019.12.07-21.07.10:436][  0]LogFileCache: Scanning file cache for directory 'C:/Users/Malik/Documents/GitHub/BulletEncore/BulletEncoreProject/Saved/Collections/' took 0.01s
[2019.12.07-21.07.10:436][  0]LogFileCache: Scanning file cache for directory 'C:/Users/Malik/Documents/GitHub/BulletEncore/BulletEncoreProject/Content/Developers/Malik/Collections/' took 0.01s
[2019.12.07-21.07.10:436][  0]LogFileCache: Scanning file cache for directory 'C:/Users/Malik/Documents/GitHub/BulletEncore/BulletEncoreProject/Content/Collections/' took 0.00s
[2019.12.07-21.07.10:436][  0]LogCollectionManager: Rebuilt the GUID cache for 0 collections in 0.000000 seconds
[2019.12.07-21.07.10:465][  0]LogContentBrowser: Native class hierarchy populated in 0.0259 seconds. Added 2737 classes and 662 folders.
[2019.12.07-21.07.10:493][  0]LogContentBrowser: Native class hierarchy updated for 'WidgetCarousel' in 0.0003 seconds. Added 0 classes and 0 folders.
[2019.12.07-21.07.10:553][  0]LogPakFile: Registered encryption key '00000000000000000000000000000000': 0 pak files mounted, 0 remain pending
[2019.12.07-21.07.10:571][  0]LogPakFile: Registered encryption key '00000000000000000000000000000000': 0 pak files mounted, 0 remain pending
[2019.12.07-21.07.10:621][  0]LogPakFile: Registered encryption key '00000000000000000000000000000000': 0 pak files mounted, 0 remain pending
[2019.12.07-21.07.10:643][  0]LogPakFile: Registered encryption key '00000000000000000000000000000000': 0 pak files mounted, 0 remain pending
[2019.12.07-21.07.10:654][  0]LogPakFile: Registered encryption key '00000000000000000000000000000000': 0 pak files mounted, 0 remain pending
[2019.12.07-21.07.10:673][  0]LogPakFile: Registered encryption key '00000000000000000000000000000000': 0 pak files mounted, 0 remain pending
[2019.12.07-21.07.10:692][  0]LogPakFile: Registered encryption key '00000000000000000000000000000000': 0 pak files mounted, 0 remain pending
[2019.12.07-21.07.10:697][  0]LogPakFile: Registered encryption key '00000000000000000000000000000000': 0 pak files mounted, 0 remain pending
[2019.12.07-21.07.10:705][  0]LogPakFile: Registered encryption key '00000000000000000000000000000000': 0 pak files mounted, 0 remain pending
[2019.12.07-21.07.10:712][  0]LogPakFile: Registered encryption key '00000000000000000000000000000000': 0 pak files mounted, 0 remain pending
[2019.12.07-21.07.10:746][  0]LogPakFile: Registered encryption key '00000000000000000000000000000000': 0 pak files mounted, 0 remain pending
[2019.12.07-21.07.10:761][  0]LogPakFile: Registered encryption key '00000000000000000000000000000000': 0 pak files mounted, 0 remain pending
[2019.12.07-21.07.10:778][  0]LogPakFile: Registered encryption key '00000000000000000000000000000000': 0 pak files mounted, 0 remain pending
[2019.12.07-21.07.10:785][  0]LogPakFile: Registered encryption key '00000000000000000000000000000000': 0 pak files mounted, 0 remain pending
[2019.12.07-21.07.10:790][  0]LogPakFile: Registered encryption key '00000000000000000000000000000000': 0 pak files mounted, 0 remain pending
[2019.12.07-21.07.10:796][  0]LogPakFile: Registered encryption key '00000000000000000000000000000000': 0 pak files mounted, 0 remain pending
[2019.12.07-21.07.10:836][  0]LogPakFile: Registered encryption key '00000000000000000000000000000000': 0 pak files mounted, 0 remain pending
[2019.12.07-21.07.10:844][  0]LogPakFile: Registered encryption key '00000000000000000000000000000000': 0 pak files mounted, 0 remain pending
[2019.12.07-21.07.10:850][  0]LogPakFile: Registered encryption key '00000000000000000000000000000000': 0 pak files mounted, 0 remain pending
[2019.12.07-21.07.10:860][  0]LogPakFile: Registered encryption key '00000000000000000000000000000000': 0 pak files mounted, 0 remain pending
[2019.12.07-21.07.10:868][  0]LogPakFile: Registered encryption key '00000000000000000000000000000000': 0 pak files mounted, 0 remain pending
[2019.12.07-21.07.10:884][  0]LogPakFile: Registered encryption key '00000000000000000000000000000000': 0 pak files mounted, 0 remain pending
[2019.12.07-21.07.10:891][  0]LogPakFile: Registered encryption key '00000000000000000000000000000000': 0 pak files mounted, 0 remain pending
[2019.12.07-21.07.10:899][  0]LogPakFile: Registered encryption key '00000000000000000000000000000000': 0 pak files mounted, 0 remain pending
[2019.12.07-21.07.10:907][  0]LogPakFile: Registered encryption key '00000000000000000000000000000000': 0 pak files mounted, 0 remain pending
[2019.12.07-21.07.10:914][  0]LogPakFile: Registered encryption key '00000000000000000000000000000000': 0 pak files mounted, 0 remain pending
[2019.12.07-21.07.11:797][  0]LogContentBrowser: Native class hierarchy updated for 'AddContentDialog' in 0.0003 seconds. Added 0 classes and 0 folders.
[2019.12.07-21.07.11:853][  0]LogContentBrowser: Native class hierarchy updated for 'SceneOutliner' in 0.0004 seconds. Added 1 classes and 2 folders.
[2019.12.07-21.07.12:351][  0]LogSlate: Took 0.008105 seconds to synchronously load lazily loaded font '../../../Engine/Content/Slate/Fonts/Roboto-Regular.ttf' (155K)
[2019.12.07-21.07.12:407][  0]LogSlate: Took 0.052784 seconds to synchronously load lazily loaded font '../../../Engine/Content/Slate/Fonts/Roboto-Bold.ttf' (160K)
[2019.12.07-21.07.12:432][  0]LogSlate: Took 0.021598 seconds to synchronously load lazily loaded font '../../../Engine/Content/Editor/Slate/Fonts/FontAwesome.ttf' (139K)
[2019.12.07-21.07.12:837][  0]LogRenderer: Reallocating scene render targets to support 888x452 Format 10 NumSamples 1 (Frame:1).
[2019.12.07-21.07.13:273][  0]LogContentBrowser: Native class hierarchy updated for 'HierarchicalLODOutliner' in 0.0004 seconds. Added 0 classes and 0 folders.
[2019.12.07-21.07.13:273][  0]LogLoad: (Engine Initialization) Total time: 51.22 seconds
[2019.12.07-21.07.13:273][  0]LogLoad: (Engine Initialization) Total Blueprint compile time: 0.00 seconds
[2019.12.07-21.07.13:368][  0]LogAssetRegistry: Asset discovery search completed in 26.8611 seconds
[2019.12.07-21.07.13:371][  0]LogCollectionManager: Rebuilt the object cache for 0 collections in 0.000000 seconds (found 0 objects)
[2019.12.07-21.07.13:371][  0]LogCollectionManager: Fixed up redirectors for 0 collections in 0.000059 seconds (updated 0 objects)
[2019.12.07-21.07.13:388][  0]LogContentStreaming: Texture pool size now 1000 MB
[2019.12.07-21.07.13:456][  0]LogSlate: Took 0.029990 seconds to synchronously load lazily loaded font '../../../Engine/Content/Slate/Fonts/Roboto-Light.ttf' (167K)
[2019.12.07-21.07.14:316][ 45]LogSlate: Took 0.000242 seconds to synchronously load lazily loaded font '../../../Engine/Content/Slate/Fonts/Roboto-Light.ttf' (167K)
[2019.12.07-21.07.16:257][155]LogSlate: FSceneViewport::OnFocusLost() reason 0
[2019.12.07-21.07.16:340][160]LogTemp: Repeating last play command: Selected Viewport
[2019.12.07-21.07.16:352][160]LogBlueprintUserMessages: Early PlayInEditor Detection: Level '/Game/TwinStickCPP/Maps/TwinStickExampleMap.TwinStickExampleMap:PersistentLevel' has LevelScriptBlueprint '/Game/TwinStickCPP/Maps/TwinStickExampleMap.TwinStickExampleMap:PersistentLevel.TwinStickExampleMap' with GeneratedClass '/Game/TwinStickCPP/Maps/TwinStickExampleMap.TwinStickExampleMap_C' with ClassGeneratedBy '/Game/TwinStickCPP/Maps/TwinStickExampleMap.TwinStickExampleMap:PersistentLevel.TwinStickExampleMap'
[2019.12.07-21.07.16:353][160]LogPlayLevel: PlayLevel: No blueprints needed recompiling
[2019.12.07-21.07.16:379][160]PIE: New page: PIE session: TwinStickExampleMap (Dec 7, 2019, 11:07:16 AM)
[2019.12.07-21.07.16:393][160]LogPlayLevel: Creating play world package: /Game/TwinStickCPP/Maps/UEDPIE_0_TwinStickExampleMap
[2019.12.07-21.07.16:408][160]LogPlayLevel: PIE: StaticDuplicateObject took: (0.014758s)
[2019.12.07-21.07.16:409][160]LogAIModule: Creating AISystem for world TwinStickExampleMap
[2019.12.07-21.07.16:409][160]LogPlayLevel: PIE: World Init took: (0.001246s)
[2019.12.07-21.07.16:409][160]LogPlayLevel: PIE: Created PIE world by copying editor world from /Game/TwinStickCPP/Maps/TwinStickExampleMap.TwinStickExampleMap to /Game/TwinStickCPP/Maps/UEDPIE_0_TwinStickExampleMap.TwinStickExampleMap (0.016550s)
[2019.12.07-21.07.16:443][160]LogUObjectHash: Compacting FUObjectHashTables data took   1.59ms
[2019.12.07-21.07.16:459][160]LogInit: XAudio2 using 'Speakers (Realtek High Definition Audio)' : 6 channels at 48 kHz using 32 bits per sample (channel mask 0x3f)
[2019.12.07-21.07.16:551][160]LogInit: FAudioDevice initialized.
[2019.12.07-21.07.16:640][160]LogLoad: Game class is 'GameModeDefault_C'
[2019.12.07-21.07.16:649][160]LogWorld: Bringing World /Game/TwinStickCPP/Maps/UEDPIE_0_TwinStickExampleMap.TwinStickExampleMap up for play (max tick rate 60) at 2019.12.07-16.07.16
[2019.12.07-21.07.16:650][160]LogWorld: Bringing up level for play took: 0.004119
[2019.12.07-21.07.16:770][160]LogContentBrowser: Native class hierarchy updated for 'MovieSceneCapture' in 0.0004 seconds. Added 20 classes and 0 folders.
[2019.12.07-21.07.17:062][160]PIE: Play in editor start time for /Game/TwinStickCPP/Maps/UEDPIE_0_TwinStickExampleMap 0.154
[2019.12.07-21.07.17:063][160]LogBlueprintUserMessages: Late PlayInEditor Detection: Level '/Game/TwinStickCPP/Maps/TwinStickExampleMap.TwinStickExampleMap:PersistentLevel' has LevelScriptBlueprint '/Game/TwinStickCPP/Maps/TwinStickExampleMap.TwinStickExampleMap:PersistentLevel.TwinStickExampleMap' with GeneratedClass '/Game/TwinStickCPP/Maps/TwinStickExampleMap.TwinStickExampleMap_C' with ClassGeneratedBy '/Game/TwinStickCPP/Maps/TwinStickExampleMap.TwinStickExampleMap:PersistentLevel.TwinStickExampleMap'
[2019.12.07-21.07.23:782][512]LogScript: Warning: Runaway loop detected (over 1,000,000 iterations) - see log for stack trace
	PlayerGameplayHUD_C /Engine/Transient.UnrealEdEngine_0:GameInstance_0.PlayerGameplayHUD_C_0
	Function /Game/UI/PlayerGameplayHUD.PlayerGameplayHUD_C:UpdateLives:0026
[2019.12.07-21.07.23:782][512]PIE: Error: Infinite loop detected. Blueprint:  PlayerGameplayHUD Function:  UpdateLives Call Stack:  Show
[2019.12.07-21.07.24:383][512]LogScript: Warning: Runaway loop detected (over 1,000,000 iterations) - see log for stack trace
	PlayerPawn_BP_C /Game/TwinStickCPP/Maps/UEDPIE_0_TwinStickExampleMap.TwinStickExampleMap:PersistentLevel.PlayerPawn_BP_2
	Function /Game/Blueprints/PlayerBP/PlayerPawn_BP.PlayerPawn_BP_C:FireShotFromCurrentGun:0012
[2019.12.07-21.07.24:383][512]PIE: Error: Infinite loop detected. Blueprint:  PlayerPawn_BP Function:  Event Fire Shot from Current Gun Call Stack:  Show
[2019.12.07-21.07.24:965][512]LogScript: Warning: Runaway loop detected (over 1,000,000 iterations) - see log for stack trace
	PlayerPawn_BP_C /Game/TwinStickCPP/Maps/UEDPIE_0_TwinStickExampleMap.TwinStickExampleMap:PersistentLevel.PlayerPawn_BP_2
	Function /Game/Blueprints/PlayerBP/PlayerPawn_BP.PlayerPawn_BP_C:UpdatePlayerHUDStats:0108
[2019.12.07-21.07.24:965][512]PIE: Error: Infinite loop detected. Blueprint:  PlayerPawn_BP Function:  Cast To GameModeDefault Call Stack:  Show
[2019.12.07-21.07.25:549][512]LogScript: Warning: Runaway loop detected (over 1,000,000 iterations) - see log for stack trace
	PlayerPawn_BP_C /Game/TwinStickCPP/Maps/UEDPIE_0_TwinStickExampleMap.TwinStickExampleMap:PersistentLevel.PlayerPawn_BP_2
	Function /Game/Blueprints/PlayerBP/PlayerPawn_BP.PlayerPawn_BP_C:ExecuteUbergraph_PlayerPawn_BP:039D
[2019.12.07-21.07.25:549][512]PIE: Error: Infinite loop detected. Blueprint:  PlayerPawn_BP Function:  Event Fire Shot from Current Gun Call Stack:  Show
[2019.12.07-21.07.26:144][512]LogScript: Warning: Runaway loop detected (over 1,000,000 iterations) - see log for stack trace
	PlayerPawn_BP_C /Game/TwinStickCPP/Maps/UEDPIE_0_TwinStickExampleMap.TwinStickExampleMap:PersistentLevel.PlayerPawn_BP_2
	Function /Game/Blueprints/PlayerBP/PlayerPawn_BP.PlayerPawn_BP_C:UpdatePlayerHUDStats:0108
[2019.12.07-21.07.26:144][512]PIE: Error: Infinite loop detected. Blueprint:  PlayerPawn_BP Function:  Cast To GameModeDefault Call Stack:  Show
[2019.12.07-21.07.26:785][512]LogScript: Warning: Runaway loop detected (over 1,000,000 iterations) - see log for stack trace
	PlayerPawn_BP_C /Game/TwinStickCPP/Maps/UEDPIE_0_TwinStickExampleMap.TwinStickExampleMap:PersistentLevel.PlayerPawn_BP_2
	Function /Game/Blueprints/PlayerBP/PlayerPawn_BP.PlayerPawn_BP_C:ExecuteUbergraph_PlayerPawn_BP:039D
[2019.12.07-21.07.26:785][512]PIE: Error: Infinite loop detected. Blueprint:  PlayerPawn_BP Function:  Event Fire Shot from Current Gun Call Stack:  Show
[2019.12.07-21.07.27:434][512]LogScript: Warning: Runaway loop detected (over 1,000,000 iterations) - see log for stack trace
	PlayerPawn_BP_C /Game/TwinStickCPP/Maps/UEDPIE_0_TwinStickExampleMap.TwinStickExampleMap:PersistentLevel.PlayerPawn_BP_2
	Function /Game/Blueprints/PlayerBP/PlayerPawn_BP.PlayerPawn_BP_C:UpdatePlayerHUDStats:0108
[2019.12.07-21.07.27:435][512]PIE: Error: Infinite loop detected. Blueprint:  PlayerPawn_BP Function:  Cast To GameModeDefault Call Stack:  Show
[2019.12.07-21.07.28:088][512]LogScript: Warning: Runaway loop detected (over 1,000,000 iterations) - see log for stack trace
	PlayerPawn_BP_C /Game/TwinStickCPP/Maps/UEDPIE_0_TwinStickExampleMap.TwinStickExampleMap:PersistentLevel.PlayerPawn_BP_2
	Function /Game/Blueprints/PlayerBP/PlayerPawn_BP.PlayerPawn_BP_C:ExecuteUbergraph_PlayerPawn_BP:039D
[2019.12.07-21.07.28:088][512]PIE: Error: Infinite loop detected. Blueprint:  PlayerPawn_BP Function:  Event Fire Shot from Current Gun Call Stack:  Show
[2019.12.07-21.07.28:685][512]LogScript: Warning: Runaway loop detected (over 1,000,000 iterations) - see log for stack trace
	PlayerPawn_BP_C /Game/TwinStickCPP/Maps/UEDPIE_0_TwinStickExampleMap.TwinStickExampleMap:PersistentLevel.PlayerPawn_BP_2
	Function /Game/Blueprints/PlayerBP/PlayerPawn_BP.PlayerPawn_BP_C:UpdatePlayerHUDStats:0108
[2019.12.07-21.07.28:685][512]PIE: Error: Infinite loop detected. Blueprint:  PlayerPawn_BP Function:  Cast To GameModeDefault Call Stack:  Show
[2019.12.07-21.07.29:296][512]LogScript: Warning: Runaway loop detected (over 1,000,000 iterations) - see log for stack trace
	PlayerPawn_BP_C /Game/TwinStickCPP/Maps/UEDPIE_0_TwinStickExampleMap.TwinStickExampleMap:PersistentLevel.PlayerPawn_BP_2
	Function /Game/Blueprints/PlayerBP/PlayerPawn_BP.PlayerPawn_BP_C:ExecuteUbergraph_PlayerPawn_BP:039D
[2019.12.07-21.07.29:296][512]PIE: Error: Infinite loop detected. Blueprint:  PlayerPawn_BP Function:  Event Fire Shot from Current Gun Call Stack:  Show
[2019.12.07-21.07.29:904][512]LogScript: Warning: Runaway loop detected (over 1,000,000 iterations) - see log for stack trace
	PlayerPawn_BP_C /Game/TwinStickCPP/Maps/UEDPIE_0_TwinStickExampleMap.TwinStickExampleMap:PersistentLevel.PlayerPawn_BP_2
	Function /Game/Blueprints/PlayerBP/PlayerPawn_BP.PlayerPawn_BP_C:UpdatePlayerHUDStats:0108
[2019.12.07-21.07.29:904][512]PIE: Error: Infinite loop detected. Blueprint:  PlayerPawn_BP Function:  Cast To GameModeDefault Call Stack:  Show
[2019.12.07-21.07.30:494][512]LogScript: Warning: Runaway loop detected (over 1,000,000 iterations) - see log for stack trace
	PlayerPawn_BP_C /Game/TwinStickCPP/Maps/UEDPIE_0_TwinStickExampleMap.TwinStickExampleMap:PersistentLevel.PlayerPawn_BP_2
	Function /Game/Blueprints/PlayerBP/PlayerPawn_BP.PlayerPawn_BP_C:ExecuteUbergraph_PlayerPawn_BP:039D
[2019.12.07-21.07.30:494][512]PIE: Error: Infinite loop detected. Blueprint:  PlayerPawn_BP Function:  Event Fire Shot from Current Gun Call Stack:  Show
[2019.12.07-21.07.31:099][512]LogScript: Warning: Runaway loop detected (over 1,000,000 iterations) - see log for stack trace
	PlayerPawn_BP_C /Game/TwinStickCPP/Maps/UEDPIE_0_TwinStickExampleMap.TwinStickExampleMap:PersistentLevel.PlayerPawn_BP_2
	Function /Game/Blueprints/PlayerBP/PlayerPawn_BP.PlayerPawn_BP_C:UpdatePlayerHUDStats:0108
[2019.12.07-21.07.31:099][512]PIE: Error: Infinite loop detected. Blueprint:  PlayerPawn_BP Function:  Cast To GameModeDefault Call Stack:  Show
[2019.12.07-21.07.31:718][512]LogScript: Warning: Runaway loop detected (over 1,000,000 iterations) - see log for stack trace
	PlayerPawn_BP_C /Game/TwinStickCPP/Maps/UEDPIE_0_TwinStickExampleMap.TwinStickExampleMap:PersistentLevel.PlayerPawn_BP_2
	Function /Game/Blueprints/PlayerBP/PlayerPawn_BP.PlayerPawn_BP_C:ExecuteUbergraph_PlayerPawn_BP:039D
[2019.12.07-21.07.31:718][512]PIE: Error: Infinite loop detected. Blueprint:  PlayerPawn_BP Function:  Event Fire Shot from Current Gun Call Stack:  Show
[2019.12.07-21.07.32:341][512]LogScript: Warning: Runaway loop detected (over 1,000,000 iterations) - see log for stack trace
	PlayerPawn_BP_C /Game/TwinStickCPP/Maps/UEDPIE_0_TwinStickExampleMap.TwinStickExampleMap:PersistentLevel.PlayerPawn_BP_2
	Function /Game/Blueprints/PlayerBP/PlayerPawn_BP.PlayerPawn_BP_C:UpdatePlayerHUDStats:0108
[2019.12.07-21.07.32:341][512]PIE: Error: Infinite loop detected. Blueprint:  PlayerPawn_BP Function:  Cast To GameModeDefault Call Stack:  Show
[2019.12.07-21.07.32:944][512]LogScript: Warning: Runaway loop detected (over 1,000,000 iterations) - see log for stack trace
	PlayerPawn_BP_C /Game/TwinStickCPP/Maps/UEDPIE_0_TwinStickExampleMap.TwinStickExampleMap:PersistentLevel.PlayerPawn_BP_2
	Function /Game/Blueprints/PlayerBP/PlayerPawn_BP.PlayerPawn_BP_C:ExecuteUbergraph_PlayerPawn_BP:039D
[2019.12.07-21.07.32:944][512]PIE: Error: Infinite loop detected. Blueprint:  PlayerPawn_BP Function:  Event Fire Shot from Current Gun Call Stack:  Show
[2019.12.07-21.07.33:541][512]LogScript: Warning: Runaway loop detected (over 1,000,000 iterations) - see log for stack trace
	PlayerPawn_BP_C /Game/TwinStickCPP/Maps/UEDPIE_0_TwinStickExampleMap.TwinStickExampleMap:PersistentLevel.PlayerPawn_BP_2
	Function /Game/Blueprints/PlayerBP/PlayerPawn_BP.PlayerPawn_BP_C:UpdatePlayerHUDStats:0108
[2019.12.07-21.07.33:541][512]PIE: Error: Infinite loop detected. Blueprint:  PlayerPawn_BP Function:  Cast To GameModeDefault Call Stack:  Show
[2019.12.07-21.07.34:137][512]LogScript: Warning: Runaway loop detected (over 1,000,000 iterations) - see log for stack trace
	PlayerPawn_BP_C /Game/TwinStickCPP/Maps/UEDPIE_0_TwinStickExampleMap.TwinStickExampleMap:PersistentLevel.PlayerPawn_BP_2
	Function /Game/Blueprints/PlayerBP/PlayerPawn_BP.PlayerPawn_BP_C:ExecuteUbergraph_PlayerPawn_BP:039D
[2019.12.07-21.07.34:137][512]PIE: Error: Infinite loop detected. Blueprint:  PlayerPawn_BP Function:  Event Fire Shot from Current Gun Call Stack:  Show
[2019.12.07-21.07.34:774][512]LogScript: Warning: Runaway loop detected (over 1,000,000 iterations) - see log for stack trace
	PlayerPawn_BP_C /Game/TwinStickCPP/Maps/UEDPIE_0_TwinStickExampleMap.TwinStickExampleMap:PersistentLevel.PlayerPawn_BP_2
	Function /Game/Blueprints/PlayerBP/PlayerPawn_BP.PlayerPawn_BP_C:UpdatePlayerHUDStats:0108
[2019.12.07-21.07.34:774][512]PIE: Error: Infinite loop detected. Blueprint:  PlayerPawn_BP Function:  Cast To GameModeDefault Call Stack:  Show
[2019.12.07-21.07.35:453][512]LogScript: Warning: Runaway loop detected (over 1,000,000 iterations) - see log for stack trace
	PlayerPawn_BP_C /Game/TwinStickCPP/Maps/UEDPIE_0_TwinStickExampleMap.TwinStickExampleMap:PersistentLevel.PlayerPawn_BP_2
	Function /Game/Blueprints/PlayerBP/PlayerPawn_BP.PlayerPawn_BP_C:ExecuteUbergraph_PlayerPawn_BP:039D
[2019.12.07-21.07.35:453][512]PIE: Error: Infinite loop detected. Blueprint:  PlayerPawn_BP Function:  Event Fire Shot from Current Gun Call Stack:  Show
[2019.12.07-21.07.36:104][512]LogScript: Warning: Runaway loop detected (over 1,000,000 iterations) - see log for stack trace
	PlayerPawn_BP_C /Game/TwinStickCPP/Maps/UEDPIE_0_TwinStickExampleMap.TwinStickExampleMap:PersistentLevel.PlayerPawn_BP_2
	Function /Game/Blueprints/PlayerBP/PlayerPawn_BP.PlayerPawn_BP_C:UpdatePlayerHUDStats:0108
[2019.12.07-21.07.36:104][512]PIE: Error: Infinite loop detected. Blueprint:  PlayerPawn_BP Function:  Cast To GameModeDefault Call Stack:  Show
[2019.12.07-21.07.36:763][512]LogScript: Warning: Runaway loop detected (over 1,000,000 iterations) - see log for stack trace
	PlayerPawn_BP_C /Game/TwinStickCPP/Maps/UEDPIE_0_TwinStickExampleMap.TwinStickExampleMap:PersistentLevel.PlayerPawn_BP_2
	Function /Game/Blueprints/PlayerBP/PlayerPawn_BP.PlayerPawn_BP_C:ExecuteUbergraph_PlayerPawn_BP:039D
[2019.12.07-21.07.36:763][512]PIE: Error: Infinite loop detected. Blueprint:  PlayerPawn_BP Function:  Event Fire Shot from Current Gun Call Stack:  Show
[2019.12.07-21.07.37:397][512]LogScript: Warning: Runaway loop detected (over 1,000,000 iterations) - see log for stack trace
	PlayerPawn_BP_C /Game/TwinStickCPP/Maps/UEDPIE_0_TwinStickExampleMap.TwinStickExampleMap:PersistentLevel.PlayerPawn_BP_2
	Function /Game/Blueprints/PlayerBP/PlayerPawn_BP.PlayerPawn_BP_C:UpdatePlayerHUDStats:0108
[2019.12.07-21.07.37:397][512]PIE: Error: Infinite loop detected. Blueprint:  PlayerPawn_BP Function:  Cast To GameModeDefault Call Stack:  Show
[2019.12.07-21.07.38:075][512]LogScript: Warning: Runaway loop detected (over 1,000,000 iterations) - see log for stack trace
	PlayerPawn_BP_C /Game/TwinStickCPP/Maps/UEDPIE_0_TwinStickExampleMap.TwinStickExampleMap:PersistentLevel.PlayerPawn_BP_2
	Function /Game/Blueprints/PlayerBP/PlayerPawn_BP.PlayerPawn_BP_C:ExecuteUbergraph_PlayerPawn_BP:039D
[2019.12.07-21.07.38:075][512]PIE: Error: Infinite loop detected. Blueprint:  PlayerPawn_BP Function:  Event Fire Shot from Current Gun Call Stack:  Show
[2019.12.07-21.07.38:730][512]LogScript: Warning: Runaway loop detected (over 1,000,000 iterations) - see log for stack trace
	PlayerPawn_BP_C /Game/TwinStickCPP/Maps/UEDPIE_0_TwinStickExampleMap.TwinStickExampleMap:PersistentLevel.PlayerPawn_BP_2
	Function /Game/Blueprints/PlayerBP/PlayerPawn_BP.PlayerPawn_BP_C:UpdatePlayerHUDStats:0108
[2019.12.07-21.07.38:731][512]PIE: Error: Infinite loop detected. Blueprint:  PlayerPawn_BP Function:  Cast To GameModeDefault Call Stack:  Show
[2019.12.07-21.07.39:342][512]LogScript: Warning: Runaway loop detected (over 1,000,000 iterations) - see log for stack trace
	PlayerPawn_BP_C /Game/TwinStickCPP/Maps/UEDPIE_0_TwinStickExampleMap.TwinStickExampleMap:PersistentLevel.PlayerPawn_BP_2
	Function /Game/Blueprints/PlayerBP/PlayerPawn_BP.PlayerPawn_BP_C:ExecuteUbergraph_PlayerPawn_BP:039D
[2019.12.07-21.07.39:342][512]PIE: Error: Infinite loop detected. Blueprint:  PlayerPawn_BP Function:  Event Fire Shot from Current Gun Call Stack:  Show
[2019.12.07-21.07.39:992][512]LogScript: Warning: Runaway loop detected (over 1,000,000 iterations) - see log for stack trace
	PlayerPawn_BP_C /Game/TwinStickCPP/Maps/UEDPIE_0_TwinStickExampleMap.TwinStickExampleMap:PersistentLevel.PlayerPawn_BP_2
	Function /Game/Blueprints/PlayerBP/PlayerPawn_BP.PlayerPawn_BP_C:UpdatePlayerHUDStats:0108
[2019.12.07-21.07.39:992][512]PIE: Error: Infinite loop detected. Blueprint:  PlayerPawn_BP Function:  Cast To GameModeDefault Call Stack:  Show
[2019.12.07-21.07.40:661][512]LogScript: Warning: Runaway loop detected (over 1,000,000 iterations) - see log for stack trace
	PlayerPawn_BP_C /Game/TwinStickCPP/Maps/UEDPIE_0_TwinStickExampleMap.TwinStickExampleMap:PersistentLevel.PlayerPawn_BP_2
	Function /Game/Blueprints/PlayerBP/PlayerPawn_BP.PlayerPawn_BP_C:ExecuteUbergraph_PlayerPawn_BP:039D
[2019.12.07-21.07.40:661][512]PIE: Error: Infinite loop detected. Blueprint:  PlayerPawn_BP Function:  Event Fire Shot from Current Gun Call Stack:  Show
[2019.12.07-21.07.41:272][512]LogScript: Warning: Runaway loop detected (over 1,000,000 iterations) - see log for stack trace
	PlayerPawn_BP_C /Game/TwinStickCPP/Maps/UEDPIE_0_TwinStickExampleMap.TwinStickExampleMap:PersistentLevel.PlayerPawn_BP_2
	Function /Game/Blueprints/PlayerBP/PlayerPawn_BP.PlayerPawn_BP_C:UpdatePlayerHUDStats:0108
[2019.12.07-21.07.41:273][512]PIE: Error: Infinite loop detected. Blueprint:  PlayerPawn_BP Function:  Cast To GameModeDefault Call Stack:  Show
[2019.12.07-21.07.41:894][512]LogScript: Warning: Runaway loop detected (over 1,000,000 iterations) - see log for stack trace
	PlayerPawn_BP_C /Game/TwinStickCPP/Maps/UEDPIE_0_TwinStickExampleMap.TwinStickExampleMap:PersistentLevel.PlayerPawn_BP_2
	Function /Game/Blueprints/PlayerBP/PlayerPawn_BP.PlayerPawn_BP_C:ExecuteUbergraph_PlayerPawn_BP:039D
[2019.12.07-21.07.41:894][512]PIE: Error: Infinite loop detected. Blueprint:  PlayerPawn_BP Function:  Event Fire Shot from Current Gun Call Stack:  Show
[2019.12.07-21.07.42:478][512]LogScript: Warning: Runaway loop detected (over 1,000,000 iterations) - see log for stack trace
	PlayerPawn_BP_C /Game/TwinStickCPP/Maps/UEDPIE_0_TwinStickExampleMap.TwinStickExampleMap:PersistentLevel.PlayerPawn_BP_2
	Function /Game/Blueprints/PlayerBP/PlayerPawn_BP.PlayerPawn_BP_C:UpdatePlayerHUDStats:0108
[2019.12.07-21.07.42:478][512]PIE: Error: Infinite loop detected. Blueprint:  PlayerPawn_BP Function:  Cast To GameModeDefault Call Stack:  Show
[2019.12.07-21.07.43:051][512]LogScript: Warning: Runaway loop detected (over 1,000,000 iterations) - see log for stack trace
	PlayerPawn_BP_C /Game/TwinStickCPP/Maps/UEDPIE_0_TwinStickExampleMap.TwinStickExampleMap:PersistentLevel.PlayerPawn_BP_2
	Function /Game/Blueprints/PlayerBP/PlayerPawn_BP.PlayerPawn_BP_C:ExecuteUbergraph_PlayerPawn_BP:039D
[2019.12.07-21.07.43:051][512]PIE: Error: Infinite loop detected. Blueprint:  PlayerPawn_BP Function:  Event Fire Shot from Current Gun Call Stack:  Show
[2019.12.07-21.07.43:679][512]LogScript: Warning: Runaway loop detected (over 1,000,000 iterations) - see log for stack trace
	PlayerPawn_BP_C /Game/TwinStickCPP/Maps/UEDPIE_0_TwinStickExampleMap.TwinStickExampleMap:PersistentLevel.PlayerPawn_BP_2
	Function /Game/Blueprints/PlayerBP/PlayerPawn_BP.PlayerPawn_BP_C:UpdatePlayerHUDStats:0108
[2019.12.07-21.07.43:679][512]PIE: Error: Infinite loop detected. Blueprint:  PlayerPawn_BP Function:  Cast To GameModeDefault Call Stack:  Show
[2019.12.07-21.07.44:333][512]LogScript: Warning: Runaway loop detected (over 1,000,000 iterations) - see log for stack trace
	PlayerPawn_BP_C /Game/TwinStickCPP/Maps/UEDPIE_0_TwinStickExampleMap.TwinStickExampleMap:PersistentLevel.PlayerPawn_BP_2
	Function /Game/Blueprints/PlayerBP/PlayerPawn_BP.PlayerPawn_BP_C:ExecuteUbergraph_PlayerPawn_BP:039D
[2019.12.07-21.07.44:333][512]PIE: Error: Infinite loop detected. Blueprint:  PlayerPawn_BP Function:  Event Fire Shot from Current Gun Call Stack:  Show
[2019.12.07-21.07.44:974][512]LogScript: Warning: Runaway loop detected (over 1,000,000 iterations) - see log for stack trace
	PlayerPawn_BP_C /Game/TwinStickCPP/Maps/UEDPIE_0_TwinStickExampleMap.TwinStickExampleMap:PersistentLevel.PlayerPawn_BP_2
	Function /Game/Blueprints/PlayerBP/PlayerPawn_BP.PlayerPawn_BP_C:UpdatePlayerHUDStats:0108
[2019.12.07-21.07.44:974][512]PIE: Error: Infinite loop detected. Blueprint:  PlayerPawn_BP Function:  Cast To GameModeDefault Call Stack:  Show
[2019.12.07-21.07.45:612][512]LogScript: Warning: Runaway loop detected (over 1,000,000 iterations) - see log for stack trace
	PlayerPawn_BP_C /Game/TwinStickCPP/Maps/UEDPIE_0_TwinStickExampleMap.TwinStickExampleMap:PersistentLevel.PlayerPawn_BP_2
	Function /Game/Blueprints/PlayerBP/PlayerPawn_BP.PlayerPawn_BP_C:ExecuteUbergraph_PlayerPawn_BP:039D
[2019.12.07-21.07.45:612][512]PIE: Error: Infinite loop detected. Blueprint:  PlayerPawn_BP Function:  Event Fire Shot from Current Gun Call Stack:  Show
[2019.12.07-21.07.46:252][512]LogScript: Warning: Runaway loop detected (over 1,000,000 iterations) - see log for stack trace
	PlayerPawn_BP_C /Game/TwinStickCPP/Maps/UEDPIE_0_TwinStickExampleMap.TwinStickExampleMap:PersistentLevel.PlayerPawn_BP_2
	Function /Game/Blueprints/PlayerBP/PlayerPawn_BP.PlayerPawn_BP_C:UpdatePlayerHUDStats:0108
[2019.12.07-21.07.46:252][512]PIE: Error: Infinite loop detected. Blueprint:  PlayerPawn_BP Function:  Cast To GameModeDefault Call Stack:  Show
[2019.12.07-21.07.46:924][512]LogScript: Warning: Runaway loop detected (over 1,000,000 iterations) - see log for stack trace
	PlayerPawn_BP_C /Game/TwinStickCPP/Maps/UEDPIE_0_TwinStickExampleMap.TwinStickExampleMap:PersistentLevel.PlayerPawn_BP_2
	Function /Game/Blueprints/PlayerBP/PlayerPawn_BP.PlayerPawn_BP_C:ExecuteUbergraph_PlayerPawn_BP:039D
[2019.12.07-21.07.46:924][512]PIE: Error: Infinite loop detected. Blueprint:  PlayerPawn_BP Function:  Event Fire Shot from Current Gun Call Stack:  Show
[2019.12.07-21.07.47:533][512]LogScript: Warning: Runaway loop detected (over 1,000,000 iterations) - see log for stack trace
	PlayerPawn_BP_C /Game/TwinStickCPP/Maps/UEDPIE_0_TwinStickExampleMap.TwinStickExampleMap:PersistentLevel.PlayerPawn_BP_2
	Function /Game/Blueprints/PlayerBP/PlayerPawn_BP.PlayerPawn_BP_C:UpdatePlayerHUDStats:0108
[2019.12.07-21.07.47:533][512]PIE: Error: Infinite loop detected. Blueprint:  PlayerPawn_BP Function:  Cast To GameModeDefault Call Stack:  Show
[2019.12.07-21.07.48:128][512]LogScript: Warning: Runaway loop detected (over 1,000,000 iterations) - see log for stack trace
	PlayerPawn_BP_C /Game/TwinStickCPP/Maps/UEDPIE_0_TwinStickExampleMap.TwinStickExampleMap:PersistentLevel.PlayerPawn_BP_2
	Function /Game/Blueprints/PlayerBP/PlayerPawn_BP.PlayerPawn_BP_C:ExecuteUbergraph_PlayerPawn_BP:039D
[2019.12.07-21.07.48:128][512]PIE: Error: Infinite loop detected. Blueprint:  PlayerPawn_BP Function:  Event Fire Shot from Current Gun Call Stack:  Show
[2019.12.07-21.07.48:746][512]LogScript: Warning: Runaway loop detected (over 1,000,000 iterations) - see log for stack trace
	PlayerPawn_BP_C /Game/TwinStickCPP/Maps/UEDPIE_0_TwinStickExampleMap.TwinStickExampleMap:PersistentLevel.PlayerPawn_BP_2
	Function /Game/Blueprints/PlayerBP/PlayerPawn_BP.PlayerPawn_BP_C:UpdatePlayerHUDStats:0108
[2019.12.07-21.07.48:746][512]PIE: Error: Infinite loop detected. Blueprint:  PlayerPawn_BP Function:  Cast To GameModeDefault Call Stack:  Show
[2019.12.07-21.07.49:339][512]LogScript: Warning: Runaway loop detected (over 1,000,000 iterations) - see log for stack trace
	PlayerPawn_BP_C /Game/TwinStickCPP/Maps/UEDPIE_0_TwinStickExampleMap.TwinStickExampleMap:PersistentLevel.PlayerPawn_BP_2
	Function /Game/Blueprints/PlayerBP/PlayerPawn_BP.PlayerPawn_BP_C:ExecuteUbergraph_PlayerPawn_BP:039D
[2019.12.07-21.07.49:339][512]PIE: Error: Infinite loop detected. Blueprint:  PlayerPawn_BP Function:  Event Fire Shot from Current Gun Call Stack:  Show
[2019.12.07-21.07.49:989][512]LogScript: Warning: Runaway loop detected (over 1,000,000 iterations) - see log for stack trace
	PlayerPawn_BP_C /Game/TwinStickCPP/Maps/UEDPIE_0_TwinStickExampleMap.TwinStickExampleMap:PersistentLevel.PlayerPawn_BP_2
	Function /Game/Blueprints/PlayerBP/PlayerPawn_BP.PlayerPawn_BP_C:UpdatePlayerHUDStats:0108
[2019.12.07-21.07.49:989][512]PIE: Error: Infinite loop detected. Blueprint:  PlayerPawn_BP Function:  Cast To GameModeDefault Call Stack:  Show
[2019.12.07-21.07.50:653][512]LogScript: Warning: Runaway loop detected (over 1,000,000 iterations) - see log for stack trace
	PlayerPawn_BP_C /Game/TwinStickCPP/Maps/UEDPIE_0_TwinStickExampleMap.TwinStickExampleMap:PersistentLevel.PlayerPawn_BP_2
	Function /Game/Blueprints/PlayerBP/PlayerPawn_BP.PlayerPawn_BP_C:ExecuteUbergraph_PlayerPawn_BP:039D
[2019.12.07-21.07.50:653][512]PIE: Error: Infinite loop detected. Blueprint:  PlayerPawn_BP Function:  Event Fire Shot from Current Gun Call Stack:  Show
[2019.12.07-21.07.51:277][512]LogScript: Warning: Runaway loop detected (over 1,000,000 iterations) - see log for stack trace
	PlayerPawn_BP_C /Game/TwinStickCPP/Maps/UEDPIE_0_TwinStickExampleMap.TwinStickExampleMap:PersistentLevel.PlayerPawn_BP_2
	Function /Game/Blueprints/PlayerBP/PlayerPawn_BP.PlayerPawn_BP_C:UpdatePlayerHUDStats:0108
[2019.12.07-21.07.51:277][512]PIE: Error: Infinite loop detected. Blueprint:  PlayerPawn_BP Function:  Cast To GameModeDefault Call Stack:  Show
[2019.12.07-21.07.51:903][512]LogScript: Warning: Runaway loop detected (over 1,000,000 iterations) - see log for stack trace
	PlayerPawn_BP_C /Game/TwinStickCPP/Maps/UEDPIE_0_TwinStickExampleMap.TwinStickExampleMap:PersistentLevel.PlayerPawn_BP_2
	Function /Game/Blueprints/PlayerBP/PlayerPawn_BP.PlayerPawn_BP_C:ExecuteUbergraph_PlayerPawn_BP:039D
[2019.12.07-21.07.51:903][512]PIE: Error: Infinite loop detected. Blueprint:  PlayerPawn_BP Function:  Event Fire Shot from Current Gun Call Stack:  Show
[2019.12.07-21.07.52:532][512]LogScript: Warning: Runaway loop detected (over 1,000,000 iterations) - see log for stack trace
	PlayerPawn_BP_C /Game/TwinStickCPP/Maps/UEDPIE_0_TwinStickExampleMap.TwinStickExampleMap:PersistentLevel.PlayerPawn_BP_2
	Function /Game/Blueprints/PlayerBP/PlayerPawn_BP.PlayerPawn_BP_C:UpdatePlayerHUDStats:0108
[2019.12.07-21.07.52:532][512]PIE: Error: Infinite loop detected. Blueprint:  PlayerPawn_BP Function:  Cast To GameModeDefault Call Stack:  Show
[2019.12.07-21.07.53:190][512]LogScript: Warning: Runaway loop detected (over 1,000,000 iterations) - see log for stack trace
	PlayerPawn_BP_C /Game/TwinStickCPP/Maps/UEDPIE_0_TwinStickExampleMap.TwinStickExampleMap:PersistentLevel.PlayerPawn_BP_2
	Function /Game/Blueprints/PlayerBP/PlayerPawn_BP.PlayerPawn_BP_C:ExecuteUbergraph_PlayerPawn_BP:039D
[2019.12.07-21.07.53:190][512]PIE: Error: Infinite loop detected. Blueprint:  PlayerPawn_BP Function:  Event Fire Shot from Current Gun Call Stack:  Show
[2019.12.07-21.07.53:827][512]LogScript: Warning: Runaway loop detected (over 1,000,000 iterations) - see log for stack trace
	PlayerPawn_BP_C /Game/TwinStickCPP/Maps/UEDPIE_0_TwinStickExampleMap.TwinStickExampleMap:PersistentLevel.PlayerPawn_BP_2
	Function /Game/Blueprints/PlayerBP/PlayerPawn_BP.PlayerPawn_BP_C:UpdatePlayerHUDStats:0108
[2019.12.07-21.07.53:827][512]PIE: Error: Infinite loop detected. Blueprint:  PlayerPawn_BP Function:  Cast To GameModeDefault Call Stack:  Show
[2019.12.07-21.07.54:430][512]LogScript: Warning: Runaway loop detected (over 1,000,000 iterations) - see log for stack trace
	PlayerPawn_BP_C /Game/TwinStickCPP/Maps/UEDPIE_0_TwinStickExampleMap.TwinStickExampleMap:PersistentLevel.PlayerPawn_BP_2
	Function /Game/Blueprints/PlayerBP/PlayerPawn_BP.PlayerPawn_BP_C:ExecuteUbergraph_PlayerPawn_BP:039D
[2019.12.07-21.07.54:430][512]PIE: Error: Infinite loop detected. Blueprint:  PlayerPawn_BP Function:  Event Fire Shot from Current Gun Call Stack:  Show
[2019.12.07-21.07.55:071][512]LogScript: Warning: Runaway loop detected (over 1,000,000 iterations) - see log for stack trace
	PlayerPawn_BP_C /Game/TwinStickCPP/Maps/UEDPIE_0_TwinStickExampleMap.TwinStickExampleMap:PersistentLevel.PlayerPawn_BP_2
	Function /Game/Blueprints/PlayerBP/PlayerPawn_BP.PlayerPawn_BP_C:UpdatePlayerHUDStats:0108
[2019.12.07-21.07.55:071][512]PIE: Error: Infinite loop detected. Blueprint:  PlayerPawn_BP Function:  Cast To GameModeDefault Call Stack:  Show
[2019.12.07-21.07.55:752][512]LogScript: Warning: Runaway loop detected (over 1,000,000 iterations) - see log for stack trace
	PlayerPawn_BP_C /Game/TwinStickCPP/Maps/UEDPIE_0_TwinStickExampleMap.TwinStickExampleMap:PersistentLevel.PlayerPawn_BP_2
	Function /Game/Blueprints/PlayerBP/PlayerPawn_BP.PlayerPawn_BP_C:ExecuteUbergraph_PlayerPawn_BP:039D
[2019.12.07-21.07.55:753][512]PIE: Error: Infinite loop detected. Blueprint:  PlayerPawn_BP Function:  Event Fire Shot from Current Gun Call Stack:  Show
[2019.12.07-21.07.56:403][512]LogScript: Warning: Runaway loop detected (over 1,000,000 iterations) - see log for stack trace
	PlayerPawn_BP_C /Game/TwinStickCPP/Maps/UEDPIE_0_TwinStickExampleMap.TwinStickExampleMap:PersistentLevel.PlayerPawn_BP_2
	Function /Game/Blueprints/PlayerBP/PlayerPawn_BP.PlayerPawn_BP_C:UpdatePlayerHUDStats:0108
[2019.12.07-21.07.56:404][512]PIE: Error: Infinite loop detected. Blueprint:  PlayerPawn_BP Function:  Cast To GameModeDefault Call Stack:  Show
[2019.12.07-21.07.57:009][512]LogScript: Warning: Runaway loop detected (over 1,000,000 iterations) - see log for stack trace
	PlayerPawn_BP_C /Game/TwinStickCPP/Maps/UEDPIE_0_TwinStickExampleMap.TwinStickExampleMap:PersistentLevel.PlayerPawn_BP_2
	Function /Game/Blueprints/PlayerBP/PlayerPawn_BP.PlayerPawn_BP_C:ExecuteUbergraph_PlayerPawn_BP:039D
[2019.12.07-21.07.57:009][512]PIE: Error: Infinite loop detected. Blueprint:  PlayerPawn_BP Function:  Event Fire Shot from Current Gun Call Stack:  Show
[2019.12.07-21.07.57:666][512]LogScript: Warning: Runaway loop detected (over 1,000,000 iterations) - see log for stack trace
	PlayerPawn_BP_C /Game/TwinStickCPP/Maps/UEDPIE_0_TwinStickExampleMap.TwinStickExampleMap:PersistentLevel.PlayerPawn_BP_2
	Function /Game/Blueprints/PlayerBP/PlayerPawn_BP.PlayerPawn_BP_C:UpdatePlayerHUDStats:0108
[2019.12.07-21.07.57:666][512]PIE: Error: Infinite loop detected. Blueprint:  PlayerPawn_BP Function:  Cast To GameModeDefault Call Stack:  Show
[2019.12.07-21.07.58:330][512]LogScript: Warning: Runaway loop detected (over 1,000,000 iterations) - see log for stack trace
	PlayerPawn_BP_C /Game/TwinStickCPP/Maps/UEDPIE_0_TwinStickExampleMap.TwinStickExampleMap:PersistentLevel.PlayerPawn_BP_2
	Function /Game/Blueprints/PlayerBP/PlayerPawn_BP.PlayerPawn_BP_C:ExecuteUbergraph_PlayerPawn_BP:039D
[2019.12.07-21.07.58:330][512]PIE: Error: Infinite loop detected. Blueprint:  PlayerPawn_BP Function:  Event Fire Shot from Current Gun Call Stack:  Show
[2019.12.07-21.07.58:982][512]LogScript: Warning: Runaway loop detected (over 1,000,000 iterations) - see log for stack trace
	PlayerPawn_BP_C /Game/TwinStickCPP/Maps/UEDPIE_0_TwinStickExampleMap.TwinStickExampleMap:PersistentLevel.PlayerPawn_BP_2
	Function /Game/Blueprints/PlayerBP/PlayerPawn_BP.PlayerPawn_BP_C:UpdatePlayerHUDStats:0108
[2019.12.07-21.07.58:982][512]PIE: Error: Infinite loop detected. Blueprint:  PlayerPawn_BP Function:  Cast To GameModeDefault Call Stack:  Show
[2019.12.07-21.07.59:622][512]LogScript: Warning: Runaway loop detected (over 1,000,000 iterations) - see log for stack trace
	PlayerPawn_BP_C /Game/TwinStickCPP/Maps/UEDPIE_0_TwinStickExampleMap.TwinStickExampleMap:PersistentLevel.PlayerPawn_BP_2
	Function /Game/Blueprints/PlayerBP/PlayerPawn_BP.PlayerPawn_BP_C:ExecuteUbergraph_PlayerPawn_BP:039D
[2019.12.07-21.07.59:622][512]PIE: Error: Infinite loop detected. Blueprint:  PlayerPawn_BP Function:  Event Fire Shot from Current Gun Call Stack:  Show
[2019.12.07-21.08.00:257][512]LogScript: Warning: Runaway loop detected (over 1,000,000 iterations) - see log for stack trace
	PlayerPawn_BP_C /Game/TwinStickCPP/Maps/UEDPIE_0_TwinStickExampleMap.TwinStickExampleMap:PersistentLevel.PlayerPawn_BP_2
	Function /Game/Blueprints/PlayerBP/PlayerPawn_BP.PlayerPawn_BP_C:UpdatePlayerHUDStats:0108
[2019.12.07-21.08.00:257][512]PIE: Error: Infinite loop detected. Blueprint:  PlayerPawn_BP Function:  Cast To GameModeDefault Call Stack:  Show
[2019.12.07-21.08.00:863][512]LogScript: Warning: Runaway loop detected (over 1,000,000 iterations) - see log for stack trace
	PlayerPawn_BP_C /Game/TwinStickCPP/Maps/UEDPIE_0_TwinStickExampleMap.TwinStickExampleMap:PersistentLevel.PlayerPawn_BP_2
	Function /Game/Blueprints/PlayerBP/PlayerPawn_BP.PlayerPawn_BP_C:ExecuteUbergraph_PlayerPawn_BP:039D
[2019.12.07-21.08.00:863][512]PIE: Error: Infinite loop detected. Blueprint:  PlayerPawn_BP Function:  Event Fire Shot from Current Gun Call Stack:  Show
[2019.12.07-21.08.01:459][512]LogScript: Warning: Runaway loop detected (over 1,000,000 iterations) - see log for stack trace
	PlayerPawn_BP_C /Game/TwinStickCPP/Maps/UEDPIE_0_TwinStickExampleMap.TwinStickExampleMap:PersistentLevel.PlayerPawn_BP_2
	Function /Game/Blueprints/PlayerBP/PlayerPawn_BP.PlayerPawn_BP_C:UpdatePlayerHUDStats:0108
[2019.12.07-21.08.01:459][512]PIE: Error: Infinite loop detected. Blueprint:  PlayerPawn_BP Function:  Cast To GameModeDefault Call Stack:  Show
[2019.12.07-21.08.02:137][512]LogScript: Warning: Runaway loop detected (over 1,000,000 iterations) - see log for stack trace
	PlayerPawn_BP_C /Game/TwinStickCPP/Maps/UEDPIE_0_TwinStickExampleMap.TwinStickExampleMap:PersistentLevel.PlayerPawn_BP_2
	Function /Game/Blueprints/PlayerBP/PlayerPawn_BP.PlayerPawn_BP_C:ExecuteUbergraph_PlayerPawn_BP:039D
[2019.12.07-21.08.02:137][512]PIE: Error: Infinite loop detected. Blueprint:  PlayerPawn_BP Function:  Event Fire Shot from Current Gun Call Stack:  Show
[2019.12.07-21.08.02:776][512]LogScript: Warning: Runaway loop detected (over 1,000,000 iterations) - see log for stack trace
	PlayerPawn_BP_C /Game/TwinStickCPP/Maps/UEDPIE_0_TwinStickExampleMap.TwinStickExampleMap:PersistentLevel.PlayerPawn_BP_2
	Function /Game/Blueprints/PlayerBP/PlayerPawn_BP.PlayerPawn_BP_C:UpdatePlayerHUDStats:0108
[2019.12.07-21.08.02:776][512]PIE: Error: Infinite loop detected. Blueprint:  PlayerPawn_BP Function:  Cast To GameModeDefault Call Stack:  Show
[2019.12.07-21.08.03:379][512]LogScript: Warning: Runaway loop detected (over 1,000,000 iterations) - see log for stack trace
	PlayerPawn_BP_C /Game/TwinStickCPP/Maps/UEDPIE_0_TwinStickExampleMap.TwinStickExampleMap:PersistentLevel.PlayerPawn_BP_2
	Function /Game/Blueprints/PlayerBP/PlayerPawn_BP.PlayerPawn_BP_C:ExecuteUbergraph_PlayerPawn_BP:039D
[2019.12.07-21.08.03:379][512]PIE: Error: Infinite loop detected. Blueprint:  PlayerPawn_BP Function:  Event Fire Shot from Current Gun Call Stack:  Show
[2019.12.07-21.08.04:018][512]LogScript: Warning: Runaway loop detected (over 1,000,000 iterations) - see log for stack trace
	PlayerPawn_BP_C /Game/TwinStickCPP/Maps/UEDPIE_0_TwinStickExampleMap.TwinStickExampleMap:PersistentLevel.PlayerPawn_BP_2
	Function /Game/Blueprints/PlayerBP/PlayerPawn_BP.PlayerPawn_BP_C:UpdatePlayerHUDStats:0108
[2019.12.07-21.08.04:018][512]PIE: Error: Infinite loop detected. Blueprint:  PlayerPawn_BP Function:  Cast To GameModeDefault Call Stack:  Show
[2019.12.07-21.08.04:665][512]LogScript: Warning: Runaway loop detected (over 1,000,000 iterations) - see log for stack trace
	PlayerPawn_BP_C /Game/TwinStickCPP/Maps/UEDPIE_0_TwinStickExampleMap.TwinStickExampleMap:PersistentLevel.PlayerPawn_BP_2
	Function /Game/Blueprints/PlayerBP/PlayerPawn_BP.PlayerPawn_BP_C:ExecuteUbergraph_PlayerPawn_BP:039D
[2019.12.07-21.08.04:665][512]PIE: Error: Infinite loop detected. Blueprint:  PlayerPawn_BP Function:  Event Fire Shot from Current Gun Call Stack:  Show
